{"numTotalTestSuites":27,"numPassedTestSuites":7,"numFailedTestSuites":20,"numPendingTestSuites":0,"numTotalTests":49,"numPassedTests":21,"numFailedTests":28,"numPendingTests":0,"numTodoTests":0,"snapshot":{"added":0,"failure":false,"filesAdded":0,"filesRemoved":0,"filesRemovedList":[],"filesUnmatched":0,"filesUpdated":0,"matched":0,"total":0,"unchecked":0,"uncheckedKeysByFile":[],"unmatched":0,"updated":0,"didUpdate":false},"startTime":1754475030004,"success":false,"testResults":[{"assertionResults":[{"ancestorTitles":["AI Command","runCodebuffCLI"],"fullName":"AI Command runCodebuffCLI should execute codebuff with correct arguments","status":"failed","title":"should execute codebuff with correct arguments","duration":118.57820799999996,"failureMessages":["TypeError: runCodebuffCLI is not a function\n    at /Volumes/Development/Xaheen Enterprise/xaheen/packages/xaheen-cli/src/commands/ai.unit.test.ts:86:25\n    at file:///Volumes/Development/Xaheen%20Enterprise/xaheen/node_modules/.pnpm/vitest@2.1.9_@types+node@22.17.0_@vitest+ui@2.1.9_lightningcss@1.30.1_terser@5.16.9/node_modules/vitest/node_modules/@vitest/runner/dist/index.js:533:5\n    at runTest (file:///Volumes/Development/Xaheen%20Enterprise/xaheen/node_modules/.pnpm/vitest@2.1.9_@types+node@22.17.0_@vitest+ui@2.1.9_lightningcss@1.30.1_terser@5.16.9/node_modules/vitest/node_modules/@vitest/runner/dist/index.js:1056:11)\n    at runSuite (file:///Volumes/Development/Xaheen%20Enterprise/xaheen/node_modules/.pnpm/vitest@2.1.9_@types+node@22.17.0_@vitest+ui@2.1.9_lightningcss@1.30.1_terser@5.16.9/node_modules/vitest/node_modules/@vitest/runner/dist/index.js:1205:15)\n    at runSuite (file:///Volumes/Development/Xaheen%20Enterprise/xaheen/node_modules/.pnpm/vitest@2.1.9_@types+node@22.17.0_@vitest+ui@2.1.9_lightningcss@1.30.1_terser@5.16.9/node_modules/vitest/node_modules/@vitest/runner/dist/index.js:1205:15)\n    at runSuite (file:///Volumes/Development/Xaheen%20Enterprise/xaheen/node_modules/.pnpm/vitest@2.1.9_@types+node@22.17.0_@vitest+ui@2.1.9_lightningcss@1.30.1_terser@5.16.9/node_modules/vitest/node_modules/@vitest/runner/dist/index.js:1205:15)\n    at runFiles (file:///Volumes/Development/Xaheen%20Enterprise/xaheen/node_modules/.pnpm/vitest@2.1.9_@types+node@22.17.0_@vitest+ui@2.1.9_lightningcss@1.30.1_terser@5.16.9/node_modules/vitest/node_modules/@vitest/runner/dist/index.js:1262:5)\n    at startTests (file:///Volumes/Development/Xaheen%20Enterprise/xaheen/node_modules/.pnpm/vitest@2.1.9_@types+node@22.17.0_@vitest+ui@2.1.9_lightningcss@1.30.1_terser@5.16.9/node_modules/vitest/node_modules/@vitest/runner/dist/index.js:1271:3)\n    at file:///Volumes/Development/Xaheen%20Enterprise/xaheen/node_modules/.pnpm/vitest@2.1.9_@types+node@22.17.0_@vitest+ui@2.1.9_lightningcss@1.30.1_terser@5.16.9/node_modules/vitest/dist/chunks/runBaseTests.3qpJUEJM.js:126:11\n    at withEnv (file:///Volumes/Development/Xaheen%20Enterprise/xaheen/node_modules/.pnpm/vitest@2.1.9_@types+node@22.17.0_@vitest+ui@2.1.9_lightningcss@1.30.1_terser@5.16.9/node_modules/vitest/dist/chunks/runBaseTests.3qpJUEJM.js:90:5)","TypeError: runCodebuffCLI is not a function\n    at /Volumes/Development/Xaheen Enterprise/xaheen/packages/xaheen-cli/src/commands/ai.unit.test.ts:86:25\n    at file:///Volumes/Development/Xaheen%20Enterprise/xaheen/node_modules/.pnpm/vitest@2.1.9_@types+node@22.17.0_@vitest+ui@2.1.9_lightningcss@1.30.1_terser@5.16.9/node_modules/vitest/node_modules/@vitest/runner/dist/index.js:533:5\n    at runTest (file:///Volumes/Development/Xaheen%20Enterprise/xaheen/node_modules/.pnpm/vitest@2.1.9_@types+node@22.17.0_@vitest+ui@2.1.9_lightningcss@1.30.1_terser@5.16.9/node_modules/vitest/node_modules/@vitest/runner/dist/index.js:1056:11)\n    at runSuite (file:///Volumes/Development/Xaheen%20Enterprise/xaheen/node_modules/.pnpm/vitest@2.1.9_@types+node@22.17.0_@vitest+ui@2.1.9_lightningcss@1.30.1_terser@5.16.9/node_modules/vitest/node_modules/@vitest/runner/dist/index.js:1205:15)\n    at runSuite (file:///Volumes/Development/Xaheen%20Enterprise/xaheen/node_modules/.pnpm/vitest@2.1.9_@types+node@22.17.0_@vitest+ui@2.1.9_lightningcss@1.30.1_terser@5.16.9/node_modules/vitest/node_modules/@vitest/runner/dist/index.js:1205:15)\n    at runSuite (file:///Volumes/Development/Xaheen%20Enterprise/xaheen/node_modules/.pnpm/vitest@2.1.9_@types+node@22.17.0_@vitest+ui@2.1.9_lightningcss@1.30.1_terser@5.16.9/node_modules/vitest/node_modules/@vitest/runner/dist/index.js:1205:15)\n    at runFiles (file:///Volumes/Development/Xaheen%20Enterprise/xaheen/node_modules/.pnpm/vitest@2.1.9_@types+node@22.17.0_@vitest+ui@2.1.9_lightningcss@1.30.1_terser@5.16.9/node_modules/vitest/node_modules/@vitest/runner/dist/index.js:1262:5)\n    at startTests (file:///Volumes/Development/Xaheen%20Enterprise/xaheen/node_modules/.pnpm/vitest@2.1.9_@types+node@22.17.0_@vitest+ui@2.1.9_lightningcss@1.30.1_terser@5.16.9/node_modules/vitest/node_modules/@vitest/runner/dist/index.js:1271:3)\n    at file:///Volumes/Development/Xaheen%20Enterprise/xaheen/node_modules/.pnpm/vitest@2.1.9_@types+node@22.17.0_@vitest+ui@2.1.9_lightningcss@1.30.1_terser@5.16.9/node_modules/vitest/dist/chunks/runBaseTests.3qpJUEJM.js:126:11\n    at withEnv (file:///Volumes/Development/Xaheen%20Enterprise/xaheen/node_modules/.pnpm/vitest@2.1.9_@types+node@22.17.0_@vitest+ui@2.1.9_lightningcss@1.30.1_terser@5.16.9/node_modules/vitest/dist/chunks/runBaseTests.3qpJUEJM.js:90:5)","TypeError: runCodebuffCLI is not a function\n    at /Volumes/Development/Xaheen Enterprise/xaheen/packages/xaheen-cli/src/commands/ai.unit.test.ts:86:25\n    at file:///Volumes/Development/Xaheen%20Enterprise/xaheen/node_modules/.pnpm/vitest@2.1.9_@types+node@22.17.0_@vitest+ui@2.1.9_lightningcss@1.30.1_terser@5.16.9/node_modules/vitest/node_modules/@vitest/runner/dist/index.js:533:5\n    at runTest (file:///Volumes/Development/Xaheen%20Enterprise/xaheen/node_modules/.pnpm/vitest@2.1.9_@types+node@22.17.0_@vitest+ui@2.1.9_lightningcss@1.30.1_terser@5.16.9/node_modules/vitest/node_modules/@vitest/runner/dist/index.js:1056:11)\n    at runSuite (file:///Volumes/Development/Xaheen%20Enterprise/xaheen/node_modules/.pnpm/vitest@2.1.9_@types+node@22.17.0_@vitest+ui@2.1.9_lightningcss@1.30.1_terser@5.16.9/node_modules/vitest/node_modules/@vitest/runner/dist/index.js:1205:15)\n    at runSuite (file:///Volumes/Development/Xaheen%20Enterprise/xaheen/node_modules/.pnpm/vitest@2.1.9_@types+node@22.17.0_@vitest+ui@2.1.9_lightningcss@1.30.1_terser@5.16.9/node_modules/vitest/node_modules/@vitest/runner/dist/index.js:1205:15)\n    at runSuite (file:///Volumes/Development/Xaheen%20Enterprise/xaheen/node_modules/.pnpm/vitest@2.1.9_@types+node@22.17.0_@vitest+ui@2.1.9_lightningcss@1.30.1_terser@5.16.9/node_modules/vitest/node_modules/@vitest/runner/dist/index.js:1205:15)\n    at runFiles (file:///Volumes/Development/Xaheen%20Enterprise/xaheen/node_modules/.pnpm/vitest@2.1.9_@types+node@22.17.0_@vitest+ui@2.1.9_lightningcss@1.30.1_terser@5.16.9/node_modules/vitest/node_modules/@vitest/runner/dist/index.js:1262:5)\n    at startTests (file:///Volumes/Development/Xaheen%20Enterprise/xaheen/node_modules/.pnpm/vitest@2.1.9_@types+node@22.17.0_@vitest+ui@2.1.9_lightningcss@1.30.1_terser@5.16.9/node_modules/vitest/node_modules/@vitest/runner/dist/index.js:1271:3)\n    at file:///Volumes/Development/Xaheen%20Enterprise/xaheen/node_modules/.pnpm/vitest@2.1.9_@types+node@22.17.0_@vitest+ui@2.1.9_lightningcss@1.30.1_terser@5.16.9/node_modules/vitest/dist/chunks/runBaseTests.3qpJUEJM.js:126:11\n    at withEnv (file:///Volumes/Development/Xaheen%20Enterprise/xaheen/node_modules/.pnpm/vitest@2.1.9_@types+node@22.17.0_@vitest+ui@2.1.9_lightningcss@1.30.1_terser@5.16.9/node_modules/vitest/dist/chunks/runBaseTests.3qpJUEJM.js:90:5)"],"location":{"line":62,"column":3},"meta":{}},{"ancestorTitles":["AI Command","runCodebuffCLI"],"fullName":"AI Command runCodebuffCLI should handle codebuff execution errors","status":"failed","title":"should handle codebuff execution errors","duration":0.7052499999999782,"failureMessages":["TypeError: runCodebuffCLI is not a function\n    at /Volumes/Development/Xaheen Enterprise/xaheen/packages/xaheen-cli/src/commands/ai.unit.test.ts:126:5\n    at file:///Volumes/Development/Xaheen%20Enterprise/xaheen/node_modules/.pnpm/vitest@2.1.9_@types+node@22.17.0_@vitest+ui@2.1.9_lightningcss@1.30.1_terser@5.16.9/node_modules/vitest/node_modules/@vitest/runner/dist/index.js:533:5\n    at runTest (file:///Volumes/Development/Xaheen%20Enterprise/xaheen/node_modules/.pnpm/vitest@2.1.9_@types+node@22.17.0_@vitest+ui@2.1.9_lightningcss@1.30.1_terser@5.16.9/node_modules/vitest/node_modules/@vitest/runner/dist/index.js:1056:11)\n    at runSuite (file:///Volumes/Development/Xaheen%20Enterprise/xaheen/node_modules/.pnpm/vitest@2.1.9_@types+node@22.17.0_@vitest+ui@2.1.9_lightningcss@1.30.1_terser@5.16.9/node_modules/vitest/node_modules/@vitest/runner/dist/index.js:1205:15)\n    at runSuite (file:///Volumes/Development/Xaheen%20Enterprise/xaheen/node_modules/.pnpm/vitest@2.1.9_@types+node@22.17.0_@vitest+ui@2.1.9_lightningcss@1.30.1_terser@5.16.9/node_modules/vitest/node_modules/@vitest/runner/dist/index.js:1205:15)\n    at runSuite (file:///Volumes/Development/Xaheen%20Enterprise/xaheen/node_modules/.pnpm/vitest@2.1.9_@types+node@22.17.0_@vitest+ui@2.1.9_lightningcss@1.30.1_terser@5.16.9/node_modules/vitest/node_modules/@vitest/runner/dist/index.js:1205:15)\n    at runFiles (file:///Volumes/Development/Xaheen%20Enterprise/xaheen/node_modules/.pnpm/vitest@2.1.9_@types+node@22.17.0_@vitest+ui@2.1.9_lightningcss@1.30.1_terser@5.16.9/node_modules/vitest/node_modules/@vitest/runner/dist/index.js:1262:5)\n    at startTests (file:///Volumes/Development/Xaheen%20Enterprise/xaheen/node_modules/.pnpm/vitest@2.1.9_@types+node@22.17.0_@vitest+ui@2.1.9_lightningcss@1.30.1_terser@5.16.9/node_modules/vitest/node_modules/@vitest/runner/dist/index.js:1271:3)\n    at file:///Volumes/Development/Xaheen%20Enterprise/xaheen/node_modules/.pnpm/vitest@2.1.9_@types+node@22.17.0_@vitest+ui@2.1.9_lightningcss@1.30.1_terser@5.16.9/node_modules/vitest/dist/chunks/runBaseTests.3qpJUEJM.js:126:11\n    at withEnv (file:///Volumes/Development/Xaheen%20Enterprise/xaheen/node_modules/.pnpm/vitest@2.1.9_@types+node@22.17.0_@vitest+ui@2.1.9_lightningcss@1.30.1_terser@5.16.9/node_modules/vitest/dist/chunks/runBaseTests.3qpJUEJM.js:90:5)","TypeError: runCodebuffCLI is not a function\n    at /Volumes/Development/Xaheen Enterprise/xaheen/packages/xaheen-cli/src/commands/ai.unit.test.ts:126:5\n    at file:///Volumes/Development/Xaheen%20Enterprise/xaheen/node_modules/.pnpm/vitest@2.1.9_@types+node@22.17.0_@vitest+ui@2.1.9_lightningcss@1.30.1_terser@5.16.9/node_modules/vitest/node_modules/@vitest/runner/dist/index.js:533:5\n    at runTest (file:///Volumes/Development/Xaheen%20Enterprise/xaheen/node_modules/.pnpm/vitest@2.1.9_@types+node@22.17.0_@vitest+ui@2.1.9_lightningcss@1.30.1_terser@5.16.9/node_modules/vitest/node_modules/@vitest/runner/dist/index.js:1056:11)\n    at runSuite (file:///Volumes/Development/Xaheen%20Enterprise/xaheen/node_modules/.pnpm/vitest@2.1.9_@types+node@22.17.0_@vitest+ui@2.1.9_lightningcss@1.30.1_terser@5.16.9/node_modules/vitest/node_modules/@vitest/runner/dist/index.js:1205:15)\n    at runSuite (file:///Volumes/Development/Xaheen%20Enterprise/xaheen/node_modules/.pnpm/vitest@2.1.9_@types+node@22.17.0_@vitest+ui@2.1.9_lightningcss@1.30.1_terser@5.16.9/node_modules/vitest/node_modules/@vitest/runner/dist/index.js:1205:15)\n    at runSuite (file:///Volumes/Development/Xaheen%20Enterprise/xaheen/node_modules/.pnpm/vitest@2.1.9_@types+node@22.17.0_@vitest+ui@2.1.9_lightningcss@1.30.1_terser@5.16.9/node_modules/vitest/node_modules/@vitest/runner/dist/index.js:1205:15)\n    at runFiles (file:///Volumes/Development/Xaheen%20Enterprise/xaheen/node_modules/.pnpm/vitest@2.1.9_@types+node@22.17.0_@vitest+ui@2.1.9_lightningcss@1.30.1_terser@5.16.9/node_modules/vitest/node_modules/@vitest/runner/dist/index.js:1262:5)\n    at startTests (file:///Volumes/Development/Xaheen%20Enterprise/xaheen/node_modules/.pnpm/vitest@2.1.9_@types+node@22.17.0_@vitest+ui@2.1.9_lightningcss@1.30.1_terser@5.16.9/node_modules/vitest/node_modules/@vitest/runner/dist/index.js:1271:3)\n    at file:///Volumes/Development/Xaheen%20Enterprise/xaheen/node_modules/.pnpm/vitest@2.1.9_@types+node@22.17.0_@vitest+ui@2.1.9_lightningcss@1.30.1_terser@5.16.9/node_modules/vitest/dist/chunks/runBaseTests.3qpJUEJM.js:126:11\n    at withEnv (file:///Volumes/Development/Xaheen%20Enterprise/xaheen/node_modules/.pnpm/vitest@2.1.9_@types+node@22.17.0_@vitest+ui@2.1.9_lightningcss@1.30.1_terser@5.16.9/node_modules/vitest/dist/chunks/runBaseTests.3qpJUEJM.js:90:5)","TypeError: runCodebuffCLI is not a function\n    at /Volumes/Development/Xaheen Enterprise/xaheen/packages/xaheen-cli/src/commands/ai.unit.test.ts:126:5\n    at file:///Volumes/Development/Xaheen%20Enterprise/xaheen/node_modules/.pnpm/vitest@2.1.9_@types+node@22.17.0_@vitest+ui@2.1.9_lightningcss@1.30.1_terser@5.16.9/node_modules/vitest/node_modules/@vitest/runner/dist/index.js:533:5\n    at runTest (file:///Volumes/Development/Xaheen%20Enterprise/xaheen/node_modules/.pnpm/vitest@2.1.9_@types+node@22.17.0_@vitest+ui@2.1.9_lightningcss@1.30.1_terser@5.16.9/node_modules/vitest/node_modules/@vitest/runner/dist/index.js:1056:11)\n    at runSuite (file:///Volumes/Development/Xaheen%20Enterprise/xaheen/node_modules/.pnpm/vitest@2.1.9_@types+node@22.17.0_@vitest+ui@2.1.9_lightningcss@1.30.1_terser@5.16.9/node_modules/vitest/node_modules/@vitest/runner/dist/index.js:1205:15)\n    at runSuite (file:///Volumes/Development/Xaheen%20Enterprise/xaheen/node_modules/.pnpm/vitest@2.1.9_@types+node@22.17.0_@vitest+ui@2.1.9_lightningcss@1.30.1_terser@5.16.9/node_modules/vitest/node_modules/@vitest/runner/dist/index.js:1205:15)\n    at runSuite (file:///Volumes/Development/Xaheen%20Enterprise/xaheen/node_modules/.pnpm/vitest@2.1.9_@types+node@22.17.0_@vitest+ui@2.1.9_lightningcss@1.30.1_terser@5.16.9/node_modules/vitest/node_modules/@vitest/runner/dist/index.js:1205:15)\n    at runFiles (file:///Volumes/Development/Xaheen%20Enterprise/xaheen/node_modules/.pnpm/vitest@2.1.9_@types+node@22.17.0_@vitest+ui@2.1.9_lightningcss@1.30.1_terser@5.16.9/node_modules/vitest/node_modules/@vitest/runner/dist/index.js:1262:5)\n    at startTests (file:///Volumes/Development/Xaheen%20Enterprise/xaheen/node_modules/.pnpm/vitest@2.1.9_@types+node@22.17.0_@vitest+ui@2.1.9_lightningcss@1.30.1_terser@5.16.9/node_modules/vitest/node_modules/@vitest/runner/dist/index.js:1271:3)\n    at file:///Volumes/Development/Xaheen%20Enterprise/xaheen/node_modules/.pnpm/vitest@2.1.9_@types+node@22.17.0_@vitest+ui@2.1.9_lightningcss@1.30.1_terser@5.16.9/node_modules/vitest/dist/chunks/runBaseTests.3qpJUEJM.js:126:11\n    at withEnv (file:///Volumes/Development/Xaheen%20Enterprise/xaheen/node_modules/.pnpm/vitest@2.1.9_@types+node@22.17.0_@vitest+ui@2.1.9_lightningcss@1.30.1_terser@5.16.9/node_modules/vitest/dist/chunks/runBaseTests.3qpJUEJM.js:90:5)"],"location":{"line":104,"column":3},"meta":{}},{"ancestorTitles":["AI Command","runCodebuffCLI"],"fullName":"AI Command runCodebuffCLI should set model environment variable","status":"failed","title":"should set model environment variable","duration":0.5891249999999673,"failureMessages":["TypeError: runCodebuffCLI is not a function\n    at /Volumes/Development/Xaheen Enterprise/xaheen/packages/xaheen-cli/src/commands/ai.unit.test.ts:147:10\n    at file:///Volumes/Development/Xaheen%20Enterprise/xaheen/node_modules/.pnpm/vitest@2.1.9_@types+node@22.17.0_@vitest+ui@2.1.9_lightningcss@1.30.1_terser@5.16.9/node_modules/vitest/node_modules/@vitest/runner/dist/index.js:533:5\n    at runTest (file:///Volumes/Development/Xaheen%20Enterprise/xaheen/node_modules/.pnpm/vitest@2.1.9_@types+node@22.17.0_@vitest+ui@2.1.9_lightningcss@1.30.1_terser@5.16.9/node_modules/vitest/node_modules/@vitest/runner/dist/index.js:1056:11)\n    at runSuite (file:///Volumes/Development/Xaheen%20Enterprise/xaheen/node_modules/.pnpm/vitest@2.1.9_@types+node@22.17.0_@vitest+ui@2.1.9_lightningcss@1.30.1_terser@5.16.9/node_modules/vitest/node_modules/@vitest/runner/dist/index.js:1205:15)\n    at runSuite (file:///Volumes/Development/Xaheen%20Enterprise/xaheen/node_modules/.pnpm/vitest@2.1.9_@types+node@22.17.0_@vitest+ui@2.1.9_lightningcss@1.30.1_terser@5.16.9/node_modules/vitest/node_modules/@vitest/runner/dist/index.js:1205:15)\n    at runSuite (file:///Volumes/Development/Xaheen%20Enterprise/xaheen/node_modules/.pnpm/vitest@2.1.9_@types+node@22.17.0_@vitest+ui@2.1.9_lightningcss@1.30.1_terser@5.16.9/node_modules/vitest/node_modules/@vitest/runner/dist/index.js:1205:15)\n    at runFiles (file:///Volumes/Development/Xaheen%20Enterprise/xaheen/node_modules/.pnpm/vitest@2.1.9_@types+node@22.17.0_@vitest+ui@2.1.9_lightningcss@1.30.1_terser@5.16.9/node_modules/vitest/node_modules/@vitest/runner/dist/index.js:1262:5)\n    at startTests (file:///Volumes/Development/Xaheen%20Enterprise/xaheen/node_modules/.pnpm/vitest@2.1.9_@types+node@22.17.0_@vitest+ui@2.1.9_lightningcss@1.30.1_terser@5.16.9/node_modules/vitest/node_modules/@vitest/runner/dist/index.js:1271:3)\n    at file:///Volumes/Development/Xaheen%20Enterprise/xaheen/node_modules/.pnpm/vitest@2.1.9_@types+node@22.17.0_@vitest+ui@2.1.9_lightningcss@1.30.1_terser@5.16.9/node_modules/vitest/dist/chunks/runBaseTests.3qpJUEJM.js:126:11\n    at withEnv (file:///Volumes/Development/Xaheen%20Enterprise/xaheen/node_modules/.pnpm/vitest@2.1.9_@types+node@22.17.0_@vitest+ui@2.1.9_lightningcss@1.30.1_terser@5.16.9/node_modules/vitest/dist/chunks/runBaseTests.3qpJUEJM.js:90:5)","TypeError: runCodebuffCLI is not a function\n    at /Volumes/Development/Xaheen Enterprise/xaheen/packages/xaheen-cli/src/commands/ai.unit.test.ts:147:10\n    at file:///Volumes/Development/Xaheen%20Enterprise/xaheen/node_modules/.pnpm/vitest@2.1.9_@types+node@22.17.0_@vitest+ui@2.1.9_lightningcss@1.30.1_terser@5.16.9/node_modules/vitest/node_modules/@vitest/runner/dist/index.js:533:5\n    at runTest (file:///Volumes/Development/Xaheen%20Enterprise/xaheen/node_modules/.pnpm/vitest@2.1.9_@types+node@22.17.0_@vitest+ui@2.1.9_lightningcss@1.30.1_terser@5.16.9/node_modules/vitest/node_modules/@vitest/runner/dist/index.js:1056:11)\n    at runSuite (file:///Volumes/Development/Xaheen%20Enterprise/xaheen/node_modules/.pnpm/vitest@2.1.9_@types+node@22.17.0_@vitest+ui@2.1.9_lightningcss@1.30.1_terser@5.16.9/node_modules/vitest/node_modules/@vitest/runner/dist/index.js:1205:15)\n    at runSuite (file:///Volumes/Development/Xaheen%20Enterprise/xaheen/node_modules/.pnpm/vitest@2.1.9_@types+node@22.17.0_@vitest+ui@2.1.9_lightningcss@1.30.1_terser@5.16.9/node_modules/vitest/node_modules/@vitest/runner/dist/index.js:1205:15)\n    at runSuite (file:///Volumes/Development/Xaheen%20Enterprise/xaheen/node_modules/.pnpm/vitest@2.1.9_@types+node@22.17.0_@vitest+ui@2.1.9_lightningcss@1.30.1_terser@5.16.9/node_modules/vitest/node_modules/@vitest/runner/dist/index.js:1205:15)\n    at runFiles (file:///Volumes/Development/Xaheen%20Enterprise/xaheen/node_modules/.pnpm/vitest@2.1.9_@types+node@22.17.0_@vitest+ui@2.1.9_lightningcss@1.30.1_terser@5.16.9/node_modules/vitest/node_modules/@vitest/runner/dist/index.js:1262:5)\n    at startTests (file:///Volumes/Development/Xaheen%20Enterprise/xaheen/node_modules/.pnpm/vitest@2.1.9_@types+node@22.17.0_@vitest+ui@2.1.9_lightningcss@1.30.1_terser@5.16.9/node_modules/vitest/node_modules/@vitest/runner/dist/index.js:1271:3)\n    at file:///Volumes/Development/Xaheen%20Enterprise/xaheen/node_modules/.pnpm/vitest@2.1.9_@types+node@22.17.0_@vitest+ui@2.1.9_lightningcss@1.30.1_terser@5.16.9/node_modules/vitest/dist/chunks/runBaseTests.3qpJUEJM.js:126:11\n    at withEnv (file:///Volumes/Development/Xaheen%20Enterprise/xaheen/node_modules/.pnpm/vitest@2.1.9_@types+node@22.17.0_@vitest+ui@2.1.9_lightningcss@1.30.1_terser@5.16.9/node_modules/vitest/dist/chunks/runBaseTests.3qpJUEJM.js:90:5)","TypeError: runCodebuffCLI is not a function\n    at /Volumes/Development/Xaheen Enterprise/xaheen/packages/xaheen-cli/src/commands/ai.unit.test.ts:147:10\n    at file:///Volumes/Development/Xaheen%20Enterprise/xaheen/node_modules/.pnpm/vitest@2.1.9_@types+node@22.17.0_@vitest+ui@2.1.9_lightningcss@1.30.1_terser@5.16.9/node_modules/vitest/node_modules/@vitest/runner/dist/index.js:533:5\n    at runTest (file:///Volumes/Development/Xaheen%20Enterprise/xaheen/node_modules/.pnpm/vitest@2.1.9_@types+node@22.17.0_@vitest+ui@2.1.9_lightningcss@1.30.1_terser@5.16.9/node_modules/vitest/node_modules/@vitest/runner/dist/index.js:1056:11)\n    at runSuite (file:///Volumes/Development/Xaheen%20Enterprise/xaheen/node_modules/.pnpm/vitest@2.1.9_@types+node@22.17.0_@vitest+ui@2.1.9_lightningcss@1.30.1_terser@5.16.9/node_modules/vitest/node_modules/@vitest/runner/dist/index.js:1205:15)\n    at runSuite (file:///Volumes/Development/Xaheen%20Enterprise/xaheen/node_modules/.pnpm/vitest@2.1.9_@types+node@22.17.0_@vitest+ui@2.1.9_lightningcss@1.30.1_terser@5.16.9/node_modules/vitest/node_modules/@vitest/runner/dist/index.js:1205:15)\n    at runSuite (file:///Volumes/Development/Xaheen%20Enterprise/xaheen/node_modules/.pnpm/vitest@2.1.9_@types+node@22.17.0_@vitest+ui@2.1.9_lightningcss@1.30.1_terser@5.16.9/node_modules/vitest/node_modules/@vitest/runner/dist/index.js:1205:15)\n    at runFiles (file:///Volumes/Development/Xaheen%20Enterprise/xaheen/node_modules/.pnpm/vitest@2.1.9_@types+node@22.17.0_@vitest+ui@2.1.9_lightningcss@1.30.1_terser@5.16.9/node_modules/vitest/node_modules/@vitest/runner/dist/index.js:1262:5)\n    at startTests (file:///Volumes/Development/Xaheen%20Enterprise/xaheen/node_modules/.pnpm/vitest@2.1.9_@types+node@22.17.0_@vitest+ui@2.1.9_lightningcss@1.30.1_terser@5.16.9/node_modules/vitest/node_modules/@vitest/runner/dist/index.js:1271:3)\n    at file:///Volumes/Development/Xaheen%20Enterprise/xaheen/node_modules/.pnpm/vitest@2.1.9_@types+node@22.17.0_@vitest+ui@2.1.9_lightningcss@1.30.1_terser@5.16.9/node_modules/vitest/dist/chunks/runBaseTests.3qpJUEJM.js:126:11\n    at withEnv (file:///Volumes/Development/Xaheen%20Enterprise/xaheen/node_modules/.pnpm/vitest@2.1.9_@types+node@22.17.0_@vitest+ui@2.1.9_lightningcss@1.30.1_terser@5.16.9/node_modules/vitest/dist/chunks/runBaseTests.3qpJUEJM.js:90:5)"],"location":{"line":130,"column":3},"meta":{}},{"ancestorTitles":["AI Command","codebuffCommand"],"fullName":"AI Command codebuffCommand should validate git repository before executing","status":"failed","title":"should validate git repository before executing","duration":6.248917000000006,"failureMessages":["AssertionError: expected [Function] to throw error including 'Not a git repository' but got '[vitest] No \"default\" export is defin…'\n    at _Assertion.<anonymous> (file:///Volumes/Development/Xaheen%20Enterprise/xaheen/node_modules/.pnpm/vitest@2.1.9_@types+node@22.17.0_@vitest+ui@2.1.9_lightningcss@1.30.1_terser@5.16.9/node_modules/vitest/node_modules/@vitest/expect/dist/index.js:1509:21)\n    at _Assertion.<anonymous> (file:///Volumes/Development/Xaheen%20Enterprise/xaheen/node_modules/.pnpm/vitest@2.1.9_@types+node@22.17.0_@vitest+ui@2.1.9_lightningcss@1.30.1_terser@5.16.9/node_modules/vitest/node_modules/@vitest/expect/dist/index.js:972:17)\n    at _Assertion.methodWrapper (file:///Volumes/Development/Xaheen%20Enterprise/xaheen/node_modules/.pnpm/vitest@2.1.9_@types+node@22.17.0_@vitest+ui@2.1.9_lightningcss@1.30.1_terser@5.16.9/node_modules/vitest/node_modules/chai/chai.js:1706:25)\n    at file:///Volumes/Development/Xaheen%20Enterprise/xaheen/node_modules/.pnpm/vitest@2.1.9_@types+node@22.17.0_@vitest+ui@2.1.9_lightningcss@1.30.1_terser@5.16.9/node_modules/vitest/node_modules/@vitest/expect/dist/index.js:1849:31","AssertionError: expected [Function] to throw error including 'Not a git repository' but got '[vitest] No \"default\" export is defin…'\n    at _Assertion.<anonymous> (file:///Volumes/Development/Xaheen%20Enterprise/xaheen/node_modules/.pnpm/vitest@2.1.9_@types+node@22.17.0_@vitest+ui@2.1.9_lightningcss@1.30.1_terser@5.16.9/node_modules/vitest/node_modules/@vitest/expect/dist/index.js:1509:21)\n    at _Assertion.<anonymous> (file:///Volumes/Development/Xaheen%20Enterprise/xaheen/node_modules/.pnpm/vitest@2.1.9_@types+node@22.17.0_@vitest+ui@2.1.9_lightningcss@1.30.1_terser@5.16.9/node_modules/vitest/node_modules/@vitest/expect/dist/index.js:972:17)\n    at _Assertion.methodWrapper (file:///Volumes/Development/Xaheen%20Enterprise/xaheen/node_modules/.pnpm/vitest@2.1.9_@types+node@22.17.0_@vitest+ui@2.1.9_lightningcss@1.30.1_terser@5.16.9/node_modules/vitest/node_modules/chai/chai.js:1706:25)\n    at file:///Volumes/Development/Xaheen%20Enterprise/xaheen/node_modules/.pnpm/vitest@2.1.9_@types+node@22.17.0_@vitest+ui@2.1.9_lightningcss@1.30.1_terser@5.16.9/node_modules/vitest/node_modules/@vitest/expect/dist/index.js:1849:31","AssertionError: expected [Function] to throw error including 'Not a git repository' but got '[vitest] No \"default\" export is defin…'\n    at _Assertion.<anonymous> (file:///Volumes/Development/Xaheen%20Enterprise/xaheen/node_modules/.pnpm/vitest@2.1.9_@types+node@22.17.0_@vitest+ui@2.1.9_lightningcss@1.30.1_terser@5.16.9/node_modules/vitest/node_modules/@vitest/expect/dist/index.js:1509:21)\n    at _Assertion.<anonymous> (file:///Volumes/Development/Xaheen%20Enterprise/xaheen/node_modules/.pnpm/vitest@2.1.9_@types+node@22.17.0_@vitest+ui@2.1.9_lightningcss@1.30.1_terser@5.16.9/node_modules/vitest/node_modules/@vitest/expect/dist/index.js:972:17)\n    at _Assertion.methodWrapper (file:///Volumes/Development/Xaheen%20Enterprise/xaheen/node_modules/.pnpm/vitest@2.1.9_@types+node@22.17.0_@vitest+ui@2.1.9_lightningcss@1.30.1_terser@5.16.9/node_modules/vitest/node_modules/chai/chai.js:1706:25)\n    at file:///Volumes/Development/Xaheen%20Enterprise/xaheen/node_modules/.pnpm/vitest@2.1.9_@types+node@22.17.0_@vitest+ui@2.1.9_lightningcss@1.30.1_terser@5.16.9/node_modules/vitest/node_modules/@vitest/expect/dist/index.js:1849:31"],"location":{"line":170,"column":3},"meta":{}},{"ancestorTitles":["AI Command","codebuffCommand"],"fullName":"AI Command codebuffCommand should check for uncommitted changes","status":"failed","title":"should check for uncommitted changes","duration":1.5894999999999868,"failureMessages":["AssertionError: expected [Function] to throw error including 'Uncommitted changes detected' but got '[vitest] No \"default\" export is defin…'\n    at _Assertion.<anonymous> (file:///Volumes/Development/Xaheen%20Enterprise/xaheen/node_modules/.pnpm/vitest@2.1.9_@types+node@22.17.0_@vitest+ui@2.1.9_lightningcss@1.30.1_terser@5.16.9/node_modules/vitest/node_modules/@vitest/expect/dist/index.js:1509:21)\n    at _Assertion.<anonymous> (file:///Volumes/Development/Xaheen%20Enterprise/xaheen/node_modules/.pnpm/vitest@2.1.9_@types+node@22.17.0_@vitest+ui@2.1.9_lightningcss@1.30.1_terser@5.16.9/node_modules/vitest/node_modules/@vitest/expect/dist/index.js:972:17)\n    at _Assertion.methodWrapper (file:///Volumes/Development/Xaheen%20Enterprise/xaheen/node_modules/.pnpm/vitest@2.1.9_@types+node@22.17.0_@vitest+ui@2.1.9_lightningcss@1.30.1_terser@5.16.9/node_modules/vitest/node_modules/chai/chai.js:1706:25)\n    at file:///Volumes/Development/Xaheen%20Enterprise/xaheen/node_modules/.pnpm/vitest@2.1.9_@types+node@22.17.0_@vitest+ui@2.1.9_lightningcss@1.30.1_terser@5.16.9/node_modules/vitest/node_modules/@vitest/expect/dist/index.js:1849:31","AssertionError: expected [Function] to throw error including 'Uncommitted changes detected' but got '[vitest] No \"default\" export is defin…'\n    at _Assertion.<anonymous> (file:///Volumes/Development/Xaheen%20Enterprise/xaheen/node_modules/.pnpm/vitest@2.1.9_@types+node@22.17.0_@vitest+ui@2.1.9_lightningcss@1.30.1_terser@5.16.9/node_modules/vitest/node_modules/@vitest/expect/dist/index.js:1509:21)\n    at _Assertion.<anonymous> (file:///Volumes/Development/Xaheen%20Enterprise/xaheen/node_modules/.pnpm/vitest@2.1.9_@types+node@22.17.0_@vitest+ui@2.1.9_lightningcss@1.30.1_terser@5.16.9/node_modules/vitest/node_modules/@vitest/expect/dist/index.js:972:17)\n    at _Assertion.methodWrapper (file:///Volumes/Development/Xaheen%20Enterprise/xaheen/node_modules/.pnpm/vitest@2.1.9_@types+node@22.17.0_@vitest+ui@2.1.9_lightningcss@1.30.1_terser@5.16.9/node_modules/vitest/node_modules/chai/chai.js:1706:25)\n    at file:///Volumes/Development/Xaheen%20Enterprise/xaheen/node_modules/.pnpm/vitest@2.1.9_@types+node@22.17.0_@vitest+ui@2.1.9_lightningcss@1.30.1_terser@5.16.9/node_modules/vitest/node_modules/@vitest/expect/dist/index.js:1849:31","AssertionError: expected [Function] to throw error including 'Uncommitted changes detected' but got '[vitest] No \"default\" export is defin…'\n    at _Assertion.<anonymous> (file:///Volumes/Development/Xaheen%20Enterprise/xaheen/node_modules/.pnpm/vitest@2.1.9_@types+node@22.17.0_@vitest+ui@2.1.9_lightningcss@1.30.1_terser@5.16.9/node_modules/vitest/node_modules/@vitest/expect/dist/index.js:1509:21)\n    at _Assertion.<anonymous> (file:///Volumes/Development/Xaheen%20Enterprise/xaheen/node_modules/.pnpm/vitest@2.1.9_@types+node@22.17.0_@vitest+ui@2.1.9_lightningcss@1.30.1_terser@5.16.9/node_modules/vitest/node_modules/@vitest/expect/dist/index.js:972:17)\n    at _Assertion.methodWrapper (file:///Volumes/Development/Xaheen%20Enterprise/xaheen/node_modules/.pnpm/vitest@2.1.9_@types+node@22.17.0_@vitest+ui@2.1.9_lightningcss@1.30.1_terser@5.16.9/node_modules/vitest/node_modules/chai/chai.js:1706:25)\n    at file:///Volumes/Development/Xaheen%20Enterprise/xaheen/node_modules/.pnpm/vitest@2.1.9_@types+node@22.17.0_@vitest+ui@2.1.9_lightningcss@1.30.1_terser@5.16.9/node_modules/vitest/node_modules/@vitest/expect/dist/index.js:1849:31"],"location":{"line":180,"column":3},"meta":{}},{"ancestorTitles":["AI Command","codebuffCommand"],"fullName":"AI Command codebuffCommand should create codebuff index when index option is true","status":"failed","title":"should create codebuff index when index option is true","duration":1.5412919999999986,"failureMessages":["Error: [vitest] No \"default\" export is defined on the \"inquirer\" mock. Did you forget to return it from \"vi.mock\"?\nIf you need to partially mock a module, you can use \"importOriginal\" helper inside:\n\n    at VitestMocker.createError (file:///Volumes/Development/Xaheen%20Enterprise/xaheen/node_modules/.pnpm/vitest@2.1.9_@types+node@22.17.0_@vitest+ui@2.1.9_lightningcss@1.30.1_terser@5.16.9/node_modules/vitest/dist/chunks/execute.2pr0rHgK.js:321:19)\n    at Object.get (file:///Volumes/Development/Xaheen%20Enterprise/xaheen/node_modules/.pnpm/vitest@2.1.9_@types+node@22.17.0_@vitest+ui@2.1.9_lightningcss@1.30.1_terser@5.16.9/node_modules/vitest/dist/chunks/execute.2pr0rHgK.js:389:22)\n    at codebuffCommand (/Volumes/Development/Xaheen Enterprise/xaheen/packages/xaheen-cli/src/commands/ai.ts:109:29)\n    at /Volumes/Development/Xaheen Enterprise/xaheen/packages/xaheen-cli/src/commands/ai.unit.test.ts:202:10\n    at file:///Volumes/Development/Xaheen%20Enterprise/xaheen/node_modules/.pnpm/vitest@2.1.9_@types+node@22.17.0_@vitest+ui@2.1.9_lightningcss@1.30.1_terser@5.16.9/node_modules/vitest/node_modules/@vitest/runner/dist/index.js:146:14\n    at file:///Volumes/Development/Xaheen%20Enterprise/xaheen/node_modules/.pnpm/vitest@2.1.9_@types+node@22.17.0_@vitest+ui@2.1.9_lightningcss@1.30.1_terser@5.16.9/node_modules/vitest/node_modules/@vitest/runner/dist/index.js:533:11\n    at runWithTimeout (file:///Volumes/Development/Xaheen%20Enterprise/xaheen/node_modules/.pnpm/vitest@2.1.9_@types+node@22.17.0_@vitest+ui@2.1.9_lightningcss@1.30.1_terser@5.16.9/node_modules/vitest/node_modules/@vitest/runner/dist/index.js:39:7)\n    at runTest (file:///Volumes/Development/Xaheen%20Enterprise/xaheen/node_modules/.pnpm/vitest@2.1.9_@types+node@22.17.0_@vitest+ui@2.1.9_lightningcss@1.30.1_terser@5.16.9/node_modules/vitest/node_modules/@vitest/runner/dist/index.js:1056:17)\n    at runSuite (file:///Volumes/Development/Xaheen%20Enterprise/xaheen/node_modules/.pnpm/vitest@2.1.9_@types+node@22.17.0_@vitest+ui@2.1.9_lightningcss@1.30.1_terser@5.16.9/node_modules/vitest/node_modules/@vitest/runner/dist/index.js:1205:15)\n    at runSuite (file:///Volumes/Development/Xaheen%20Enterprise/xaheen/node_modules/.pnpm/vitest@2.1.9_@types+node@22.17.0_@vitest+ui@2.1.9_lightningcss@1.30.1_terser@5.16.9/node_modules/vitest/node_modules/@vitest/runner/dist/index.js:1205:15)","Error: [vitest] No \"default\" export is defined on the \"inquirer\" mock. Did you forget to return it from \"vi.mock\"?\nIf you need to partially mock a module, you can use \"importOriginal\" helper inside:\n\n    at VitestMocker.createError (file:///Volumes/Development/Xaheen%20Enterprise/xaheen/node_modules/.pnpm/vitest@2.1.9_@types+node@22.17.0_@vitest+ui@2.1.9_lightningcss@1.30.1_terser@5.16.9/node_modules/vitest/dist/chunks/execute.2pr0rHgK.js:321:19)\n    at Object.get (file:///Volumes/Development/Xaheen%20Enterprise/xaheen/node_modules/.pnpm/vitest@2.1.9_@types+node@22.17.0_@vitest+ui@2.1.9_lightningcss@1.30.1_terser@5.16.9/node_modules/vitest/dist/chunks/execute.2pr0rHgK.js:389:22)\n    at codebuffCommand (/Volumes/Development/Xaheen Enterprise/xaheen/packages/xaheen-cli/src/commands/ai.ts:109:29)\n    at /Volumes/Development/Xaheen Enterprise/xaheen/packages/xaheen-cli/src/commands/ai.unit.test.ts:202:10\n    at file:///Volumes/Development/Xaheen%20Enterprise/xaheen/node_modules/.pnpm/vitest@2.1.9_@types+node@22.17.0_@vitest+ui@2.1.9_lightningcss@1.30.1_terser@5.16.9/node_modules/vitest/node_modules/@vitest/runner/dist/index.js:146:14\n    at file:///Volumes/Development/Xaheen%20Enterprise/xaheen/node_modules/.pnpm/vitest@2.1.9_@types+node@22.17.0_@vitest+ui@2.1.9_lightningcss@1.30.1_terser@5.16.9/node_modules/vitest/node_modules/@vitest/runner/dist/index.js:533:11\n    at runWithTimeout (file:///Volumes/Development/Xaheen%20Enterprise/xaheen/node_modules/.pnpm/vitest@2.1.9_@types+node@22.17.0_@vitest+ui@2.1.9_lightningcss@1.30.1_terser@5.16.9/node_modules/vitest/node_modules/@vitest/runner/dist/index.js:39:7)\n    at runTest (file:///Volumes/Development/Xaheen%20Enterprise/xaheen/node_modules/.pnpm/vitest@2.1.9_@types+node@22.17.0_@vitest+ui@2.1.9_lightningcss@1.30.1_terser@5.16.9/node_modules/vitest/node_modules/@vitest/runner/dist/index.js:1056:17)\n    at runSuite (file:///Volumes/Development/Xaheen%20Enterprise/xaheen/node_modules/.pnpm/vitest@2.1.9_@types+node@22.17.0_@vitest+ui@2.1.9_lightningcss@1.30.1_terser@5.16.9/node_modules/vitest/node_modules/@vitest/runner/dist/index.js:1205:15)\n    at runSuite (file:///Volumes/Development/Xaheen%20Enterprise/xaheen/node_modules/.pnpm/vitest@2.1.9_@types+node@22.17.0_@vitest+ui@2.1.9_lightningcss@1.30.1_terser@5.16.9/node_modules/vitest/node_modules/@vitest/runner/dist/index.js:1205:15)","Error: [vitest] No \"default\" export is defined on the \"inquirer\" mock. Did you forget to return it from \"vi.mock\"?\nIf you need to partially mock a module, you can use \"importOriginal\" helper inside:\n\n    at VitestMocker.createError (file:///Volumes/Development/Xaheen%20Enterprise/xaheen/node_modules/.pnpm/vitest@2.1.9_@types+node@22.17.0_@vitest+ui@2.1.9_lightningcss@1.30.1_terser@5.16.9/node_modules/vitest/dist/chunks/execute.2pr0rHgK.js:321:19)\n    at Object.get (file:///Volumes/Development/Xaheen%20Enterprise/xaheen/node_modules/.pnpm/vitest@2.1.9_@types+node@22.17.0_@vitest+ui@2.1.9_lightningcss@1.30.1_terser@5.16.9/node_modules/vitest/dist/chunks/execute.2pr0rHgK.js:389:22)\n    at codebuffCommand (/Volumes/Development/Xaheen Enterprise/xaheen/packages/xaheen-cli/src/commands/ai.ts:109:29)\n    at /Volumes/Development/Xaheen Enterprise/xaheen/packages/xaheen-cli/src/commands/ai.unit.test.ts:202:10\n    at file:///Volumes/Development/Xaheen%20Enterprise/xaheen/node_modules/.pnpm/vitest@2.1.9_@types+node@22.17.0_@vitest+ui@2.1.9_lightningcss@1.30.1_terser@5.16.9/node_modules/vitest/node_modules/@vitest/runner/dist/index.js:146:14\n    at file:///Volumes/Development/Xaheen%20Enterprise/xaheen/node_modules/.pnpm/vitest@2.1.9_@types+node@22.17.0_@vitest+ui@2.1.9_lightningcss@1.30.1_terser@5.16.9/node_modules/vitest/node_modules/@vitest/runner/dist/index.js:533:11\n    at runWithTimeout (file:///Volumes/Development/Xaheen%20Enterprise/xaheen/node_modules/.pnpm/vitest@2.1.9_@types+node@22.17.0_@vitest+ui@2.1.9_lightningcss@1.30.1_terser@5.16.9/node_modules/vitest/node_modules/@vitest/runner/dist/index.js:39:7)\n    at runTest (file:///Volumes/Development/Xaheen%20Enterprise/xaheen/node_modules/.pnpm/vitest@2.1.9_@types+node@22.17.0_@vitest+ui@2.1.9_lightningcss@1.30.1_terser@5.16.9/node_modules/vitest/node_modules/@vitest/runner/dist/index.js:1056:17)\n    at runSuite (file:///Volumes/Development/Xaheen%20Enterprise/xaheen/node_modules/.pnpm/vitest@2.1.9_@types+node@22.17.0_@vitest+ui@2.1.9_lightningcss@1.30.1_terser@5.16.9/node_modules/vitest/node_modules/@vitest/runner/dist/index.js:1205:15)\n    at runSuite (file:///Volumes/Development/Xaheen%20Enterprise/xaheen/node_modules/.pnpm/vitest@2.1.9_@types+node@22.17.0_@vitest+ui@2.1.9_lightningcss@1.30.1_terser@5.16.9/node_modules/vitest/node_modules/@vitest/runner/dist/index.js:1205:15)"],"location":{"line":199,"column":3},"meta":{}},{"ancestorTitles":["AI Command","codebuffCommand"],"fullName":"AI Command codebuffCommand should show diff preview in interactive mode","status":"failed","title":"should show diff preview in interactive mode","duration":0.8132079999999746,"failureMessages":["Error: [vitest] No \"default\" export is defined on the \"inquirer\" mock. Did you forget to return it from \"vi.mock\"?\nIf you need to partially mock a module, you can use \"importOriginal\" helper inside:\n\n    at VitestMocker.createError (file:///Volumes/Development/Xaheen%20Enterprise/xaheen/node_modules/.pnpm/vitest@2.1.9_@types+node@22.17.0_@vitest+ui@2.1.9_lightningcss@1.30.1_terser@5.16.9/node_modules/vitest/dist/chunks/execute.2pr0rHgK.js:321:19)\n    at Object.get (file:///Volumes/Development/Xaheen%20Enterprise/xaheen/node_modules/.pnpm/vitest@2.1.9_@types+node@22.17.0_@vitest+ui@2.1.9_lightningcss@1.30.1_terser@5.16.9/node_modules/vitest/dist/chunks/execute.2pr0rHgK.js:389:22)\n    at codebuffCommand (/Volumes/Development/Xaheen Enterprise/xaheen/packages/xaheen-cli/src/commands/ai.ts:109:29)\n    at /Volumes/Development/Xaheen Enterprise/xaheen/packages/xaheen-cli/src/commands/ai.unit.test.ts:232:10\n    at file:///Volumes/Development/Xaheen%20Enterprise/xaheen/node_modules/.pnpm/vitest@2.1.9_@types+node@22.17.0_@vitest+ui@2.1.9_lightningcss@1.30.1_terser@5.16.9/node_modules/vitest/node_modules/@vitest/runner/dist/index.js:146:14\n    at file:///Volumes/Development/Xaheen%20Enterprise/xaheen/node_modules/.pnpm/vitest@2.1.9_@types+node@22.17.0_@vitest+ui@2.1.9_lightningcss@1.30.1_terser@5.16.9/node_modules/vitest/node_modules/@vitest/runner/dist/index.js:533:11\n    at runWithTimeout (file:///Volumes/Development/Xaheen%20Enterprise/xaheen/node_modules/.pnpm/vitest@2.1.9_@types+node@22.17.0_@vitest+ui@2.1.9_lightningcss@1.30.1_terser@5.16.9/node_modules/vitest/node_modules/@vitest/runner/dist/index.js:39:7)\n    at runTest (file:///Volumes/Development/Xaheen%20Enterprise/xaheen/node_modules/.pnpm/vitest@2.1.9_@types+node@22.17.0_@vitest+ui@2.1.9_lightningcss@1.30.1_terser@5.16.9/node_modules/vitest/node_modules/@vitest/runner/dist/index.js:1056:17)\n    at runSuite (file:///Volumes/Development/Xaheen%20Enterprise/xaheen/node_modules/.pnpm/vitest@2.1.9_@types+node@22.17.0_@vitest+ui@2.1.9_lightningcss@1.30.1_terser@5.16.9/node_modules/vitest/node_modules/@vitest/runner/dist/index.js:1205:15)\n    at runSuite (file:///Volumes/Development/Xaheen%20Enterprise/xaheen/node_modules/.pnpm/vitest@2.1.9_@types+node@22.17.0_@vitest+ui@2.1.9_lightningcss@1.30.1_terser@5.16.9/node_modules/vitest/node_modules/@vitest/runner/dist/index.js:1205:15)","Error: [vitest] No \"default\" export is defined on the \"inquirer\" mock. Did you forget to return it from \"vi.mock\"?\nIf you need to partially mock a module, you can use \"importOriginal\" helper inside:\n\n    at VitestMocker.createError (file:///Volumes/Development/Xaheen%20Enterprise/xaheen/node_modules/.pnpm/vitest@2.1.9_@types+node@22.17.0_@vitest+ui@2.1.9_lightningcss@1.30.1_terser@5.16.9/node_modules/vitest/dist/chunks/execute.2pr0rHgK.js:321:19)\n    at Object.get (file:///Volumes/Development/Xaheen%20Enterprise/xaheen/node_modules/.pnpm/vitest@2.1.9_@types+node@22.17.0_@vitest+ui@2.1.9_lightningcss@1.30.1_terser@5.16.9/node_modules/vitest/dist/chunks/execute.2pr0rHgK.js:389:22)\n    at codebuffCommand (/Volumes/Development/Xaheen Enterprise/xaheen/packages/xaheen-cli/src/commands/ai.ts:109:29)\n    at /Volumes/Development/Xaheen Enterprise/xaheen/packages/xaheen-cli/src/commands/ai.unit.test.ts:232:10\n    at file:///Volumes/Development/Xaheen%20Enterprise/xaheen/node_modules/.pnpm/vitest@2.1.9_@types+node@22.17.0_@vitest+ui@2.1.9_lightningcss@1.30.1_terser@5.16.9/node_modules/vitest/node_modules/@vitest/runner/dist/index.js:146:14\n    at file:///Volumes/Development/Xaheen%20Enterprise/xaheen/node_modules/.pnpm/vitest@2.1.9_@types+node@22.17.0_@vitest+ui@2.1.9_lightningcss@1.30.1_terser@5.16.9/node_modules/vitest/node_modules/@vitest/runner/dist/index.js:533:11\n    at runWithTimeout (file:///Volumes/Development/Xaheen%20Enterprise/xaheen/node_modules/.pnpm/vitest@2.1.9_@types+node@22.17.0_@vitest+ui@2.1.9_lightningcss@1.30.1_terser@5.16.9/node_modules/vitest/node_modules/@vitest/runner/dist/index.js:39:7)\n    at runTest (file:///Volumes/Development/Xaheen%20Enterprise/xaheen/node_modules/.pnpm/vitest@2.1.9_@types+node@22.17.0_@vitest+ui@2.1.9_lightningcss@1.30.1_terser@5.16.9/node_modules/vitest/node_modules/@vitest/runner/dist/index.js:1056:17)\n    at runSuite (file:///Volumes/Development/Xaheen%20Enterprise/xaheen/node_modules/.pnpm/vitest@2.1.9_@types+node@22.17.0_@vitest+ui@2.1.9_lightningcss@1.30.1_terser@5.16.9/node_modules/vitest/node_modules/@vitest/runner/dist/index.js:1205:15)\n    at runSuite (file:///Volumes/Development/Xaheen%20Enterprise/xaheen/node_modules/.pnpm/vitest@2.1.9_@types+node@22.17.0_@vitest+ui@2.1.9_lightningcss@1.30.1_terser@5.16.9/node_modules/vitest/node_modules/@vitest/runner/dist/index.js:1205:15)","Error: [vitest] No \"default\" export is defined on the \"inquirer\" mock. Did you forget to return it from \"vi.mock\"?\nIf you need to partially mock a module, you can use \"importOriginal\" helper inside:\n\n    at VitestMocker.createError (file:///Volumes/Development/Xaheen%20Enterprise/xaheen/node_modules/.pnpm/vitest@2.1.9_@types+node@22.17.0_@vitest+ui@2.1.9_lightningcss@1.30.1_terser@5.16.9/node_modules/vitest/dist/chunks/execute.2pr0rHgK.js:321:19)\n    at Object.get (file:///Volumes/Development/Xaheen%20Enterprise/xaheen/node_modules/.pnpm/vitest@2.1.9_@types+node@22.17.0_@vitest+ui@2.1.9_lightningcss@1.30.1_terser@5.16.9/node_modules/vitest/dist/chunks/execute.2pr0rHgK.js:389:22)\n    at codebuffCommand (/Volumes/Development/Xaheen Enterprise/xaheen/packages/xaheen-cli/src/commands/ai.ts:109:29)\n    at /Volumes/Development/Xaheen Enterprise/xaheen/packages/xaheen-cli/src/commands/ai.unit.test.ts:232:10\n    at file:///Volumes/Development/Xaheen%20Enterprise/xaheen/node_modules/.pnpm/vitest@2.1.9_@types+node@22.17.0_@vitest+ui@2.1.9_lightningcss@1.30.1_terser@5.16.9/node_modules/vitest/node_modules/@vitest/runner/dist/index.js:146:14\n    at file:///Volumes/Development/Xaheen%20Enterprise/xaheen/node_modules/.pnpm/vitest@2.1.9_@types+node@22.17.0_@vitest+ui@2.1.9_lightningcss@1.30.1_terser@5.16.9/node_modules/vitest/node_modules/@vitest/runner/dist/index.js:533:11\n    at runWithTimeout (file:///Volumes/Development/Xaheen%20Enterprise/xaheen/node_modules/.pnpm/vitest@2.1.9_@types+node@22.17.0_@vitest+ui@2.1.9_lightningcss@1.30.1_terser@5.16.9/node_modules/vitest/node_modules/@vitest/runner/dist/index.js:39:7)\n    at runTest (file:///Volumes/Development/Xaheen%20Enterprise/xaheen/node_modules/.pnpm/vitest@2.1.9_@types+node@22.17.0_@vitest+ui@2.1.9_lightningcss@1.30.1_terser@5.16.9/node_modules/vitest/node_modules/@vitest/runner/dist/index.js:1056:17)\n    at runSuite (file:///Volumes/Development/Xaheen%20Enterprise/xaheen/node_modules/.pnpm/vitest@2.1.9_@types+node@22.17.0_@vitest+ui@2.1.9_lightningcss@1.30.1_terser@5.16.9/node_modules/vitest/node_modules/@vitest/runner/dist/index.js:1205:15)\n    at runSuite (file:///Volumes/Development/Xaheen%20Enterprise/xaheen/node_modules/.pnpm/vitest@2.1.9_@types+node@22.17.0_@vitest+ui@2.1.9_lightningcss@1.30.1_terser@5.16.9/node_modules/vitest/node_modules/@vitest/runner/dist/index.js:1205:15)"],"location":{"line":209,"column":3},"meta":{}},{"ancestorTitles":["AI Command","codebuffCommand"],"fullName":"AI Command codebuffCommand should apply patch when confirmed","status":"failed","title":"should apply patch when confirmed","duration":0.5989579999999819,"failureMessages":["Error: [vitest] No \"default\" export is defined on the \"inquirer\" mock. Did you forget to return it from \"vi.mock\"?\nIf you need to partially mock a module, you can use \"importOriginal\" helper inside:\n\n    at VitestMocker.createError (file:///Volumes/Development/Xaheen%20Enterprise/xaheen/node_modules/.pnpm/vitest@2.1.9_@types+node@22.17.0_@vitest+ui@2.1.9_lightningcss@1.30.1_terser@5.16.9/node_modules/vitest/dist/chunks/execute.2pr0rHgK.js:321:19)\n    at Object.get (file:///Volumes/Development/Xaheen%20Enterprise/xaheen/node_modules/.pnpm/vitest@2.1.9_@types+node@22.17.0_@vitest+ui@2.1.9_lightningcss@1.30.1_terser@5.16.9/node_modules/vitest/dist/chunks/execute.2pr0rHgK.js:389:22)\n    at codebuffCommand (/Volumes/Development/Xaheen Enterprise/xaheen/packages/xaheen-cli/src/commands/ai.ts:109:29)\n    at /Volumes/Development/Xaheen Enterprise/xaheen/packages/xaheen-cli/src/commands/ai.unit.test.ts:267:10\n    at file:///Volumes/Development/Xaheen%20Enterprise/xaheen/node_modules/.pnpm/vitest@2.1.9_@types+node@22.17.0_@vitest+ui@2.1.9_lightningcss@1.30.1_terser@5.16.9/node_modules/vitest/node_modules/@vitest/runner/dist/index.js:146:14\n    at file:///Volumes/Development/Xaheen%20Enterprise/xaheen/node_modules/.pnpm/vitest@2.1.9_@types+node@22.17.0_@vitest+ui@2.1.9_lightningcss@1.30.1_terser@5.16.9/node_modules/vitest/node_modules/@vitest/runner/dist/index.js:533:11\n    at runWithTimeout (file:///Volumes/Development/Xaheen%20Enterprise/xaheen/node_modules/.pnpm/vitest@2.1.9_@types+node@22.17.0_@vitest+ui@2.1.9_lightningcss@1.30.1_terser@5.16.9/node_modules/vitest/node_modules/@vitest/runner/dist/index.js:39:7)\n    at runTest (file:///Volumes/Development/Xaheen%20Enterprise/xaheen/node_modules/.pnpm/vitest@2.1.9_@types+node@22.17.0_@vitest+ui@2.1.9_lightningcss@1.30.1_terser@5.16.9/node_modules/vitest/node_modules/@vitest/runner/dist/index.js:1056:17)\n    at runSuite (file:///Volumes/Development/Xaheen%20Enterprise/xaheen/node_modules/.pnpm/vitest@2.1.9_@types+node@22.17.0_@vitest+ui@2.1.9_lightningcss@1.30.1_terser@5.16.9/node_modules/vitest/node_modules/@vitest/runner/dist/index.js:1205:15)\n    at runSuite (file:///Volumes/Development/Xaheen%20Enterprise/xaheen/node_modules/.pnpm/vitest@2.1.9_@types+node@22.17.0_@vitest+ui@2.1.9_lightningcss@1.30.1_terser@5.16.9/node_modules/vitest/node_modules/@vitest/runner/dist/index.js:1205:15)","Error: [vitest] No \"default\" export is defined on the \"inquirer\" mock. Did you forget to return it from \"vi.mock\"?\nIf you need to partially mock a module, you can use \"importOriginal\" helper inside:\n\n    at VitestMocker.createError (file:///Volumes/Development/Xaheen%20Enterprise/xaheen/node_modules/.pnpm/vitest@2.1.9_@types+node@22.17.0_@vitest+ui@2.1.9_lightningcss@1.30.1_terser@5.16.9/node_modules/vitest/dist/chunks/execute.2pr0rHgK.js:321:19)\n    at Object.get (file:///Volumes/Development/Xaheen%20Enterprise/xaheen/node_modules/.pnpm/vitest@2.1.9_@types+node@22.17.0_@vitest+ui@2.1.9_lightningcss@1.30.1_terser@5.16.9/node_modules/vitest/dist/chunks/execute.2pr0rHgK.js:389:22)\n    at codebuffCommand (/Volumes/Development/Xaheen Enterprise/xaheen/packages/xaheen-cli/src/commands/ai.ts:109:29)\n    at /Volumes/Development/Xaheen Enterprise/xaheen/packages/xaheen-cli/src/commands/ai.unit.test.ts:267:10\n    at file:///Volumes/Development/Xaheen%20Enterprise/xaheen/node_modules/.pnpm/vitest@2.1.9_@types+node@22.17.0_@vitest+ui@2.1.9_lightningcss@1.30.1_terser@5.16.9/node_modules/vitest/node_modules/@vitest/runner/dist/index.js:146:14\n    at file:///Volumes/Development/Xaheen%20Enterprise/xaheen/node_modules/.pnpm/vitest@2.1.9_@types+node@22.17.0_@vitest+ui@2.1.9_lightningcss@1.30.1_terser@5.16.9/node_modules/vitest/node_modules/@vitest/runner/dist/index.js:533:11\n    at runWithTimeout (file:///Volumes/Development/Xaheen%20Enterprise/xaheen/node_modules/.pnpm/vitest@2.1.9_@types+node@22.17.0_@vitest+ui@2.1.9_lightningcss@1.30.1_terser@5.16.9/node_modules/vitest/node_modules/@vitest/runner/dist/index.js:39:7)\n    at runTest (file:///Volumes/Development/Xaheen%20Enterprise/xaheen/node_modules/.pnpm/vitest@2.1.9_@types+node@22.17.0_@vitest+ui@2.1.9_lightningcss@1.30.1_terser@5.16.9/node_modules/vitest/node_modules/@vitest/runner/dist/index.js:1056:17)\n    at runSuite (file:///Volumes/Development/Xaheen%20Enterprise/xaheen/node_modules/.pnpm/vitest@2.1.9_@types+node@22.17.0_@vitest+ui@2.1.9_lightningcss@1.30.1_terser@5.16.9/node_modules/vitest/node_modules/@vitest/runner/dist/index.js:1205:15)\n    at runSuite (file:///Volumes/Development/Xaheen%20Enterprise/xaheen/node_modules/.pnpm/vitest@2.1.9_@types+node@22.17.0_@vitest+ui@2.1.9_lightningcss@1.30.1_terser@5.16.9/node_modules/vitest/node_modules/@vitest/runner/dist/index.js:1205:15)","Error: [vitest] No \"default\" export is defined on the \"inquirer\" mock. Did you forget to return it from \"vi.mock\"?\nIf you need to partially mock a module, you can use \"importOriginal\" helper inside:\n\n    at VitestMocker.createError (file:///Volumes/Development/Xaheen%20Enterprise/xaheen/node_modules/.pnpm/vitest@2.1.9_@types+node@22.17.0_@vitest+ui@2.1.9_lightningcss@1.30.1_terser@5.16.9/node_modules/vitest/dist/chunks/execute.2pr0rHgK.js:321:19)\n    at Object.get (file:///Volumes/Development/Xaheen%20Enterprise/xaheen/node_modules/.pnpm/vitest@2.1.9_@types+node@22.17.0_@vitest+ui@2.1.9_lightningcss@1.30.1_terser@5.16.9/node_modules/vitest/dist/chunks/execute.2pr0rHgK.js:389:22)\n    at codebuffCommand (/Volumes/Development/Xaheen Enterprise/xaheen/packages/xaheen-cli/src/commands/ai.ts:109:29)\n    at /Volumes/Development/Xaheen Enterprise/xaheen/packages/xaheen-cli/src/commands/ai.unit.test.ts:267:10\n    at file:///Volumes/Development/Xaheen%20Enterprise/xaheen/node_modules/.pnpm/vitest@2.1.9_@types+node@22.17.0_@vitest+ui@2.1.9_lightningcss@1.30.1_terser@5.16.9/node_modules/vitest/node_modules/@vitest/runner/dist/index.js:146:14\n    at file:///Volumes/Development/Xaheen%20Enterprise/xaheen/node_modules/.pnpm/vitest@2.1.9_@types+node@22.17.0_@vitest+ui@2.1.9_lightningcss@1.30.1_terser@5.16.9/node_modules/vitest/node_modules/@vitest/runner/dist/index.js:533:11\n    at runWithTimeout (file:///Volumes/Development/Xaheen%20Enterprise/xaheen/node_modules/.pnpm/vitest@2.1.9_@types+node@22.17.0_@vitest+ui@2.1.9_lightningcss@1.30.1_terser@5.16.9/node_modules/vitest/node_modules/@vitest/runner/dist/index.js:39:7)\n    at runTest (file:///Volumes/Development/Xaheen%20Enterprise/xaheen/node_modules/.pnpm/vitest@2.1.9_@types+node@22.17.0_@vitest+ui@2.1.9_lightningcss@1.30.1_terser@5.16.9/node_modules/vitest/node_modules/@vitest/runner/dist/index.js:1056:17)\n    at runSuite (file:///Volumes/Development/Xaheen%20Enterprise/xaheen/node_modules/.pnpm/vitest@2.1.9_@types+node@22.17.0_@vitest+ui@2.1.9_lightningcss@1.30.1_terser@5.16.9/node_modules/vitest/node_modules/@vitest/runner/dist/index.js:1205:15)\n    at runSuite (file:///Volumes/Development/Xaheen%20Enterprise/xaheen/node_modules/.pnpm/vitest@2.1.9_@types+node@22.17.0_@vitest+ui@2.1.9_lightningcss@1.30.1_terser@5.16.9/node_modules/vitest/node_modules/@vitest/runner/dist/index.js:1205:15)"],"location":{"line":245,"column":3},"meta":{}},{"ancestorTitles":["AI Command","codebuffCommand"],"fullName":"AI Command codebuffCommand should skip patch application in dry run mode","status":"failed","title":"should skip patch application in dry run mode","duration":0.5794579999999883,"failureMessages":["Error: [vitest] No \"default\" export is defined on the \"inquirer\" mock. Did you forget to return it from \"vi.mock\"?\nIf you need to partially mock a module, you can use \"importOriginal\" helper inside:\n\n    at VitestMocker.createError (file:///Volumes/Development/Xaheen%20Enterprise/xaheen/node_modules/.pnpm/vitest@2.1.9_@types+node@22.17.0_@vitest+ui@2.1.9_lightningcss@1.30.1_terser@5.16.9/node_modules/vitest/dist/chunks/execute.2pr0rHgK.js:321:19)\n    at Object.get (file:///Volumes/Development/Xaheen%20Enterprise/xaheen/node_modules/.pnpm/vitest@2.1.9_@types+node@22.17.0_@vitest+ui@2.1.9_lightningcss@1.30.1_terser@5.16.9/node_modules/vitest/dist/chunks/execute.2pr0rHgK.js:389:22)\n    at codebuffCommand (/Volumes/Development/Xaheen Enterprise/xaheen/packages/xaheen-cli/src/commands/ai.ts:109:29)\n    at /Volumes/Development/Xaheen Enterprise/xaheen/packages/xaheen-cli/src/commands/ai.unit.test.ts:293:10\n    at file:///Volumes/Development/Xaheen%20Enterprise/xaheen/node_modules/.pnpm/vitest@2.1.9_@types+node@22.17.0_@vitest+ui@2.1.9_lightningcss@1.30.1_terser@5.16.9/node_modules/vitest/node_modules/@vitest/runner/dist/index.js:146:14\n    at file:///Volumes/Development/Xaheen%20Enterprise/xaheen/node_modules/.pnpm/vitest@2.1.9_@types+node@22.17.0_@vitest+ui@2.1.9_lightningcss@1.30.1_terser@5.16.9/node_modules/vitest/node_modules/@vitest/runner/dist/index.js:533:11\n    at runWithTimeout (file:///Volumes/Development/Xaheen%20Enterprise/xaheen/node_modules/.pnpm/vitest@2.1.9_@types+node@22.17.0_@vitest+ui@2.1.9_lightningcss@1.30.1_terser@5.16.9/node_modules/vitest/node_modules/@vitest/runner/dist/index.js:39:7)\n    at runTest (file:///Volumes/Development/Xaheen%20Enterprise/xaheen/node_modules/.pnpm/vitest@2.1.9_@types+node@22.17.0_@vitest+ui@2.1.9_lightningcss@1.30.1_terser@5.16.9/node_modules/vitest/node_modules/@vitest/runner/dist/index.js:1056:17)\n    at runSuite (file:///Volumes/Development/Xaheen%20Enterprise/xaheen/node_modules/.pnpm/vitest@2.1.9_@types+node@22.17.0_@vitest+ui@2.1.9_lightningcss@1.30.1_terser@5.16.9/node_modules/vitest/node_modules/@vitest/runner/dist/index.js:1205:15)\n    at runSuite (file:///Volumes/Development/Xaheen%20Enterprise/xaheen/node_modules/.pnpm/vitest@2.1.9_@types+node@22.17.0_@vitest+ui@2.1.9_lightningcss@1.30.1_terser@5.16.9/node_modules/vitest/node_modules/@vitest/runner/dist/index.js:1205:15)","Error: [vitest] No \"default\" export is defined on the \"inquirer\" mock. Did you forget to return it from \"vi.mock\"?\nIf you need to partially mock a module, you can use \"importOriginal\" helper inside:\n\n    at VitestMocker.createError (file:///Volumes/Development/Xaheen%20Enterprise/xaheen/node_modules/.pnpm/vitest@2.1.9_@types+node@22.17.0_@vitest+ui@2.1.9_lightningcss@1.30.1_terser@5.16.9/node_modules/vitest/dist/chunks/execute.2pr0rHgK.js:321:19)\n    at Object.get (file:///Volumes/Development/Xaheen%20Enterprise/xaheen/node_modules/.pnpm/vitest@2.1.9_@types+node@22.17.0_@vitest+ui@2.1.9_lightningcss@1.30.1_terser@5.16.9/node_modules/vitest/dist/chunks/execute.2pr0rHgK.js:389:22)\n    at codebuffCommand (/Volumes/Development/Xaheen Enterprise/xaheen/packages/xaheen-cli/src/commands/ai.ts:109:29)\n    at /Volumes/Development/Xaheen Enterprise/xaheen/packages/xaheen-cli/src/commands/ai.unit.test.ts:293:10\n    at file:///Volumes/Development/Xaheen%20Enterprise/xaheen/node_modules/.pnpm/vitest@2.1.9_@types+node@22.17.0_@vitest+ui@2.1.9_lightningcss@1.30.1_terser@5.16.9/node_modules/vitest/node_modules/@vitest/runner/dist/index.js:146:14\n    at file:///Volumes/Development/Xaheen%20Enterprise/xaheen/node_modules/.pnpm/vitest@2.1.9_@types+node@22.17.0_@vitest+ui@2.1.9_lightningcss@1.30.1_terser@5.16.9/node_modules/vitest/node_modules/@vitest/runner/dist/index.js:533:11\n    at runWithTimeout (file:///Volumes/Development/Xaheen%20Enterprise/xaheen/node_modules/.pnpm/vitest@2.1.9_@types+node@22.17.0_@vitest+ui@2.1.9_lightningcss@1.30.1_terser@5.16.9/node_modules/vitest/node_modules/@vitest/runner/dist/index.js:39:7)\n    at runTest (file:///Volumes/Development/Xaheen%20Enterprise/xaheen/node_modules/.pnpm/vitest@2.1.9_@types+node@22.17.0_@vitest+ui@2.1.9_lightningcss@1.30.1_terser@5.16.9/node_modules/vitest/node_modules/@vitest/runner/dist/index.js:1056:17)\n    at runSuite (file:///Volumes/Development/Xaheen%20Enterprise/xaheen/node_modules/.pnpm/vitest@2.1.9_@types+node@22.17.0_@vitest+ui@2.1.9_lightningcss@1.30.1_terser@5.16.9/node_modules/vitest/node_modules/@vitest/runner/dist/index.js:1205:15)\n    at runSuite (file:///Volumes/Development/Xaheen%20Enterprise/xaheen/node_modules/.pnpm/vitest@2.1.9_@types+node@22.17.0_@vitest+ui@2.1.9_lightningcss@1.30.1_terser@5.16.9/node_modules/vitest/node_modules/@vitest/runner/dist/index.js:1205:15)","Error: [vitest] No \"default\" export is defined on the \"inquirer\" mock. Did you forget to return it from \"vi.mock\"?\nIf you need to partially mock a module, you can use \"importOriginal\" helper inside:\n\n    at VitestMocker.createError (file:///Volumes/Development/Xaheen%20Enterprise/xaheen/node_modules/.pnpm/vitest@2.1.9_@types+node@22.17.0_@vitest+ui@2.1.9_lightningcss@1.30.1_terser@5.16.9/node_modules/vitest/dist/chunks/execute.2pr0rHgK.js:321:19)\n    at Object.get (file:///Volumes/Development/Xaheen%20Enterprise/xaheen/node_modules/.pnpm/vitest@2.1.9_@types+node@22.17.0_@vitest+ui@2.1.9_lightningcss@1.30.1_terser@5.16.9/node_modules/vitest/dist/chunks/execute.2pr0rHgK.js:389:22)\n    at codebuffCommand (/Volumes/Development/Xaheen Enterprise/xaheen/packages/xaheen-cli/src/commands/ai.ts:109:29)\n    at /Volumes/Development/Xaheen Enterprise/xaheen/packages/xaheen-cli/src/commands/ai.unit.test.ts:293:10\n    at file:///Volumes/Development/Xaheen%20Enterprise/xaheen/node_modules/.pnpm/vitest@2.1.9_@types+node@22.17.0_@vitest+ui@2.1.9_lightningcss@1.30.1_terser@5.16.9/node_modules/vitest/node_modules/@vitest/runner/dist/index.js:146:14\n    at file:///Volumes/Development/Xaheen%20Enterprise/xaheen/node_modules/.pnpm/vitest@2.1.9_@types+node@22.17.0_@vitest+ui@2.1.9_lightningcss@1.30.1_terser@5.16.9/node_modules/vitest/node_modules/@vitest/runner/dist/index.js:533:11\n    at runWithTimeout (file:///Volumes/Development/Xaheen%20Enterprise/xaheen/node_modules/.pnpm/vitest@2.1.9_@types+node@22.17.0_@vitest+ui@2.1.9_lightningcss@1.30.1_terser@5.16.9/node_modules/vitest/node_modules/@vitest/runner/dist/index.js:39:7)\n    at runTest (file:///Volumes/Development/Xaheen%20Enterprise/xaheen/node_modules/.pnpm/vitest@2.1.9_@types+node@22.17.0_@vitest+ui@2.1.9_lightningcss@1.30.1_terser@5.16.9/node_modules/vitest/node_modules/@vitest/runner/dist/index.js:1056:17)\n    at runSuite (file:///Volumes/Development/Xaheen%20Enterprise/xaheen/node_modules/.pnpm/vitest@2.1.9_@types+node@22.17.0_@vitest+ui@2.1.9_lightningcss@1.30.1_terser@5.16.9/node_modules/vitest/node_modules/@vitest/runner/dist/index.js:1205:15)\n    at runSuite (file:///Volumes/Development/Xaheen%20Enterprise/xaheen/node_modules/.pnpm/vitest@2.1.9_@types+node@22.17.0_@vitest+ui@2.1.9_lightningcss@1.30.1_terser@5.16.9/node_modules/vitest/node_modules/@vitest/runner/dist/index.js:1205:15)"],"location":{"line":272,"column":3},"meta":{}},{"ancestorTitles":["AI Command","fixTestsCommand"],"fullName":"AI Command fixTestsCommand should execute test fixing logic","status":"failed","title":"should execute test fixing logic","duration":1.4594579999999837,"failureMessages":["AssertionError: expected \"spy\" to be called with arguments: [ Array(3) ]\n\nReceived: \n\n\n\nNumber of calls: 0\n\n    at Proxy.<anonymous> (file:///Volumes/Development/Xaheen%20Enterprise/xaheen/node_modules/.pnpm/vitest@2.1.9_@types+node@22.17.0_@vitest+ui@2.1.9_lightningcss@1.30.1_terser@5.16.9/node_modules/vitest/node_modules/@vitest/expect/dist/index.js:1465:13)\n    at Proxy.<anonymous> (file:///Volumes/Development/Xaheen%20Enterprise/xaheen/node_modules/.pnpm/vitest@2.1.9_@types+node@22.17.0_@vitest+ui@2.1.9_lightningcss@1.30.1_terser@5.16.9/node_modules/vitest/node_modules/@vitest/expect/dist/index.js:972:17)\n    at Proxy.methodWrapper (file:///Volumes/Development/Xaheen%20Enterprise/xaheen/node_modules/.pnpm/vitest@2.1.9_@types+node@22.17.0_@vitest+ui@2.1.9_lightningcss@1.30.1_terser@5.16.9/node_modules/vitest/node_modules/chai/chai.js:1706:25)\n    at /Volumes/Development/Xaheen Enterprise/xaheen/packages/xaheen-cli/src/commands/ai.unit.test.ts:331:22\n    at file:///Volumes/Development/Xaheen%20Enterprise/xaheen/node_modules/.pnpm/vitest@2.1.9_@types+node@22.17.0_@vitest+ui@2.1.9_lightningcss@1.30.1_terser@5.16.9/node_modules/vitest/node_modules/@vitest/runner/dist/index.js:533:5\n    at runTest (file:///Volumes/Development/Xaheen%20Enterprise/xaheen/node_modules/.pnpm/vitest@2.1.9_@types+node@22.17.0_@vitest+ui@2.1.9_lightningcss@1.30.1_terser@5.16.9/node_modules/vitest/node_modules/@vitest/runner/dist/index.js:1056:11)\n    at runSuite (file:///Volumes/Development/Xaheen%20Enterprise/xaheen/node_modules/.pnpm/vitest@2.1.9_@types+node@22.17.0_@vitest+ui@2.1.9_lightningcss@1.30.1_terser@5.16.9/node_modules/vitest/node_modules/@vitest/runner/dist/index.js:1205:15)\n    at runSuite (file:///Volumes/Development/Xaheen%20Enterprise/xaheen/node_modules/.pnpm/vitest@2.1.9_@types+node@22.17.0_@vitest+ui@2.1.9_lightningcss@1.30.1_terser@5.16.9/node_modules/vitest/node_modules/@vitest/runner/dist/index.js:1205:15)\n    at runSuite (file:///Volumes/Development/Xaheen%20Enterprise/xaheen/node_modules/.pnpm/vitest@2.1.9_@types+node@22.17.0_@vitest+ui@2.1.9_lightningcss@1.30.1_terser@5.16.9/node_modules/vitest/node_modules/@vitest/runner/dist/index.js:1205:15)\n    at runFiles (file:///Volumes/Development/Xaheen%20Enterprise/xaheen/node_modules/.pnpm/vitest@2.1.9_@types+node@22.17.0_@vitest+ui@2.1.9_lightningcss@1.30.1_terser@5.16.9/node_modules/vitest/node_modules/@vitest/runner/dist/index.js:1262:5)","AssertionError: expected \"spy\" to be called with arguments: [ Array(3) ]\n\nReceived: \n\n\n\nNumber of calls: 0\n\n    at Proxy.<anonymous> (file:///Volumes/Development/Xaheen%20Enterprise/xaheen/node_modules/.pnpm/vitest@2.1.9_@types+node@22.17.0_@vitest+ui@2.1.9_lightningcss@1.30.1_terser@5.16.9/node_modules/vitest/node_modules/@vitest/expect/dist/index.js:1465:13)\n    at Proxy.<anonymous> (file:///Volumes/Development/Xaheen%20Enterprise/xaheen/node_modules/.pnpm/vitest@2.1.9_@types+node@22.17.0_@vitest+ui@2.1.9_lightningcss@1.30.1_terser@5.16.9/node_modules/vitest/node_modules/@vitest/expect/dist/index.js:972:17)\n    at Proxy.methodWrapper (file:///Volumes/Development/Xaheen%20Enterprise/xaheen/node_modules/.pnpm/vitest@2.1.9_@types+node@22.17.0_@vitest+ui@2.1.9_lightningcss@1.30.1_terser@5.16.9/node_modules/vitest/node_modules/chai/chai.js:1706:25)\n    at /Volumes/Development/Xaheen Enterprise/xaheen/packages/xaheen-cli/src/commands/ai.unit.test.ts:331:22\n    at file:///Volumes/Development/Xaheen%20Enterprise/xaheen/node_modules/.pnpm/vitest@2.1.9_@types+node@22.17.0_@vitest+ui@2.1.9_lightningcss@1.30.1_terser@5.16.9/node_modules/vitest/node_modules/@vitest/runner/dist/index.js:533:5\n    at runTest (file:///Volumes/Development/Xaheen%20Enterprise/xaheen/node_modules/.pnpm/vitest@2.1.9_@types+node@22.17.0_@vitest+ui@2.1.9_lightningcss@1.30.1_terser@5.16.9/node_modules/vitest/node_modules/@vitest/runner/dist/index.js:1056:11)\n    at runSuite (file:///Volumes/Development/Xaheen%20Enterprise/xaheen/node_modules/.pnpm/vitest@2.1.9_@types+node@22.17.0_@vitest+ui@2.1.9_lightningcss@1.30.1_terser@5.16.9/node_modules/vitest/node_modules/@vitest/runner/dist/index.js:1205:15)\n    at runSuite (file:///Volumes/Development/Xaheen%20Enterprise/xaheen/node_modules/.pnpm/vitest@2.1.9_@types+node@22.17.0_@vitest+ui@2.1.9_lightningcss@1.30.1_terser@5.16.9/node_modules/vitest/node_modules/@vitest/runner/dist/index.js:1205:15)\n    at runSuite (file:///Volumes/Development/Xaheen%20Enterprise/xaheen/node_modules/.pnpm/vitest@2.1.9_@types+node@22.17.0_@vitest+ui@2.1.9_lightningcss@1.30.1_terser@5.16.9/node_modules/vitest/node_modules/@vitest/runner/dist/index.js:1205:15)\n    at runFiles (file:///Volumes/Development/Xaheen%20Enterprise/xaheen/node_modules/.pnpm/vitest@2.1.9_@types+node@22.17.0_@vitest+ui@2.1.9_lightningcss@1.30.1_terser@5.16.9/node_modules/vitest/node_modules/@vitest/runner/dist/index.js:1262:5)","AssertionError: expected \"spy\" to be called with arguments: [ Array(3) ]\n\nReceived: \n\n\n\nNumber of calls: 0\n\n    at Proxy.<anonymous> (file:///Volumes/Development/Xaheen%20Enterprise/xaheen/node_modules/.pnpm/vitest@2.1.9_@types+node@22.17.0_@vitest+ui@2.1.9_lightningcss@1.30.1_terser@5.16.9/node_modules/vitest/node_modules/@vitest/expect/dist/index.js:1465:13)\n    at Proxy.<anonymous> (file:///Volumes/Development/Xaheen%20Enterprise/xaheen/node_modules/.pnpm/vitest@2.1.9_@types+node@22.17.0_@vitest+ui@2.1.9_lightningcss@1.30.1_terser@5.16.9/node_modules/vitest/node_modules/@vitest/expect/dist/index.js:972:17)\n    at Proxy.methodWrapper (file:///Volumes/Development/Xaheen%20Enterprise/xaheen/node_modules/.pnpm/vitest@2.1.9_@types+node@22.17.0_@vitest+ui@2.1.9_lightningcss@1.30.1_terser@5.16.9/node_modules/vitest/node_modules/chai/chai.js:1706:25)\n    at /Volumes/Development/Xaheen Enterprise/xaheen/packages/xaheen-cli/src/commands/ai.unit.test.ts:331:22\n    at file:///Volumes/Development/Xaheen%20Enterprise/xaheen/node_modules/.pnpm/vitest@2.1.9_@types+node@22.17.0_@vitest+ui@2.1.9_lightningcss@1.30.1_terser@5.16.9/node_modules/vitest/node_modules/@vitest/runner/dist/index.js:533:5\n    at runTest (file:///Volumes/Development/Xaheen%20Enterprise/xaheen/node_modules/.pnpm/vitest@2.1.9_@types+node@22.17.0_@vitest+ui@2.1.9_lightningcss@1.30.1_terser@5.16.9/node_modules/vitest/node_modules/@vitest/runner/dist/index.js:1056:11)\n    at runSuite (file:///Volumes/Development/Xaheen%20Enterprise/xaheen/node_modules/.pnpm/vitest@2.1.9_@types+node@22.17.0_@vitest+ui@2.1.9_lightningcss@1.30.1_terser@5.16.9/node_modules/vitest/node_modules/@vitest/runner/dist/index.js:1205:15)\n    at runSuite (file:///Volumes/Development/Xaheen%20Enterprise/xaheen/node_modules/.pnpm/vitest@2.1.9_@types+node@22.17.0_@vitest+ui@2.1.9_lightningcss@1.30.1_terser@5.16.9/node_modules/vitest/node_modules/@vitest/runner/dist/index.js:1205:15)\n    at runSuite (file:///Volumes/Development/Xaheen%20Enterprise/xaheen/node_modules/.pnpm/vitest@2.1.9_@types+node@22.17.0_@vitest+ui@2.1.9_lightningcss@1.30.1_terser@5.16.9/node_modules/vitest/node_modules/@vitest/runner/dist/index.js:1205:15)\n    at runFiles (file:///Volumes/Development/Xaheen%20Enterprise/xaheen/node_modules/.pnpm/vitest@2.1.9_@types+node@22.17.0_@vitest+ui@2.1.9_lightningcss@1.30.1_terser@5.16.9/node_modules/vitest/node_modules/@vitest/runner/dist/index.js:1262:5)"],"location":{"line":308,"column":3},"meta":{}},{"ancestorTitles":["AI Command","fixTestsCommand"],"fullName":"AI Command fixTestsCommand should handle test fixing errors","status":"failed","title":"should handle test fixing errors","duration":1.0729160000000206,"failureMessages":["Error: promise resolved \"undefined\" instead of rejecting\n    at _Assertion.__VITEST_REJECTS__ (file:///Volumes/Development/Xaheen%20Enterprise/xaheen/node_modules/.pnpm/vitest@2.1.9_@types+node@22.17.0_@vitest+ui@2.1.9_lightningcss@1.30.1_terser@5.16.9/node_modules/vitest/node_modules/@vitest/expect/dist/index.js:1805:21)\n    at _Assertion.propertyGetter (file:///Volumes/Development/Xaheen%20Enterprise/xaheen/node_modules/.pnpm/vitest@2.1.9_@types+node@22.17.0_@vitest+ui@2.1.9_lightningcss@1.30.1_terser@5.16.9/node_modules/vitest/node_modules/chai/chai.js:1577:27)\n    at Reflect.get (<anonymous>)\n    at Object.proxyGetter [as get] (file:///Volumes/Development/Xaheen%20Enterprise/xaheen/node_modules/.pnpm/vitest@2.1.9_@types+node@22.17.0_@vitest+ui@2.1.9_lightningcss@1.30.1_terser@5.16.9/node_modules/vitest/node_modules/chai/chai.js:1665:22)\n    at /Volumes/Development/Xaheen Enterprise/xaheen/packages/xaheen-cli/src/commands/ai.unit.test.ts:359:41\n    at file:///Volumes/Development/Xaheen%20Enterprise/xaheen/node_modules/.pnpm/vitest@2.1.9_@types+node@22.17.0_@vitest+ui@2.1.9_lightningcss@1.30.1_terser@5.16.9/node_modules/vitest/node_modules/@vitest/runner/dist/index.js:146:14\n    at file:///Volumes/Development/Xaheen%20Enterprise/xaheen/node_modules/.pnpm/vitest@2.1.9_@types+node@22.17.0_@vitest+ui@2.1.9_lightningcss@1.30.1_terser@5.16.9/node_modules/vitest/node_modules/@vitest/runner/dist/index.js:533:11\n    at runWithTimeout (file:///Volumes/Development/Xaheen%20Enterprise/xaheen/node_modules/.pnpm/vitest@2.1.9_@types+node@22.17.0_@vitest+ui@2.1.9_lightningcss@1.30.1_terser@5.16.9/node_modules/vitest/node_modules/@vitest/runner/dist/index.js:39:7)\n    at runTest (file:///Volumes/Development/Xaheen%20Enterprise/xaheen/node_modules/.pnpm/vitest@2.1.9_@types+node@22.17.0_@vitest+ui@2.1.9_lightningcss@1.30.1_terser@5.16.9/node_modules/vitest/node_modules/@vitest/runner/dist/index.js:1056:17)\n    at runSuite (file:///Volumes/Development/Xaheen%20Enterprise/xaheen/node_modules/.pnpm/vitest@2.1.9_@types+node@22.17.0_@vitest+ui@2.1.9_lightningcss@1.30.1_terser@5.16.9/node_modules/vitest/node_modules/@vitest/runner/dist/index.js:1205:15)","Error: promise resolved \"undefined\" instead of rejecting\n    at _Assertion.__VITEST_REJECTS__ (file:///Volumes/Development/Xaheen%20Enterprise/xaheen/node_modules/.pnpm/vitest@2.1.9_@types+node@22.17.0_@vitest+ui@2.1.9_lightningcss@1.30.1_terser@5.16.9/node_modules/vitest/node_modules/@vitest/expect/dist/index.js:1805:21)\n    at _Assertion.propertyGetter (file:///Volumes/Development/Xaheen%20Enterprise/xaheen/node_modules/.pnpm/vitest@2.1.9_@types+node@22.17.0_@vitest+ui@2.1.9_lightningcss@1.30.1_terser@5.16.9/node_modules/vitest/node_modules/chai/chai.js:1577:27)\n    at Reflect.get (<anonymous>)\n    at Object.proxyGetter [as get] (file:///Volumes/Development/Xaheen%20Enterprise/xaheen/node_modules/.pnpm/vitest@2.1.9_@types+node@22.17.0_@vitest+ui@2.1.9_lightningcss@1.30.1_terser@5.16.9/node_modules/vitest/node_modules/chai/chai.js:1665:22)\n    at /Volumes/Development/Xaheen Enterprise/xaheen/packages/xaheen-cli/src/commands/ai.unit.test.ts:359:41\n    at file:///Volumes/Development/Xaheen%20Enterprise/xaheen/node_modules/.pnpm/vitest@2.1.9_@types+node@22.17.0_@vitest+ui@2.1.9_lightningcss@1.30.1_terser@5.16.9/node_modules/vitest/node_modules/@vitest/runner/dist/index.js:146:14\n    at file:///Volumes/Development/Xaheen%20Enterprise/xaheen/node_modules/.pnpm/vitest@2.1.9_@types+node@22.17.0_@vitest+ui@2.1.9_lightningcss@1.30.1_terser@5.16.9/node_modules/vitest/node_modules/@vitest/runner/dist/index.js:533:11\n    at runWithTimeout (file:///Volumes/Development/Xaheen%20Enterprise/xaheen/node_modules/.pnpm/vitest@2.1.9_@types+node@22.17.0_@vitest+ui@2.1.9_lightningcss@1.30.1_terser@5.16.9/node_modules/vitest/node_modules/@vitest/runner/dist/index.js:39:7)\n    at runTest (file:///Volumes/Development/Xaheen%20Enterprise/xaheen/node_modules/.pnpm/vitest@2.1.9_@types+node@22.17.0_@vitest+ui@2.1.9_lightningcss@1.30.1_terser@5.16.9/node_modules/vitest/node_modules/@vitest/runner/dist/index.js:1056:17)\n    at runSuite (file:///Volumes/Development/Xaheen%20Enterprise/xaheen/node_modules/.pnpm/vitest@2.1.9_@types+node@22.17.0_@vitest+ui@2.1.9_lightningcss@1.30.1_terser@5.16.9/node_modules/vitest/node_modules/@vitest/runner/dist/index.js:1205:15)","Error: promise resolved \"undefined\" instead of rejecting\n    at _Assertion.__VITEST_REJECTS__ (file:///Volumes/Development/Xaheen%20Enterprise/xaheen/node_modules/.pnpm/vitest@2.1.9_@types+node@22.17.0_@vitest+ui@2.1.9_lightningcss@1.30.1_terser@5.16.9/node_modules/vitest/node_modules/@vitest/expect/dist/index.js:1805:21)\n    at _Assertion.propertyGetter (file:///Volumes/Development/Xaheen%20Enterprise/xaheen/node_modules/.pnpm/vitest@2.1.9_@types+node@22.17.0_@vitest+ui@2.1.9_lightningcss@1.30.1_terser@5.16.9/node_modules/vitest/node_modules/chai/chai.js:1577:27)\n    at Reflect.get (<anonymous>)\n    at Object.proxyGetter [as get] (file:///Volumes/Development/Xaheen%20Enterprise/xaheen/node_modules/.pnpm/vitest@2.1.9_@types+node@22.17.0_@vitest+ui@2.1.9_lightningcss@1.30.1_terser@5.16.9/node_modules/vitest/node_modules/chai/chai.js:1665:22)\n    at /Volumes/Development/Xaheen Enterprise/xaheen/packages/xaheen-cli/src/commands/ai.unit.test.ts:359:41\n    at file:///Volumes/Development/Xaheen%20Enterprise/xaheen/node_modules/.pnpm/vitest@2.1.9_@types+node@22.17.0_@vitest+ui@2.1.9_lightningcss@1.30.1_terser@5.16.9/node_modules/vitest/node_modules/@vitest/runner/dist/index.js:146:14\n    at file:///Volumes/Development/Xaheen%20Enterprise/xaheen/node_modules/.pnpm/vitest@2.1.9_@types+node@22.17.0_@vitest+ui@2.1.9_lightningcss@1.30.1_terser@5.16.9/node_modules/vitest/node_modules/@vitest/runner/dist/index.js:533:11\n    at runWithTimeout (file:///Volumes/Development/Xaheen%20Enterprise/xaheen/node_modules/.pnpm/vitest@2.1.9_@types+node@22.17.0_@vitest+ui@2.1.9_lightningcss@1.30.1_terser@5.16.9/node_modules/vitest/node_modules/@vitest/runner/dist/index.js:39:7)\n    at runTest (file:///Volumes/Development/Xaheen%20Enterprise/xaheen/node_modules/.pnpm/vitest@2.1.9_@types+node@22.17.0_@vitest+ui@2.1.9_lightningcss@1.30.1_terser@5.16.9/node_modules/vitest/node_modules/@vitest/runner/dist/index.js:1056:17)\n    at runSuite (file:///Volumes/Development/Xaheen%20Enterprise/xaheen/node_modules/.pnpm/vitest@2.1.9_@types+node@22.17.0_@vitest+ui@2.1.9_lightningcss@1.30.1_terser@5.16.9/node_modules/vitest/node_modules/@vitest/runner/dist/index.js:1205:15)"],"location":{"line":338,"column":3},"meta":{}},{"ancestorTitles":["AI Command","norwegianComplianceCommand"],"fullName":"AI Command norwegianComplianceCommand should execute Norwegian compliance checking","status":"failed","title":"should execute Norwegian compliance checking","duration":1.9662910000000124,"failureMessages":["Error: [vitest] No \"default\" export is defined on the \"inquirer\" mock. Did you forget to return it from \"vi.mock\"?\nIf you need to partially mock a module, you can use \"importOriginal\" helper inside:\n\n    at VitestMocker.createError (file:///Volumes/Development/Xaheen%20Enterprise/xaheen/node_modules/.pnpm/vitest@2.1.9_@types+node@22.17.0_@vitest+ui@2.1.9_lightningcss@1.30.1_terser@5.16.9/node_modules/vitest/dist/chunks/execute.2pr0rHgK.js:321:19)\n    at Object.get (file:///Volumes/Development/Xaheen%20Enterprise/xaheen/node_modules/.pnpm/vitest@2.1.9_@types+node@22.17.0_@vitest+ui@2.1.9_lightningcss@1.30.1_terser@5.16.9/node_modules/vitest/dist/chunks/execute.2pr0rHgK.js:389:22)\n    at codebuffCommand (/Volumes/Development/Xaheen Enterprise/xaheen/packages/xaheen-cli/src/commands/ai.ts:109:29)\n    at norwegianComplianceCommand (/Volumes/Development/Xaheen Enterprise/xaheen/packages/xaheen-cli/src/commands/ai.ts:259:8)\n    at /Volumes/Development/Xaheen Enterprise/xaheen/packages/xaheen-cli/src/commands/ai.unit.test.ts:393:10\n    at file:///Volumes/Development/Xaheen%20Enterprise/xaheen/node_modules/.pnpm/vitest@2.1.9_@types+node@22.17.0_@vitest+ui@2.1.9_lightningcss@1.30.1_terser@5.16.9/node_modules/vitest/node_modules/@vitest/runner/dist/index.js:146:14\n    at file:///Volumes/Development/Xaheen%20Enterprise/xaheen/node_modules/.pnpm/vitest@2.1.9_@types+node@22.17.0_@vitest+ui@2.1.9_lightningcss@1.30.1_terser@5.16.9/node_modules/vitest/node_modules/@vitest/runner/dist/index.js:533:11\n    at runWithTimeout (file:///Volumes/Development/Xaheen%20Enterprise/xaheen/node_modules/.pnpm/vitest@2.1.9_@types+node@22.17.0_@vitest+ui@2.1.9_lightningcss@1.30.1_terser@5.16.9/node_modules/vitest/node_modules/@vitest/runner/dist/index.js:39:7)\n    at runTest (file:///Volumes/Development/Xaheen%20Enterprise/xaheen/node_modules/.pnpm/vitest@2.1.9_@types+node@22.17.0_@vitest+ui@2.1.9_lightningcss@1.30.1_terser@5.16.9/node_modules/vitest/node_modules/@vitest/runner/dist/index.js:1056:17)\n    at runSuite (file:///Volumes/Development/Xaheen%20Enterprise/xaheen/node_modules/.pnpm/vitest@2.1.9_@types+node@22.17.0_@vitest+ui@2.1.9_lightningcss@1.30.1_terser@5.16.9/node_modules/vitest/node_modules/@vitest/runner/dist/index.js:1205:15)","Error: [vitest] No \"default\" export is defined on the \"inquirer\" mock. Did you forget to return it from \"vi.mock\"?\nIf you need to partially mock a module, you can use \"importOriginal\" helper inside:\n\n    at VitestMocker.createError (file:///Volumes/Development/Xaheen%20Enterprise/xaheen/node_modules/.pnpm/vitest@2.1.9_@types+node@22.17.0_@vitest+ui@2.1.9_lightningcss@1.30.1_terser@5.16.9/node_modules/vitest/dist/chunks/execute.2pr0rHgK.js:321:19)\n    at Object.get (file:///Volumes/Development/Xaheen%20Enterprise/xaheen/node_modules/.pnpm/vitest@2.1.9_@types+node@22.17.0_@vitest+ui@2.1.9_lightningcss@1.30.1_terser@5.16.9/node_modules/vitest/dist/chunks/execute.2pr0rHgK.js:389:22)\n    at codebuffCommand (/Volumes/Development/Xaheen Enterprise/xaheen/packages/xaheen-cli/src/commands/ai.ts:109:29)\n    at norwegianComplianceCommand (/Volumes/Development/Xaheen Enterprise/xaheen/packages/xaheen-cli/src/commands/ai.ts:259:8)\n    at /Volumes/Development/Xaheen Enterprise/xaheen/packages/xaheen-cli/src/commands/ai.unit.test.ts:393:10\n    at file:///Volumes/Development/Xaheen%20Enterprise/xaheen/node_modules/.pnpm/vitest@2.1.9_@types+node@22.17.0_@vitest+ui@2.1.9_lightningcss@1.30.1_terser@5.16.9/node_modules/vitest/node_modules/@vitest/runner/dist/index.js:146:14\n    at file:///Volumes/Development/Xaheen%20Enterprise/xaheen/node_modules/.pnpm/vitest@2.1.9_@types+node@22.17.0_@vitest+ui@2.1.9_lightningcss@1.30.1_terser@5.16.9/node_modules/vitest/node_modules/@vitest/runner/dist/index.js:533:11\n    at runWithTimeout (file:///Volumes/Development/Xaheen%20Enterprise/xaheen/node_modules/.pnpm/vitest@2.1.9_@types+node@22.17.0_@vitest+ui@2.1.9_lightningcss@1.30.1_terser@5.16.9/node_modules/vitest/node_modules/@vitest/runner/dist/index.js:39:7)\n    at runTest (file:///Volumes/Development/Xaheen%20Enterprise/xaheen/node_modules/.pnpm/vitest@2.1.9_@types+node@22.17.0_@vitest+ui@2.1.9_lightningcss@1.30.1_terser@5.16.9/node_modules/vitest/node_modules/@vitest/runner/dist/index.js:1056:17)\n    at runSuite (file:///Volumes/Development/Xaheen%20Enterprise/xaheen/node_modules/.pnpm/vitest@2.1.9_@types+node@22.17.0_@vitest+ui@2.1.9_lightningcss@1.30.1_terser@5.16.9/node_modules/vitest/node_modules/@vitest/runner/dist/index.js:1205:15)","Error: [vitest] No \"default\" export is defined on the \"inquirer\" mock. Did you forget to return it from \"vi.mock\"?\nIf you need to partially mock a module, you can use \"importOriginal\" helper inside:\n\n    at VitestMocker.createError (file:///Volumes/Development/Xaheen%20Enterprise/xaheen/node_modules/.pnpm/vitest@2.1.9_@types+node@22.17.0_@vitest+ui@2.1.9_lightningcss@1.30.1_terser@5.16.9/node_modules/vitest/dist/chunks/execute.2pr0rHgK.js:321:19)\n    at Object.get (file:///Volumes/Development/Xaheen%20Enterprise/xaheen/node_modules/.pnpm/vitest@2.1.9_@types+node@22.17.0_@vitest+ui@2.1.9_lightningcss@1.30.1_terser@5.16.9/node_modules/vitest/dist/chunks/execute.2pr0rHgK.js:389:22)\n    at codebuffCommand (/Volumes/Development/Xaheen Enterprise/xaheen/packages/xaheen-cli/src/commands/ai.ts:109:29)\n    at norwegianComplianceCommand (/Volumes/Development/Xaheen Enterprise/xaheen/packages/xaheen-cli/src/commands/ai.ts:259:8)\n    at /Volumes/Development/Xaheen Enterprise/xaheen/packages/xaheen-cli/src/commands/ai.unit.test.ts:393:10\n    at file:///Volumes/Development/Xaheen%20Enterprise/xaheen/node_modules/.pnpm/vitest@2.1.9_@types+node@22.17.0_@vitest+ui@2.1.9_lightningcss@1.30.1_terser@5.16.9/node_modules/vitest/node_modules/@vitest/runner/dist/index.js:146:14\n    at file:///Volumes/Development/Xaheen%20Enterprise/xaheen/node_modules/.pnpm/vitest@2.1.9_@types+node@22.17.0_@vitest+ui@2.1.9_lightningcss@1.30.1_terser@5.16.9/node_modules/vitest/node_modules/@vitest/runner/dist/index.js:533:11\n    at runWithTimeout (file:///Volumes/Development/Xaheen%20Enterprise/xaheen/node_modules/.pnpm/vitest@2.1.9_@types+node@22.17.0_@vitest+ui@2.1.9_lightningcss@1.30.1_terser@5.16.9/node_modules/vitest/node_modules/@vitest/runner/dist/index.js:39:7)\n    at runTest (file:///Volumes/Development/Xaheen%20Enterprise/xaheen/node_modules/.pnpm/vitest@2.1.9_@types+node@22.17.0_@vitest+ui@2.1.9_lightningcss@1.30.1_terser@5.16.9/node_modules/vitest/node_modules/@vitest/runner/dist/index.js:1056:17)\n    at runSuite (file:///Volumes/Development/Xaheen%20Enterprise/xaheen/node_modules/.pnpm/vitest@2.1.9_@types+node@22.17.0_@vitest+ui@2.1.9_lightningcss@1.30.1_terser@5.16.9/node_modules/vitest/node_modules/@vitest/runner/dist/index.js:1205:15)"],"location":{"line":371,"column":3},"meta":{}},{"ancestorTitles":["AI Command","norwegianComplianceCommand"],"fullName":"AI Command norwegianComplianceCommand should include Norwegian regulations in prompt","status":"failed","title":"should include Norwegian regulations in prompt","duration":0.6729589999999916,"failureMessages":["Error: [vitest] No \"default\" export is defined on the \"inquirer\" mock. Did you forget to return it from \"vi.mock\"?\nIf you need to partially mock a module, you can use \"importOriginal\" helper inside:\n\n    at VitestMocker.createError (file:///Volumes/Development/Xaheen%20Enterprise/xaheen/node_modules/.pnpm/vitest@2.1.9_@types+node@22.17.0_@vitest+ui@2.1.9_lightningcss@1.30.1_terser@5.16.9/node_modules/vitest/dist/chunks/execute.2pr0rHgK.js:321:19)\n    at Object.get (file:///Volumes/Development/Xaheen%20Enterprise/xaheen/node_modules/.pnpm/vitest@2.1.9_@types+node@22.17.0_@vitest+ui@2.1.9_lightningcss@1.30.1_terser@5.16.9/node_modules/vitest/dist/chunks/execute.2pr0rHgK.js:389:22)\n    at codebuffCommand (/Volumes/Development/Xaheen Enterprise/xaheen/packages/xaheen-cli/src/commands/ai.ts:109:29)\n    at norwegianComplianceCommand (/Volumes/Development/Xaheen Enterprise/xaheen/packages/xaheen-cli/src/commands/ai.ts:259:8)\n    at /Volumes/Development/Xaheen Enterprise/xaheen/packages/xaheen-cli/src/commands/ai.unit.test.ts:427:10\n    at file:///Volumes/Development/Xaheen%20Enterprise/xaheen/node_modules/.pnpm/vitest@2.1.9_@types+node@22.17.0_@vitest+ui@2.1.9_lightningcss@1.30.1_terser@5.16.9/node_modules/vitest/node_modules/@vitest/runner/dist/index.js:146:14\n    at file:///Volumes/Development/Xaheen%20Enterprise/xaheen/node_modules/.pnpm/vitest@2.1.9_@types+node@22.17.0_@vitest+ui@2.1.9_lightningcss@1.30.1_terser@5.16.9/node_modules/vitest/node_modules/@vitest/runner/dist/index.js:533:11\n    at runWithTimeout (file:///Volumes/Development/Xaheen%20Enterprise/xaheen/node_modules/.pnpm/vitest@2.1.9_@types+node@22.17.0_@vitest+ui@2.1.9_lightningcss@1.30.1_terser@5.16.9/node_modules/vitest/node_modules/@vitest/runner/dist/index.js:39:7)\n    at runTest (file:///Volumes/Development/Xaheen%20Enterprise/xaheen/node_modules/.pnpm/vitest@2.1.9_@types+node@22.17.0_@vitest+ui@2.1.9_lightningcss@1.30.1_terser@5.16.9/node_modules/vitest/node_modules/@vitest/runner/dist/index.js:1056:17)\n    at runSuite (file:///Volumes/Development/Xaheen%20Enterprise/xaheen/node_modules/.pnpm/vitest@2.1.9_@types+node@22.17.0_@vitest+ui@2.1.9_lightningcss@1.30.1_terser@5.16.9/node_modules/vitest/node_modules/@vitest/runner/dist/index.js:1205:15)","Error: [vitest] No \"default\" export is defined on the \"inquirer\" mock. Did you forget to return it from \"vi.mock\"?\nIf you need to partially mock a module, you can use \"importOriginal\" helper inside:\n\n    at VitestMocker.createError (file:///Volumes/Development/Xaheen%20Enterprise/xaheen/node_modules/.pnpm/vitest@2.1.9_@types+node@22.17.0_@vitest+ui@2.1.9_lightningcss@1.30.1_terser@5.16.9/node_modules/vitest/dist/chunks/execute.2pr0rHgK.js:321:19)\n    at Object.get (file:///Volumes/Development/Xaheen%20Enterprise/xaheen/node_modules/.pnpm/vitest@2.1.9_@types+node@22.17.0_@vitest+ui@2.1.9_lightningcss@1.30.1_terser@5.16.9/node_modules/vitest/dist/chunks/execute.2pr0rHgK.js:389:22)\n    at codebuffCommand (/Volumes/Development/Xaheen Enterprise/xaheen/packages/xaheen-cli/src/commands/ai.ts:109:29)\n    at norwegianComplianceCommand (/Volumes/Development/Xaheen Enterprise/xaheen/packages/xaheen-cli/src/commands/ai.ts:259:8)\n    at /Volumes/Development/Xaheen Enterprise/xaheen/packages/xaheen-cli/src/commands/ai.unit.test.ts:427:10\n    at file:///Volumes/Development/Xaheen%20Enterprise/xaheen/node_modules/.pnpm/vitest@2.1.9_@types+node@22.17.0_@vitest+ui@2.1.9_lightningcss@1.30.1_terser@5.16.9/node_modules/vitest/node_modules/@vitest/runner/dist/index.js:146:14\n    at file:///Volumes/Development/Xaheen%20Enterprise/xaheen/node_modules/.pnpm/vitest@2.1.9_@types+node@22.17.0_@vitest+ui@2.1.9_lightningcss@1.30.1_terser@5.16.9/node_modules/vitest/node_modules/@vitest/runner/dist/index.js:533:11\n    at runWithTimeout (file:///Volumes/Development/Xaheen%20Enterprise/xaheen/node_modules/.pnpm/vitest@2.1.9_@types+node@22.17.0_@vitest+ui@2.1.9_lightningcss@1.30.1_terser@5.16.9/node_modules/vitest/node_modules/@vitest/runner/dist/index.js:39:7)\n    at runTest (file:///Volumes/Development/Xaheen%20Enterprise/xaheen/node_modules/.pnpm/vitest@2.1.9_@types+node@22.17.0_@vitest+ui@2.1.9_lightningcss@1.30.1_terser@5.16.9/node_modules/vitest/node_modules/@vitest/runner/dist/index.js:1056:17)\n    at runSuite (file:///Volumes/Development/Xaheen%20Enterprise/xaheen/node_modules/.pnpm/vitest@2.1.9_@types+node@22.17.0_@vitest+ui@2.1.9_lightningcss@1.30.1_terser@5.16.9/node_modules/vitest/node_modules/@vitest/runner/dist/index.js:1205:15)","Error: [vitest] No \"default\" export is defined on the \"inquirer\" mock. Did you forget to return it from \"vi.mock\"?\nIf you need to partially mock a module, you can use \"importOriginal\" helper inside:\n\n    at VitestMocker.createError (file:///Volumes/Development/Xaheen%20Enterprise/xaheen/node_modules/.pnpm/vitest@2.1.9_@types+node@22.17.0_@vitest+ui@2.1.9_lightningcss@1.30.1_terser@5.16.9/node_modules/vitest/dist/chunks/execute.2pr0rHgK.js:321:19)\n    at Object.get (file:///Volumes/Development/Xaheen%20Enterprise/xaheen/node_modules/.pnpm/vitest@2.1.9_@types+node@22.17.0_@vitest+ui@2.1.9_lightningcss@1.30.1_terser@5.16.9/node_modules/vitest/dist/chunks/execute.2pr0rHgK.js:389:22)\n    at codebuffCommand (/Volumes/Development/Xaheen Enterprise/xaheen/packages/xaheen-cli/src/commands/ai.ts:109:29)\n    at norwegianComplianceCommand (/Volumes/Development/Xaheen Enterprise/xaheen/packages/xaheen-cli/src/commands/ai.ts:259:8)\n    at /Volumes/Development/Xaheen Enterprise/xaheen/packages/xaheen-cli/src/commands/ai.unit.test.ts:427:10\n    at file:///Volumes/Development/Xaheen%20Enterprise/xaheen/node_modules/.pnpm/vitest@2.1.9_@types+node@22.17.0_@vitest+ui@2.1.9_lightningcss@1.30.1_terser@5.16.9/node_modules/vitest/node_modules/@vitest/runner/dist/index.js:146:14\n    at file:///Volumes/Development/Xaheen%20Enterprise/xaheen/node_modules/.pnpm/vitest@2.1.9_@types+node@22.17.0_@vitest+ui@2.1.9_lightningcss@1.30.1_terser@5.16.9/node_modules/vitest/node_modules/@vitest/runner/dist/index.js:533:11\n    at runWithTimeout (file:///Volumes/Development/Xaheen%20Enterprise/xaheen/node_modules/.pnpm/vitest@2.1.9_@types+node@22.17.0_@vitest+ui@2.1.9_lightningcss@1.30.1_terser@5.16.9/node_modules/vitest/node_modules/@vitest/runner/dist/index.js:39:7)\n    at runTest (file:///Volumes/Development/Xaheen%20Enterprise/xaheen/node_modules/.pnpm/vitest@2.1.9_@types+node@22.17.0_@vitest+ui@2.1.9_lightningcss@1.30.1_terser@5.16.9/node_modules/vitest/node_modules/@vitest/runner/dist/index.js:1056:17)\n    at runSuite (file:///Volumes/Development/Xaheen%20Enterprise/xaheen/node_modules/.pnpm/vitest@2.1.9_@types+node@22.17.0_@vitest+ui@2.1.9_lightningcss@1.30.1_terser@5.16.9/node_modules/vitest/node_modules/@vitest/runner/dist/index.js:1205:15)"],"location":{"line":405,"column":3},"meta":{}},{"ancestorTitles":["AI Command","AI Refactoring Integration"],"fullName":"AI Command AI Refactoring Integration should use AI refactoring generator for complex operations","status":"failed","title":"should use AI refactoring generator for complex operations","duration":0.4031669999999963,"failureMessages":["TypeError: mockRefactoringGenerator.generate is not a function\n    at /Volumes/Development/Xaheen Enterprise/xaheen/packages/xaheen-cli/src/commands/ai.unit.test.ts:446:35\n    at file:///Volumes/Development/Xaheen%20Enterprise/xaheen/node_modules/.pnpm/vitest@2.1.9_@types+node@22.17.0_@vitest+ui@2.1.9_lightningcss@1.30.1_terser@5.16.9/node_modules/vitest/node_modules/@vitest/runner/dist/index.js:146:14\n    at file:///Volumes/Development/Xaheen%20Enterprise/xaheen/node_modules/.pnpm/vitest@2.1.9_@types+node@22.17.0_@vitest+ui@2.1.9_lightningcss@1.30.1_terser@5.16.9/node_modules/vitest/node_modules/@vitest/runner/dist/index.js:533:11\n    at runWithTimeout (file:///Volumes/Development/Xaheen%20Enterprise/xaheen/node_modules/.pnpm/vitest@2.1.9_@types+node@22.17.0_@vitest+ui@2.1.9_lightningcss@1.30.1_terser@5.16.9/node_modules/vitest/node_modules/@vitest/runner/dist/index.js:39:7)\n    at runTest (file:///Volumes/Development/Xaheen%20Enterprise/xaheen/node_modules/.pnpm/vitest@2.1.9_@types+node@22.17.0_@vitest+ui@2.1.9_lightningcss@1.30.1_terser@5.16.9/node_modules/vitest/node_modules/@vitest/runner/dist/index.js:1056:17)\n    at runSuite (file:///Volumes/Development/Xaheen%20Enterprise/xaheen/node_modules/.pnpm/vitest@2.1.9_@types+node@22.17.0_@vitest+ui@2.1.9_lightningcss@1.30.1_terser@5.16.9/node_modules/vitest/node_modules/@vitest/runner/dist/index.js:1205:15)\n    at runSuite (file:///Volumes/Development/Xaheen%20Enterprise/xaheen/node_modules/.pnpm/vitest@2.1.9_@types+node@22.17.0_@vitest+ui@2.1.9_lightningcss@1.30.1_terser@5.16.9/node_modules/vitest/node_modules/@vitest/runner/dist/index.js:1205:15)\n    at runSuite (file:///Volumes/Development/Xaheen%20Enterprise/xaheen/node_modules/.pnpm/vitest@2.1.9_@types+node@22.17.0_@vitest+ui@2.1.9_lightningcss@1.30.1_terser@5.16.9/node_modules/vitest/node_modules/@vitest/runner/dist/index.js:1205:15)\n    at runFiles (file:///Volumes/Development/Xaheen%20Enterprise/xaheen/node_modules/.pnpm/vitest@2.1.9_@types+node@22.17.0_@vitest+ui@2.1.9_lightningcss@1.30.1_terser@5.16.9/node_modules/vitest/node_modules/@vitest/runner/dist/index.js:1262:5)\n    at startTests (file:///Volumes/Development/Xaheen%20Enterprise/xaheen/node_modules/.pnpm/vitest@2.1.9_@types+node@22.17.0_@vitest+ui@2.1.9_lightningcss@1.30.1_terser@5.16.9/node_modules/vitest/node_modules/@vitest/runner/dist/index.js:1271:3)","TypeError: mockRefactoringGenerator.generate is not a function\n    at /Volumes/Development/Xaheen Enterprise/xaheen/packages/xaheen-cli/src/commands/ai.unit.test.ts:446:35\n    at file:///Volumes/Development/Xaheen%20Enterprise/xaheen/node_modules/.pnpm/vitest@2.1.9_@types+node@22.17.0_@vitest+ui@2.1.9_lightningcss@1.30.1_terser@5.16.9/node_modules/vitest/node_modules/@vitest/runner/dist/index.js:146:14\n    at file:///Volumes/Development/Xaheen%20Enterprise/xaheen/node_modules/.pnpm/vitest@2.1.9_@types+node@22.17.0_@vitest+ui@2.1.9_lightningcss@1.30.1_terser@5.16.9/node_modules/vitest/node_modules/@vitest/runner/dist/index.js:533:11\n    at runWithTimeout (file:///Volumes/Development/Xaheen%20Enterprise/xaheen/node_modules/.pnpm/vitest@2.1.9_@types+node@22.17.0_@vitest+ui@2.1.9_lightningcss@1.30.1_terser@5.16.9/node_modules/vitest/node_modules/@vitest/runner/dist/index.js:39:7)\n    at runTest (file:///Volumes/Development/Xaheen%20Enterprise/xaheen/node_modules/.pnpm/vitest@2.1.9_@types+node@22.17.0_@vitest+ui@2.1.9_lightningcss@1.30.1_terser@5.16.9/node_modules/vitest/node_modules/@vitest/runner/dist/index.js:1056:17)\n    at runSuite (file:///Volumes/Development/Xaheen%20Enterprise/xaheen/node_modules/.pnpm/vitest@2.1.9_@types+node@22.17.0_@vitest+ui@2.1.9_lightningcss@1.30.1_terser@5.16.9/node_modules/vitest/node_modules/@vitest/runner/dist/index.js:1205:15)\n    at runSuite (file:///Volumes/Development/Xaheen%20Enterprise/xaheen/node_modules/.pnpm/vitest@2.1.9_@types+node@22.17.0_@vitest+ui@2.1.9_lightningcss@1.30.1_terser@5.16.9/node_modules/vitest/node_modules/@vitest/runner/dist/index.js:1205:15)\n    at runSuite (file:///Volumes/Development/Xaheen%20Enterprise/xaheen/node_modules/.pnpm/vitest@2.1.9_@types+node@22.17.0_@vitest+ui@2.1.9_lightningcss@1.30.1_terser@5.16.9/node_modules/vitest/node_modules/@vitest/runner/dist/index.js:1205:15)\n    at runFiles (file:///Volumes/Development/Xaheen%20Enterprise/xaheen/node_modules/.pnpm/vitest@2.1.9_@types+node@22.17.0_@vitest+ui@2.1.9_lightningcss@1.30.1_terser@5.16.9/node_modules/vitest/node_modules/@vitest/runner/dist/index.js:1262:5)\n    at startTests (file:///Volumes/Development/Xaheen%20Enterprise/xaheen/node_modules/.pnpm/vitest@2.1.9_@types+node@22.17.0_@vitest+ui@2.1.9_lightningcss@1.30.1_terser@5.16.9/node_modules/vitest/node_modules/@vitest/runner/dist/index.js:1271:3)","TypeError: mockRefactoringGenerator.generate is not a function\n    at /Volumes/Development/Xaheen Enterprise/xaheen/packages/xaheen-cli/src/commands/ai.unit.test.ts:446:35\n    at file:///Volumes/Development/Xaheen%20Enterprise/xaheen/node_modules/.pnpm/vitest@2.1.9_@types+node@22.17.0_@vitest+ui@2.1.9_lightningcss@1.30.1_terser@5.16.9/node_modules/vitest/node_modules/@vitest/runner/dist/index.js:146:14\n    at file:///Volumes/Development/Xaheen%20Enterprise/xaheen/node_modules/.pnpm/vitest@2.1.9_@types+node@22.17.0_@vitest+ui@2.1.9_lightningcss@1.30.1_terser@5.16.9/node_modules/vitest/node_modules/@vitest/runner/dist/index.js:533:11\n    at runWithTimeout (file:///Volumes/Development/Xaheen%20Enterprise/xaheen/node_modules/.pnpm/vitest@2.1.9_@types+node@22.17.0_@vitest+ui@2.1.9_lightningcss@1.30.1_terser@5.16.9/node_modules/vitest/node_modules/@vitest/runner/dist/index.js:39:7)\n    at runTest (file:///Volumes/Development/Xaheen%20Enterprise/xaheen/node_modules/.pnpm/vitest@2.1.9_@types+node@22.17.0_@vitest+ui@2.1.9_lightningcss@1.30.1_terser@5.16.9/node_modules/vitest/node_modules/@vitest/runner/dist/index.js:1056:17)\n    at runSuite (file:///Volumes/Development/Xaheen%20Enterprise/xaheen/node_modules/.pnpm/vitest@2.1.9_@types+node@22.17.0_@vitest+ui@2.1.9_lightningcss@1.30.1_terser@5.16.9/node_modules/vitest/node_modules/@vitest/runner/dist/index.js:1205:15)\n    at runSuite (file:///Volumes/Development/Xaheen%20Enterprise/xaheen/node_modules/.pnpm/vitest@2.1.9_@types+node@22.17.0_@vitest+ui@2.1.9_lightningcss@1.30.1_terser@5.16.9/node_modules/vitest/node_modules/@vitest/runner/dist/index.js:1205:15)\n    at runSuite (file:///Volumes/Development/Xaheen%20Enterprise/xaheen/node_modules/.pnpm/vitest@2.1.9_@types+node@22.17.0_@vitest+ui@2.1.9_lightningcss@1.30.1_terser@5.16.9/node_modules/vitest/node_modules/@vitest/runner/dist/index.js:1205:15)\n    at runFiles (file:///Volumes/Development/Xaheen%20Enterprise/xaheen/node_modules/.pnpm/vitest@2.1.9_@types+node@22.17.0_@vitest+ui@2.1.9_lightningcss@1.30.1_terser@5.16.9/node_modules/vitest/node_modules/@vitest/runner/dist/index.js:1262:5)\n    at startTests (file:///Volumes/Development/Xaheen%20Enterprise/xaheen/node_modules/.pnpm/vitest@2.1.9_@types+node@22.17.0_@vitest+ui@2.1.9_lightningcss@1.30.1_terser@5.16.9/node_modules/vitest/node_modules/@vitest/runner/dist/index.js:1271:3)"],"location":{"line":439,"column":3},"meta":{}},{"ancestorTitles":["AI Command","AI Refactoring Integration"],"fullName":"AI Command AI Refactoring Integration should handle refactoring generator errors","status":"failed","title":"should handle refactoring generator errors","duration":0.38720899999998437,"failureMessages":["TypeError: Cannot read properties of undefined (reading 'mockRejectedValue')\n    at /Volumes/Development/Xaheen Enterprise/xaheen/packages/xaheen-cli/src/commands/ai.unit.test.ts:452:38\n    at file:///Volumes/Development/Xaheen%20Enterprise/xaheen/node_modules/.pnpm/vitest@2.1.9_@types+node@22.17.0_@vitest+ui@2.1.9_lightningcss@1.30.1_terser@5.16.9/node_modules/vitest/node_modules/@vitest/runner/dist/index.js:146:14\n    at file:///Volumes/Development/Xaheen%20Enterprise/xaheen/node_modules/.pnpm/vitest@2.1.9_@types+node@22.17.0_@vitest+ui@2.1.9_lightningcss@1.30.1_terser@5.16.9/node_modules/vitest/node_modules/@vitest/runner/dist/index.js:533:11\n    at runWithTimeout (file:///Volumes/Development/Xaheen%20Enterprise/xaheen/node_modules/.pnpm/vitest@2.1.9_@types+node@22.17.0_@vitest+ui@2.1.9_lightningcss@1.30.1_terser@5.16.9/node_modules/vitest/node_modules/@vitest/runner/dist/index.js:39:7)\n    at runTest (file:///Volumes/Development/Xaheen%20Enterprise/xaheen/node_modules/.pnpm/vitest@2.1.9_@types+node@22.17.0_@vitest+ui@2.1.9_lightningcss@1.30.1_terser@5.16.9/node_modules/vitest/node_modules/@vitest/runner/dist/index.js:1056:17)\n    at runSuite (file:///Volumes/Development/Xaheen%20Enterprise/xaheen/node_modules/.pnpm/vitest@2.1.9_@types+node@22.17.0_@vitest+ui@2.1.9_lightningcss@1.30.1_terser@5.16.9/node_modules/vitest/node_modules/@vitest/runner/dist/index.js:1205:15)\n    at runSuite (file:///Volumes/Development/Xaheen%20Enterprise/xaheen/node_modules/.pnpm/vitest@2.1.9_@types+node@22.17.0_@vitest+ui@2.1.9_lightningcss@1.30.1_terser@5.16.9/node_modules/vitest/node_modules/@vitest/runner/dist/index.js:1205:15)\n    at runSuite (file:///Volumes/Development/Xaheen%20Enterprise/xaheen/node_modules/.pnpm/vitest@2.1.9_@types+node@22.17.0_@vitest+ui@2.1.9_lightningcss@1.30.1_terser@5.16.9/node_modules/vitest/node_modules/@vitest/runner/dist/index.js:1205:15)\n    at runFiles (file:///Volumes/Development/Xaheen%20Enterprise/xaheen/node_modules/.pnpm/vitest@2.1.9_@types+node@22.17.0_@vitest+ui@2.1.9_lightningcss@1.30.1_terser@5.16.9/node_modules/vitest/node_modules/@vitest/runner/dist/index.js:1262:5)\n    at startTests (file:///Volumes/Development/Xaheen%20Enterprise/xaheen/node_modules/.pnpm/vitest@2.1.9_@types+node@22.17.0_@vitest+ui@2.1.9_lightningcss@1.30.1_terser@5.16.9/node_modules/vitest/node_modules/@vitest/runner/dist/index.js:1271:3)","TypeError: Cannot read properties of undefined (reading 'mockRejectedValue')\n    at /Volumes/Development/Xaheen Enterprise/xaheen/packages/xaheen-cli/src/commands/ai.unit.test.ts:452:38\n    at file:///Volumes/Development/Xaheen%20Enterprise/xaheen/node_modules/.pnpm/vitest@2.1.9_@types+node@22.17.0_@vitest+ui@2.1.9_lightningcss@1.30.1_terser@5.16.9/node_modules/vitest/node_modules/@vitest/runner/dist/index.js:146:14\n    at file:///Volumes/Development/Xaheen%20Enterprise/xaheen/node_modules/.pnpm/vitest@2.1.9_@types+node@22.17.0_@vitest+ui@2.1.9_lightningcss@1.30.1_terser@5.16.9/node_modules/vitest/node_modules/@vitest/runner/dist/index.js:533:11\n    at runWithTimeout (file:///Volumes/Development/Xaheen%20Enterprise/xaheen/node_modules/.pnpm/vitest@2.1.9_@types+node@22.17.0_@vitest+ui@2.1.9_lightningcss@1.30.1_terser@5.16.9/node_modules/vitest/node_modules/@vitest/runner/dist/index.js:39:7)\n    at runTest (file:///Volumes/Development/Xaheen%20Enterprise/xaheen/node_modules/.pnpm/vitest@2.1.9_@types+node@22.17.0_@vitest+ui@2.1.9_lightningcss@1.30.1_terser@5.16.9/node_modules/vitest/node_modules/@vitest/runner/dist/index.js:1056:17)\n    at runSuite (file:///Volumes/Development/Xaheen%20Enterprise/xaheen/node_modules/.pnpm/vitest@2.1.9_@types+node@22.17.0_@vitest+ui@2.1.9_lightningcss@1.30.1_terser@5.16.9/node_modules/vitest/node_modules/@vitest/runner/dist/index.js:1205:15)\n    at runSuite (file:///Volumes/Development/Xaheen%20Enterprise/xaheen/node_modules/.pnpm/vitest@2.1.9_@types+node@22.17.0_@vitest+ui@2.1.9_lightningcss@1.30.1_terser@5.16.9/node_modules/vitest/node_modules/@vitest/runner/dist/index.js:1205:15)\n    at runSuite (file:///Volumes/Development/Xaheen%20Enterprise/xaheen/node_modules/.pnpm/vitest@2.1.9_@types+node@22.17.0_@vitest+ui@2.1.9_lightningcss@1.30.1_terser@5.16.9/node_modules/vitest/node_modules/@vitest/runner/dist/index.js:1205:15)\n    at runFiles (file:///Volumes/Development/Xaheen%20Enterprise/xaheen/node_modules/.pnpm/vitest@2.1.9_@types+node@22.17.0_@vitest+ui@2.1.9_lightningcss@1.30.1_terser@5.16.9/node_modules/vitest/node_modules/@vitest/runner/dist/index.js:1262:5)\n    at startTests (file:///Volumes/Development/Xaheen%20Enterprise/xaheen/node_modules/.pnpm/vitest@2.1.9_@types+node@22.17.0_@vitest+ui@2.1.9_lightningcss@1.30.1_terser@5.16.9/node_modules/vitest/node_modules/@vitest/runner/dist/index.js:1271:3)","TypeError: Cannot read properties of undefined (reading 'mockRejectedValue')\n    at /Volumes/Development/Xaheen Enterprise/xaheen/packages/xaheen-cli/src/commands/ai.unit.test.ts:452:38\n    at file:///Volumes/Development/Xaheen%20Enterprise/xaheen/node_modules/.pnpm/vitest@2.1.9_@types+node@22.17.0_@vitest+ui@2.1.9_lightningcss@1.30.1_terser@5.16.9/node_modules/vitest/node_modules/@vitest/runner/dist/index.js:146:14\n    at file:///Volumes/Development/Xaheen%20Enterprise/xaheen/node_modules/.pnpm/vitest@2.1.9_@types+node@22.17.0_@vitest+ui@2.1.9_lightningcss@1.30.1_terser@5.16.9/node_modules/vitest/node_modules/@vitest/runner/dist/index.js:533:11\n    at runWithTimeout (file:///Volumes/Development/Xaheen%20Enterprise/xaheen/node_modules/.pnpm/vitest@2.1.9_@types+node@22.17.0_@vitest+ui@2.1.9_lightningcss@1.30.1_terser@5.16.9/node_modules/vitest/node_modules/@vitest/runner/dist/index.js:39:7)\n    at runTest (file:///Volumes/Development/Xaheen%20Enterprise/xaheen/node_modules/.pnpm/vitest@2.1.9_@types+node@22.17.0_@vitest+ui@2.1.9_lightningcss@1.30.1_terser@5.16.9/node_modules/vitest/node_modules/@vitest/runner/dist/index.js:1056:17)\n    at runSuite (file:///Volumes/Development/Xaheen%20Enterprise/xaheen/node_modules/.pnpm/vitest@2.1.9_@types+node@22.17.0_@vitest+ui@2.1.9_lightningcss@1.30.1_terser@5.16.9/node_modules/vitest/node_modules/@vitest/runner/dist/index.js:1205:15)\n    at runSuite (file:///Volumes/Development/Xaheen%20Enterprise/xaheen/node_modules/.pnpm/vitest@2.1.9_@types+node@22.17.0_@vitest+ui@2.1.9_lightningcss@1.30.1_terser@5.16.9/node_modules/vitest/node_modules/@vitest/runner/dist/index.js:1205:15)\n    at runSuite (file:///Volumes/Development/Xaheen%20Enterprise/xaheen/node_modules/.pnpm/vitest@2.1.9_@types+node@22.17.0_@vitest+ui@2.1.9_lightningcss@1.30.1_terser@5.16.9/node_modules/vitest/node_modules/@vitest/runner/dist/index.js:1205:15)\n    at runFiles (file:///Volumes/Development/Xaheen%20Enterprise/xaheen/node_modules/.pnpm/vitest@2.1.9_@types+node@22.17.0_@vitest+ui@2.1.9_lightningcss@1.30.1_terser@5.16.9/node_modules/vitest/node_modules/@vitest/runner/dist/index.js:1262:5)\n    at startTests (file:///Volumes/Development/Xaheen%20Enterprise/xaheen/node_modules/.pnpm/vitest@2.1.9_@types+node@22.17.0_@vitest+ui@2.1.9_lightningcss@1.30.1_terser@5.16.9/node_modules/vitest/node_modules/@vitest/runner/dist/index.js:1271:3)"],"location":{"line":451,"column":3},"meta":{}},{"ancestorTitles":["AI Command","Git Integration"],"fullName":"AI Command Git Integration should validate git repository before operations","status":"failed","title":"should validate git repository before operations","duration":0.5691669999999931,"failureMessages":["Error: [vitest] No \"default\" export is defined on the \"inquirer\" mock. Did you forget to return it from \"vi.mock\"?\nIf you need to partially mock a module, you can use \"importOriginal\" helper inside:\n\n    at VitestMocker.createError (file:///Volumes/Development/Xaheen%20Enterprise/xaheen/node_modules/.pnpm/vitest@2.1.9_@types+node@22.17.0_@vitest+ui@2.1.9_lightningcss@1.30.1_terser@5.16.9/node_modules/vitest/dist/chunks/execute.2pr0rHgK.js:321:19)\n    at Object.get (file:///Volumes/Development/Xaheen%20Enterprise/xaheen/node_modules/.pnpm/vitest@2.1.9_@types+node@22.17.0_@vitest+ui@2.1.9_lightningcss@1.30.1_terser@5.16.9/node_modules/vitest/dist/chunks/execute.2pr0rHgK.js:389:22)\n    at codebuffCommand (/Volumes/Development/Xaheen Enterprise/xaheen/packages/xaheen-cli/src/commands/ai.ts:109:29)\n    at /Volumes/Development/Xaheen Enterprise/xaheen/packages/xaheen-cli/src/commands/ai.unit.test.ts:487:10\n    at file:///Volumes/Development/Xaheen%20Enterprise/xaheen/node_modules/.pnpm/vitest@2.1.9_@types+node@22.17.0_@vitest+ui@2.1.9_lightningcss@1.30.1_terser@5.16.9/node_modules/vitest/node_modules/@vitest/runner/dist/index.js:533:5\n    at runTest (file:///Volumes/Development/Xaheen%20Enterprise/xaheen/node_modules/.pnpm/vitest@2.1.9_@types+node@22.17.0_@vitest+ui@2.1.9_lightningcss@1.30.1_terser@5.16.9/node_modules/vitest/node_modules/@vitest/runner/dist/index.js:1056:11)\n    at runSuite (file:///Volumes/Development/Xaheen%20Enterprise/xaheen/node_modules/.pnpm/vitest@2.1.9_@types+node@22.17.0_@vitest+ui@2.1.9_lightningcss@1.30.1_terser@5.16.9/node_modules/vitest/node_modules/@vitest/runner/dist/index.js:1205:15)\n    at runSuite (file:///Volumes/Development/Xaheen%20Enterprise/xaheen/node_modules/.pnpm/vitest@2.1.9_@types+node@22.17.0_@vitest+ui@2.1.9_lightningcss@1.30.1_terser@5.16.9/node_modules/vitest/node_modules/@vitest/runner/dist/index.js:1205:15)\n    at runSuite (file:///Volumes/Development/Xaheen%20Enterprise/xaheen/node_modules/.pnpm/vitest@2.1.9_@types+node@22.17.0_@vitest+ui@2.1.9_lightningcss@1.30.1_terser@5.16.9/node_modules/vitest/node_modules/@vitest/runner/dist/index.js:1205:15)\n    at runFiles (file:///Volumes/Development/Xaheen%20Enterprise/xaheen/node_modules/.pnpm/vitest@2.1.9_@types+node@22.17.0_@vitest+ui@2.1.9_lightningcss@1.30.1_terser@5.16.9/node_modules/vitest/node_modules/@vitest/runner/dist/index.js:1262:5)","Error: [vitest] No \"default\" export is defined on the \"inquirer\" mock. Did you forget to return it from \"vi.mock\"?\nIf you need to partially mock a module, you can use \"importOriginal\" helper inside:\n\n    at VitestMocker.createError (file:///Volumes/Development/Xaheen%20Enterprise/xaheen/node_modules/.pnpm/vitest@2.1.9_@types+node@22.17.0_@vitest+ui@2.1.9_lightningcss@1.30.1_terser@5.16.9/node_modules/vitest/dist/chunks/execute.2pr0rHgK.js:321:19)\n    at Object.get (file:///Volumes/Development/Xaheen%20Enterprise/xaheen/node_modules/.pnpm/vitest@2.1.9_@types+node@22.17.0_@vitest+ui@2.1.9_lightningcss@1.30.1_terser@5.16.9/node_modules/vitest/dist/chunks/execute.2pr0rHgK.js:389:22)\n    at codebuffCommand (/Volumes/Development/Xaheen Enterprise/xaheen/packages/xaheen-cli/src/commands/ai.ts:109:29)\n    at /Volumes/Development/Xaheen Enterprise/xaheen/packages/xaheen-cli/src/commands/ai.unit.test.ts:487:10\n    at file:///Volumes/Development/Xaheen%20Enterprise/xaheen/node_modules/.pnpm/vitest@2.1.9_@types+node@22.17.0_@vitest+ui@2.1.9_lightningcss@1.30.1_terser@5.16.9/node_modules/vitest/node_modules/@vitest/runner/dist/index.js:533:5\n    at runTest (file:///Volumes/Development/Xaheen%20Enterprise/xaheen/node_modules/.pnpm/vitest@2.1.9_@types+node@22.17.0_@vitest+ui@2.1.9_lightningcss@1.30.1_terser@5.16.9/node_modules/vitest/node_modules/@vitest/runner/dist/index.js:1056:11)\n    at runSuite (file:///Volumes/Development/Xaheen%20Enterprise/xaheen/node_modules/.pnpm/vitest@2.1.9_@types+node@22.17.0_@vitest+ui@2.1.9_lightningcss@1.30.1_terser@5.16.9/node_modules/vitest/node_modules/@vitest/runner/dist/index.js:1205:15)\n    at runSuite (file:///Volumes/Development/Xaheen%20Enterprise/xaheen/node_modules/.pnpm/vitest@2.1.9_@types+node@22.17.0_@vitest+ui@2.1.9_lightningcss@1.30.1_terser@5.16.9/node_modules/vitest/node_modules/@vitest/runner/dist/index.js:1205:15)\n    at runSuite (file:///Volumes/Development/Xaheen%20Enterprise/xaheen/node_modules/.pnpm/vitest@2.1.9_@types+node@22.17.0_@vitest+ui@2.1.9_lightningcss@1.30.1_terser@5.16.9/node_modules/vitest/node_modules/@vitest/runner/dist/index.js:1205:15)\n    at runFiles (file:///Volumes/Development/Xaheen%20Enterprise/xaheen/node_modules/.pnpm/vitest@2.1.9_@types+node@22.17.0_@vitest+ui@2.1.9_lightningcss@1.30.1_terser@5.16.9/node_modules/vitest/node_modules/@vitest/runner/dist/index.js:1262:5)","Error: [vitest] No \"default\" export is defined on the \"inquirer\" mock. Did you forget to return it from \"vi.mock\"?\nIf you need to partially mock a module, you can use \"importOriginal\" helper inside:\n\n    at VitestMocker.createError (file:///Volumes/Development/Xaheen%20Enterprise/xaheen/node_modules/.pnpm/vitest@2.1.9_@types+node@22.17.0_@vitest+ui@2.1.9_lightningcss@1.30.1_terser@5.16.9/node_modules/vitest/dist/chunks/execute.2pr0rHgK.js:321:19)\n    at Object.get (file:///Volumes/Development/Xaheen%20Enterprise/xaheen/node_modules/.pnpm/vitest@2.1.9_@types+node@22.17.0_@vitest+ui@2.1.9_lightningcss@1.30.1_terser@5.16.9/node_modules/vitest/dist/chunks/execute.2pr0rHgK.js:389:22)\n    at codebuffCommand (/Volumes/Development/Xaheen Enterprise/xaheen/packages/xaheen-cli/src/commands/ai.ts:109:29)\n    at /Volumes/Development/Xaheen Enterprise/xaheen/packages/xaheen-cli/src/commands/ai.unit.test.ts:487:10\n    at file:///Volumes/Development/Xaheen%20Enterprise/xaheen/node_modules/.pnpm/vitest@2.1.9_@types+node@22.17.0_@vitest+ui@2.1.9_lightningcss@1.30.1_terser@5.16.9/node_modules/vitest/node_modules/@vitest/runner/dist/index.js:533:5\n    at runTest (file:///Volumes/Development/Xaheen%20Enterprise/xaheen/node_modules/.pnpm/vitest@2.1.9_@types+node@22.17.0_@vitest+ui@2.1.9_lightningcss@1.30.1_terser@5.16.9/node_modules/vitest/node_modules/@vitest/runner/dist/index.js:1056:11)\n    at runSuite (file:///Volumes/Development/Xaheen%20Enterprise/xaheen/node_modules/.pnpm/vitest@2.1.9_@types+node@22.17.0_@vitest+ui@2.1.9_lightningcss@1.30.1_terser@5.16.9/node_modules/vitest/node_modules/@vitest/runner/dist/index.js:1205:15)\n    at runSuite (file:///Volumes/Development/Xaheen%20Enterprise/xaheen/node_modules/.pnpm/vitest@2.1.9_@types+node@22.17.0_@vitest+ui@2.1.9_lightningcss@1.30.1_terser@5.16.9/node_modules/vitest/node_modules/@vitest/runner/dist/index.js:1205:15)\n    at runSuite (file:///Volumes/Development/Xaheen%20Enterprise/xaheen/node_modules/.pnpm/vitest@2.1.9_@types+node@22.17.0_@vitest+ui@2.1.9_lightningcss@1.30.1_terser@5.16.9/node_modules/vitest/node_modules/@vitest/runner/dist/index.js:1205:15)\n    at runFiles (file:///Volumes/Development/Xaheen%20Enterprise/xaheen/node_modules/.pnpm/vitest@2.1.9_@types+node@22.17.0_@vitest+ui@2.1.9_lightningcss@1.30.1_terser@5.16.9/node_modules/vitest/node_modules/@vitest/runner/dist/index.js:1262:5)"],"location":{"line":463,"column":3},"meta":{}},{"ancestorTitles":["AI Command","Git Integration"],"fullName":"AI Command Git Integration should handle auto-commit when enabled","status":"failed","title":"should handle auto-commit when enabled","duration":0.5825829999999996,"failureMessages":["Error: [vitest] No \"default\" export is defined on the \"inquirer\" mock. Did you forget to return it from \"vi.mock\"?\nIf you need to partially mock a module, you can use \"importOriginal\" helper inside:\n\n    at VitestMocker.createError (file:///Volumes/Development/Xaheen%20Enterprise/xaheen/node_modules/.pnpm/vitest@2.1.9_@types+node@22.17.0_@vitest+ui@2.1.9_lightningcss@1.30.1_terser@5.16.9/node_modules/vitest/dist/chunks/execute.2pr0rHgK.js:321:19)\n    at Object.get (file:///Volumes/Development/Xaheen%20Enterprise/xaheen/node_modules/.pnpm/vitest@2.1.9_@types+node@22.17.0_@vitest+ui@2.1.9_lightningcss@1.30.1_terser@5.16.9/node_modules/vitest/dist/chunks/execute.2pr0rHgK.js:389:22)\n    at codebuffCommand (/Volumes/Development/Xaheen Enterprise/xaheen/packages/xaheen-cli/src/commands/ai.ts:109:29)\n    at /Volumes/Development/Xaheen Enterprise/xaheen/packages/xaheen-cli/src/commands/ai.unit.test.ts:525:10\n    at file:///Volumes/Development/Xaheen%20Enterprise/xaheen/node_modules/.pnpm/vitest@2.1.9_@types+node@22.17.0_@vitest+ui@2.1.9_lightningcss@1.30.1_terser@5.16.9/node_modules/vitest/node_modules/@vitest/runner/dist/index.js:533:5\n    at runTest (file:///Volumes/Development/Xaheen%20Enterprise/xaheen/node_modules/.pnpm/vitest@2.1.9_@types+node@22.17.0_@vitest+ui@2.1.9_lightningcss@1.30.1_terser@5.16.9/node_modules/vitest/node_modules/@vitest/runner/dist/index.js:1056:11)\n    at runSuite (file:///Volumes/Development/Xaheen%20Enterprise/xaheen/node_modules/.pnpm/vitest@2.1.9_@types+node@22.17.0_@vitest+ui@2.1.9_lightningcss@1.30.1_terser@5.16.9/node_modules/vitest/node_modules/@vitest/runner/dist/index.js:1205:15)\n    at runSuite (file:///Volumes/Development/Xaheen%20Enterprise/xaheen/node_modules/.pnpm/vitest@2.1.9_@types+node@22.17.0_@vitest+ui@2.1.9_lightningcss@1.30.1_terser@5.16.9/node_modules/vitest/node_modules/@vitest/runner/dist/index.js:1205:15)\n    at runSuite (file:///Volumes/Development/Xaheen%20Enterprise/xaheen/node_modules/.pnpm/vitest@2.1.9_@types+node@22.17.0_@vitest+ui@2.1.9_lightningcss@1.30.1_terser@5.16.9/node_modules/vitest/node_modules/@vitest/runner/dist/index.js:1205:15)\n    at runFiles (file:///Volumes/Development/Xaheen%20Enterprise/xaheen/node_modules/.pnpm/vitest@2.1.9_@types+node@22.17.0_@vitest+ui@2.1.9_lightningcss@1.30.1_terser@5.16.9/node_modules/vitest/node_modules/@vitest/runner/dist/index.js:1262:5)","Error: [vitest] No \"default\" export is defined on the \"inquirer\" mock. Did you forget to return it from \"vi.mock\"?\nIf you need to partially mock a module, you can use \"importOriginal\" helper inside:\n\n    at VitestMocker.createError (file:///Volumes/Development/Xaheen%20Enterprise/xaheen/node_modules/.pnpm/vitest@2.1.9_@types+node@22.17.0_@vitest+ui@2.1.9_lightningcss@1.30.1_terser@5.16.9/node_modules/vitest/dist/chunks/execute.2pr0rHgK.js:321:19)\n    at Object.get (file:///Volumes/Development/Xaheen%20Enterprise/xaheen/node_modules/.pnpm/vitest@2.1.9_@types+node@22.17.0_@vitest+ui@2.1.9_lightningcss@1.30.1_terser@5.16.9/node_modules/vitest/dist/chunks/execute.2pr0rHgK.js:389:22)\n    at codebuffCommand (/Volumes/Development/Xaheen Enterprise/xaheen/packages/xaheen-cli/src/commands/ai.ts:109:29)\n    at /Volumes/Development/Xaheen Enterprise/xaheen/packages/xaheen-cli/src/commands/ai.unit.test.ts:525:10\n    at file:///Volumes/Development/Xaheen%20Enterprise/xaheen/node_modules/.pnpm/vitest@2.1.9_@types+node@22.17.0_@vitest+ui@2.1.9_lightningcss@1.30.1_terser@5.16.9/node_modules/vitest/node_modules/@vitest/runner/dist/index.js:533:5\n    at runTest (file:///Volumes/Development/Xaheen%20Enterprise/xaheen/node_modules/.pnpm/vitest@2.1.9_@types+node@22.17.0_@vitest+ui@2.1.9_lightningcss@1.30.1_terser@5.16.9/node_modules/vitest/node_modules/@vitest/runner/dist/index.js:1056:11)\n    at runSuite (file:///Volumes/Development/Xaheen%20Enterprise/xaheen/node_modules/.pnpm/vitest@2.1.9_@types+node@22.17.0_@vitest+ui@2.1.9_lightningcss@1.30.1_terser@5.16.9/node_modules/vitest/node_modules/@vitest/runner/dist/index.js:1205:15)\n    at runSuite (file:///Volumes/Development/Xaheen%20Enterprise/xaheen/node_modules/.pnpm/vitest@2.1.9_@types+node@22.17.0_@vitest+ui@2.1.9_lightningcss@1.30.1_terser@5.16.9/node_modules/vitest/node_modules/@vitest/runner/dist/index.js:1205:15)\n    at runSuite (file:///Volumes/Development/Xaheen%20Enterprise/xaheen/node_modules/.pnpm/vitest@2.1.9_@types+node@22.17.0_@vitest+ui@2.1.9_lightningcss@1.30.1_terser@5.16.9/node_modules/vitest/node_modules/@vitest/runner/dist/index.js:1205:15)\n    at runFiles (file:///Volumes/Development/Xaheen%20Enterprise/xaheen/node_modules/.pnpm/vitest@2.1.9_@types+node@22.17.0_@vitest+ui@2.1.9_lightningcss@1.30.1_terser@5.16.9/node_modules/vitest/node_modules/@vitest/runner/dist/index.js:1262:5)","Error: [vitest] No \"default\" export is defined on the \"inquirer\" mock. Did you forget to return it from \"vi.mock\"?\nIf you need to partially mock a module, you can use \"importOriginal\" helper inside:\n\n    at VitestMocker.createError (file:///Volumes/Development/Xaheen%20Enterprise/xaheen/node_modules/.pnpm/vitest@2.1.9_@types+node@22.17.0_@vitest+ui@2.1.9_lightningcss@1.30.1_terser@5.16.9/node_modules/vitest/dist/chunks/execute.2pr0rHgK.js:321:19)\n    at Object.get (file:///Volumes/Development/Xaheen%20Enterprise/xaheen/node_modules/.pnpm/vitest@2.1.9_@types+node@22.17.0_@vitest+ui@2.1.9_lightningcss@1.30.1_terser@5.16.9/node_modules/vitest/dist/chunks/execute.2pr0rHgK.js:389:22)\n    at codebuffCommand (/Volumes/Development/Xaheen Enterprise/xaheen/packages/xaheen-cli/src/commands/ai.ts:109:29)\n    at /Volumes/Development/Xaheen Enterprise/xaheen/packages/xaheen-cli/src/commands/ai.unit.test.ts:525:10\n    at file:///Volumes/Development/Xaheen%20Enterprise/xaheen/node_modules/.pnpm/vitest@2.1.9_@types+node@22.17.0_@vitest+ui@2.1.9_lightningcss@1.30.1_terser@5.16.9/node_modules/vitest/node_modules/@vitest/runner/dist/index.js:533:5\n    at runTest (file:///Volumes/Development/Xaheen%20Enterprise/xaheen/node_modules/.pnpm/vitest@2.1.9_@types+node@22.17.0_@vitest+ui@2.1.9_lightningcss@1.30.1_terser@5.16.9/node_modules/vitest/node_modules/@vitest/runner/dist/index.js:1056:11)\n    at runSuite (file:///Volumes/Development/Xaheen%20Enterprise/xaheen/node_modules/.pnpm/vitest@2.1.9_@types+node@22.17.0_@vitest+ui@2.1.9_lightningcss@1.30.1_terser@5.16.9/node_modules/vitest/node_modules/@vitest/runner/dist/index.js:1205:15)\n    at runSuite (file:///Volumes/Development/Xaheen%20Enterprise/xaheen/node_modules/.pnpm/vitest@2.1.9_@types+node@22.17.0_@vitest+ui@2.1.9_lightningcss@1.30.1_terser@5.16.9/node_modules/vitest/node_modules/@vitest/runner/dist/index.js:1205:15)\n    at runSuite (file:///Volumes/Development/Xaheen%20Enterprise/xaheen/node_modules/.pnpm/vitest@2.1.9_@types+node@22.17.0_@vitest+ui@2.1.9_lightningcss@1.30.1_terser@5.16.9/node_modules/vitest/node_modules/@vitest/runner/dist/index.js:1205:15)\n    at runFiles (file:///Volumes/Development/Xaheen%20Enterprise/xaheen/node_modules/.pnpm/vitest@2.1.9_@types+node@22.17.0_@vitest+ui@2.1.9_lightningcss@1.30.1_terser@5.16.9/node_modules/vitest/node_modules/@vitest/runner/dist/index.js:1262:5)"],"location":{"line":493,"column":3},"meta":{}}],"startTime":1754475030138,"endTime":1754475030276.5825,"status":"failed","message":"","name":"/Volumes/Development/Xaheen Enterprise/xaheen/packages/xaheen-cli/src/commands/ai.unit.test.ts"},{"assertionResults":[{"ancestorTitles":["Create Command","Command Configuration"],"fullName":"Create Command Command Configuration should have correct command configuration","status":"failed","title":"should have correct command configuration","duration":5.075915999999893,"failureMessages":["AssertionError: expected [ undefined ] to include 'new'\n    at Proxy.<anonymous> (file:///Volumes/Development/Xaheen%20Enterprise/xaheen/node_modules/.pnpm/vitest@2.1.9_@types+node@22.17.0_@vitest+ui@2.1.9_lightningcss@1.30.1_terser@5.16.9/node_modules/vitest/node_modules/@vitest/expect/dist/index.js:1196:17)\n    at Proxy.<anonymous> (file:///Volumes/Development/Xaheen%20Enterprise/xaheen/node_modules/.pnpm/vitest@2.1.9_@types+node@22.17.0_@vitest+ui@2.1.9_lightningcss@1.30.1_terser@5.16.9/node_modules/vitest/node_modules/@vitest/expect/dist/index.js:972:17)\n    at Proxy.methodWrapper (file:///Volumes/Development/Xaheen%20Enterprise/xaheen/node_modules/.pnpm/vitest@2.1.9_@types+node@22.17.0_@vitest+ui@2.1.9_lightningcss@1.30.1_terser@5.16.9/node_modules/vitest/node_modules/chai/chai.js:1706:25)\n    at /Volumes/Development/Xaheen Enterprise/xaheen/packages/xaheen-cli/src/commands/create.unit.test.ts:117:34\n    at file:///Volumes/Development/Xaheen%20Enterprise/xaheen/node_modules/.pnpm/vitest@2.1.9_@types+node@22.17.0_@vitest+ui@2.1.9_lightningcss@1.30.1_terser@5.16.9/node_modules/vitest/node_modules/@vitest/runner/dist/index.js:146:14\n    at file:///Volumes/Development/Xaheen%20Enterprise/xaheen/node_modules/.pnpm/vitest@2.1.9_@types+node@22.17.0_@vitest+ui@2.1.9_lightningcss@1.30.1_terser@5.16.9/node_modules/vitest/node_modules/@vitest/runner/dist/index.js:533:11\n    at runWithTimeout (file:///Volumes/Development/Xaheen%20Enterprise/xaheen/node_modules/.pnpm/vitest@2.1.9_@types+node@22.17.0_@vitest+ui@2.1.9_lightningcss@1.30.1_terser@5.16.9/node_modules/vitest/node_modules/@vitest/runner/dist/index.js:39:7)\n    at runTest (file:///Volumes/Development/Xaheen%20Enterprise/xaheen/node_modules/.pnpm/vitest@2.1.9_@types+node@22.17.0_@vitest+ui@2.1.9_lightningcss@1.30.1_terser@5.16.9/node_modules/vitest/node_modules/@vitest/runner/dist/index.js:1056:17)\n    at runSuite (file:///Volumes/Development/Xaheen%20Enterprise/xaheen/node_modules/.pnpm/vitest@2.1.9_@types+node@22.17.0_@vitest+ui@2.1.9_lightningcss@1.30.1_terser@5.16.9/node_modules/vitest/node_modules/@vitest/runner/dist/index.js:1205:15)\n    at runSuite (file:///Volumes/Development/Xaheen%20Enterprise/xaheen/node_modules/.pnpm/vitest@2.1.9_@types+node@22.17.0_@vitest+ui@2.1.9_lightningcss@1.30.1_terser@5.16.9/node_modules/vitest/node_modules/@vitest/runner/dist/index.js:1205:15)","AssertionError: expected [ undefined ] to include 'new'\n    at Proxy.<anonymous> (file:///Volumes/Development/Xaheen%20Enterprise/xaheen/node_modules/.pnpm/vitest@2.1.9_@types+node@22.17.0_@vitest+ui@2.1.9_lightningcss@1.30.1_terser@5.16.9/node_modules/vitest/node_modules/@vitest/expect/dist/index.js:1196:17)\n    at Proxy.<anonymous> (file:///Volumes/Development/Xaheen%20Enterprise/xaheen/node_modules/.pnpm/vitest@2.1.9_@types+node@22.17.0_@vitest+ui@2.1.9_lightningcss@1.30.1_terser@5.16.9/node_modules/vitest/node_modules/@vitest/expect/dist/index.js:972:17)\n    at Proxy.methodWrapper (file:///Volumes/Development/Xaheen%20Enterprise/xaheen/node_modules/.pnpm/vitest@2.1.9_@types+node@22.17.0_@vitest+ui@2.1.9_lightningcss@1.30.1_terser@5.16.9/node_modules/vitest/node_modules/chai/chai.js:1706:25)\n    at /Volumes/Development/Xaheen Enterprise/xaheen/packages/xaheen-cli/src/commands/create.unit.test.ts:117:34\n    at file:///Volumes/Development/Xaheen%20Enterprise/xaheen/node_modules/.pnpm/vitest@2.1.9_@types+node@22.17.0_@vitest+ui@2.1.9_lightningcss@1.30.1_terser@5.16.9/node_modules/vitest/node_modules/@vitest/runner/dist/index.js:146:14\n    at file:///Volumes/Development/Xaheen%20Enterprise/xaheen/node_modules/.pnpm/vitest@2.1.9_@types+node@22.17.0_@vitest+ui@2.1.9_lightningcss@1.30.1_terser@5.16.9/node_modules/vitest/node_modules/@vitest/runner/dist/index.js:533:11\n    at runWithTimeout (file:///Volumes/Development/Xaheen%20Enterprise/xaheen/node_modules/.pnpm/vitest@2.1.9_@types+node@22.17.0_@vitest+ui@2.1.9_lightningcss@1.30.1_terser@5.16.9/node_modules/vitest/node_modules/@vitest/runner/dist/index.js:39:7)\n    at runTest (file:///Volumes/Development/Xaheen%20Enterprise/xaheen/node_modules/.pnpm/vitest@2.1.9_@types+node@22.17.0_@vitest+ui@2.1.9_lightningcss@1.30.1_terser@5.16.9/node_modules/vitest/node_modules/@vitest/runner/dist/index.js:1056:17)\n    at runSuite (file:///Volumes/Development/Xaheen%20Enterprise/xaheen/node_modules/.pnpm/vitest@2.1.9_@types+node@22.17.0_@vitest+ui@2.1.9_lightningcss@1.30.1_terser@5.16.9/node_modules/vitest/node_modules/@vitest/runner/dist/index.js:1205:15)\n    at runSuite (file:///Volumes/Development/Xaheen%20Enterprise/xaheen/node_modules/.pnpm/vitest@2.1.9_@types+node@22.17.0_@vitest+ui@2.1.9_lightningcss@1.30.1_terser@5.16.9/node_modules/vitest/node_modules/@vitest/runner/dist/index.js:1205:15)","AssertionError: expected [ undefined ] to include 'new'\n    at Proxy.<anonymous> (file:///Volumes/Development/Xaheen%20Enterprise/xaheen/node_modules/.pnpm/vitest@2.1.9_@types+node@22.17.0_@vitest+ui@2.1.9_lightningcss@1.30.1_terser@5.16.9/node_modules/vitest/node_modules/@vitest/expect/dist/index.js:1196:17)\n    at Proxy.<anonymous> (file:///Volumes/Development/Xaheen%20Enterprise/xaheen/node_modules/.pnpm/vitest@2.1.9_@types+node@22.17.0_@vitest+ui@2.1.9_lightningcss@1.30.1_terser@5.16.9/node_modules/vitest/node_modules/@vitest/expect/dist/index.js:972:17)\n    at Proxy.methodWrapper (file:///Volumes/Development/Xaheen%20Enterprise/xaheen/node_modules/.pnpm/vitest@2.1.9_@types+node@22.17.0_@vitest+ui@2.1.9_lightningcss@1.30.1_terser@5.16.9/node_modules/vitest/node_modules/chai/chai.js:1706:25)\n    at /Volumes/Development/Xaheen Enterprise/xaheen/packages/xaheen-cli/src/commands/create.unit.test.ts:117:34\n    at file:///Volumes/Development/Xaheen%20Enterprise/xaheen/node_modules/.pnpm/vitest@2.1.9_@types+node@22.17.0_@vitest+ui@2.1.9_lightningcss@1.30.1_terser@5.16.9/node_modules/vitest/node_modules/@vitest/runner/dist/index.js:146:14\n    at file:///Volumes/Development/Xaheen%20Enterprise/xaheen/node_modules/.pnpm/vitest@2.1.9_@types+node@22.17.0_@vitest+ui@2.1.9_lightningcss@1.30.1_terser@5.16.9/node_modules/vitest/node_modules/@vitest/runner/dist/index.js:533:11\n    at runWithTimeout (file:///Volumes/Development/Xaheen%20Enterprise/xaheen/node_modules/.pnpm/vitest@2.1.9_@types+node@22.17.0_@vitest+ui@2.1.9_lightningcss@1.30.1_terser@5.16.9/node_modules/vitest/node_modules/@vitest/runner/dist/index.js:39:7)\n    at runTest (file:///Volumes/Development/Xaheen%20Enterprise/xaheen/node_modules/.pnpm/vitest@2.1.9_@types+node@22.17.0_@vitest+ui@2.1.9_lightningcss@1.30.1_terser@5.16.9/node_modules/vitest/node_modules/@vitest/runner/dist/index.js:1056:17)\n    at runSuite (file:///Volumes/Development/Xaheen%20Enterprise/xaheen/node_modules/.pnpm/vitest@2.1.9_@types+node@22.17.0_@vitest+ui@2.1.9_lightningcss@1.30.1_terser@5.16.9/node_modules/vitest/node_modules/@vitest/runner/dist/index.js:1205:15)\n    at runSuite (file:///Volumes/Development/Xaheen%20Enterprise/xaheen/node_modules/.pnpm/vitest@2.1.9_@types+node@22.17.0_@vitest+ui@2.1.9_lightningcss@1.30.1_terser@5.16.9/node_modules/vitest/node_modules/@vitest/runner/dist/index.js:1205:15)"],"location":{"line":115,"column":3},"meta":{}},{"ancestorTitles":["Create Command","Command Configuration"],"fullName":"Create Command Command Configuration should have all expected options","status":"passed","title":"should have all expected options","duration":1.3569160000000693,"failureMessages":[],"location":{"line":121,"column":3},"meta":{}},{"ancestorTitles":["Create Command","Argument Parsing"],"fullName":"Create Command Argument Parsing should parse project name argument","status":"failed","title":"should parse project name argument","duration":8.517583000000059,"failureMessages":["AssertionError: expected \"spy\" to be called with arguments: [ 'test-project', Any<Object> ]\n\nReceived: \n\n  1st spy call:\n\n  Array [\n+   \"node\",\n+   Object {\n+     \"git\": true,\n+     \"install\": true,\n+   },\n+   Command {\n+     \"_actionHandler\": [Function listener],\n+     \"_addImplicitHelpCommand\": undefined,\n+     \"_aliases\": Array [\n+       \"new\",\n+     ],\n+     \"_allowExcessArguments\": true,\n+     \"_allowUnknownOption\": false,\n+     \"_args\": Array [\n+       Argument {\n+         \"_name\": \"name\",\n+         \"argChoices\": undefined,\n+         \"defaultValue\": undefined,\n+         \"defaultValueDescription\": undefined,\n+         \"description\": \"Project name\",\n+         \"parseArg\": undefined,\n+         \"required\": false,\n+         \"variadic\": false,\n+       },\n+     ],\n+     \"_argsDescription\": undefined,\n+     \"_combineFlagAndOptionalValue\": true,\n+     \"_defaultCommandName\": null,\n+     \"_description\": \"Create a new project\",\n+     \"_enablePositionalOptions\": false,\n+     \"_events\": Object {\n+       \"option:backend\": [Function anonymous],\n+       \"option:bundles\": [Function anonymous],\n+       \"option:database\": [Function anonymous],\n+       \"option:dry-run\": [Function anonymous],\n+       \"option:framework\": [Function anonymous],\n+       \"option:no-git\": [Function anonymous],\n+       \"option:no-install\": [Function anonymous],\n+       \"option:preset\": [Function anonymous],\n+     },\n+     \"_eventsCount\": 8,\n+     \"_executableDir\": null,\n+     \"_executableFile\": null,\n+     \"_executableHandler\": false,\n+     \"_exitCallback\": null,\n+     \"_helpCommand\": undefined,\n+     \"_helpConfiguration\": Object {},\n+     \"_helpOption\": Option {\n+       \"argChoices\": undefined,\n+       \"conflictsWith\": Array [],\n+       \"defaultValue\": undefined,\n+       \"defaultValueDescription\": undefined,\n+       \"description\": \"display help for command\",\n+       \"envVar\": undefined,\n+       \"flags\": \"-h, --help\",\n+       \"hidden\": false,\n+       \"implied\": undefined,\n+       \"long\": \"--help\",\n+       \"mandatory\": false,\n+       \"negate\": false,\n+       \"optional\": false,\n+       \"parseArg\": undefined,\n+       \"presetArg\": undefined,\n+       \"required\": false,\n+       \"short\": \"-h\",\n+       \"variadic\": false,\n+     },\n+     \"_hidden\": false,\n+     \"_lifeCycleHooks\": Object {},\n+     \"_maxListeners\": undefined,\n+     \"_name\": \"create\",\n+     \"_optionValueSources\": Object {\n+       \"git\": \"default\",\n+       \"install\": \"default\",\n+     },\n+     \"_optionValues\": Object {\n+       \"git\": true,\n+       \"install\": true,\n+     },\n+     \"_outputConfiguration\": Object {\n+       \"getErrHelpWidth\": [Function getErrHelpWidth],\n+       \"getOutHelpWidth\": [Function getOutHelpWidth],\n+       \"outputError\": [Function outputError],\n+       \"writeErr\": [Function writeErr],\n+       \"writeOut\": [Function writeOut],\n+     },\n+     \"_passThroughOptions\": false,\n+     \"_scriptPath\": null,\n+     \"_showHelpAfterError\": false,\n+     \"_showSuggestionAfterError\": true,\n+     \"_storeOptionsAsProperties\": false,\n+     \"_summary\": \"\",\n+     \"args\": Array [\n+       \"node\",\n+       \"xaheen\",\n+       \"create\",\n        \"test-project\",\n-   Any<Object>,\n+     ],\n+     \"commands\": Array [],\n+     \"options\": Array [\n+       Option {\n+         \"argChoices\": undefined,\n+         \"conflictsWith\": Array [],\n+         \"defaultValue\": undefined,\n+         \"defaultValueDescription\": undefined,\n+         \"description\": \"Use a preset bundle (e.g., saas-starter, saas-enterprise)\",\n+         \"envVar\": undefined,\n+         \"flags\": \"-p, --preset <preset>\",\n+         \"hidden\": false,\n+         \"implied\": undefined,\n+         \"long\": \"--preset\",\n+         \"mandatory\": false,\n+         \"negate\": false,\n+         \"optional\": false,\n+         \"parseArg\": undefined,\n+         \"presetArg\": undefined,\n+         \"required\": true,\n+         \"short\": \"-p\",\n+         \"variadic\": false,\n+       },\n+       Option {\n+         \"argChoices\": undefined,\n+         \"conflictsWith\": Array [],\n+         \"defaultValue\": undefined,\n+         \"defaultValueDescription\": undefined,\n+         \"description\": \"Frontend framework (next, nuxt, remix, etc.)\",\n+         \"envVar\": undefined,\n+         \"flags\": \"-f, --framework <framework>\",\n+         \"hidden\": false,\n+         \"implied\": undefined,\n+         \"long\": \"--framework\",\n+         \"mandatory\": false,\n+         \"negate\": false,\n+         \"optional\": false,\n+         \"parseArg\": undefined,\n+         \"presetArg\": undefined,\n+         \"required\": true,\n+         \"short\": \"-f\",\n+         \"variadic\": false,\n+       },\n+       Option {\n+         \"argChoices\": undefined,\n+         \"conflictsWith\": Array [],\n+         \"defaultValue\": undefined,\n+         \"defaultValueDescription\": undefined,\n+         \"description\": \"Backend framework (hono, express, fastify, etc.)\",\n+         \"envVar\": undefined,\n+         \"flags\": \"-b, --backend <backend>\",\n+         \"hidden\": false,\n+         \"implied\": undefined,\n+         \"long\": \"--backend\",\n+         \"mandatory\": false,\n+         \"negate\": false,\n+         \"optional\": false,\n+         \"parseArg\": undefined,\n+         \"presetArg\": undefined,\n+         \"required\": true,\n+         \"short\": \"-b\",\n+         \"variadic\": false,\n+       },\n+       Option {\n+         \"argChoices\": undefined,\n+         \"conflictsWith\": Array [],\n+         \"defaultValue\": undefined,\n+         \"defaultValueDescription\": undefined,\n+         \"description\": \"Database (postgresql, mysql, mongodb, etc.)\",\n+         \"envVar\": undefined,\n+         \"flags\": \"-d, --database <database>\",\n+         \"hidden\": false,\n+         \"implied\": undefined,\n+         \"long\": \"--database\",\n+         \"mandatory\": false,\n+         \"negate\": false,\n+         \"optional\": false,\n+         \"parseArg\": undefined,\n+         \"presetArg\": undefined,\n+         \"required\": true,\n+         \"short\": \"-d\",\n+         \"variadic\": false,\n+       },\n+       Option {\n+         \"argChoices\": undefined,\n+         \"conflictsWith\": Array [],\n+         \"defaultValue\": undefined,\n+         \"defaultValueDescription\": undefined,\n+         \"description\": \"Service bundles to include\",\n+         \"envVar\": undefined,\n+         \"flags\": \"--bundles <bundles...>\",\n+         \"hidden\": false,\n+         \"implied\": undefined,\n+         \"long\": \"--bundles\",\n+         \"mandatory\": false,\n+         \"negate\": false,\n+         \"optional\": false,\n+         \"parseArg\": undefined,\n+         \"presetArg\": undefined,\n+         \"required\": true,\n+         \"short\": undefined,\n+         \"variadic\": true,\n+       },\n+       Option {\n+         \"argChoices\": undefined,\n+         \"conflictsWith\": Array [],\n+         \"defaultValue\": undefined,\n+         \"defaultValueDescription\": undefined,\n+         \"description\": \"Skip dependency installation\",\n+         \"envVar\": undefined,\n+         \"flags\": \"--no-install\",\n+         \"hidden\": false,\n+         \"implied\": undefined,\n+         \"long\": \"--no-install\",\n+         \"mandatory\": false,\n+         \"negate\": true,\n+         \"optional\": false,\n+         \"parseArg\": undefined,\n+         \"presetArg\": undefined,\n+         \"required\": false,\n+         \"short\": undefined,\n+         \"variadic\": false,\n+       },\n+       Option {\n+         \"argChoices\": undefined,\n+         \"conflictsWith\": Array [],\n+         \"defaultValue\": undefined,\n+         \"defaultValueDescription\": undefined,\n+         \"description\": \"Skip git initialization\",\n+         \"envVar\": undefined,\n+         \"flags\": \"--no-git\",\n+         \"hidden\": false,\n+         \"implied\": undefined,\n+         \"long\": \"--no-git\",\n+         \"mandatory\": false,\n+         \"negate\": true,\n+         \"optional\": false,\n+         \"parseArg\": undefined,\n+         \"presetArg\": undefined,\n+         \"required\": false,\n+         \"short\": undefined,\n+         \"variadic\": false,\n+       },\n+       Option {\n+         \"argChoices\": undefined,\n+         \"conflictsWith\": Array [],\n+         \"defaultValue\": undefined,\n+         \"defaultValueDescription\": undefined,\n+         \"description\": \"Preview what would be created\",\n+         \"envVar\": undefined,\n+         \"flags\": \"--dry-run\",\n+         \"hidden\": false,\n+         \"implied\": undefined,\n+         \"long\": \"--dry-run\",\n+         \"mandatory\": false,\n+         \"negate\": false,\n+         \"optional\": false,\n+         \"parseArg\": undefined,\n+         \"presetArg\": undefined,\n+         \"required\": false,\n+         \"short\": undefined,\n+         \"variadic\": false,\n+       },\n+     ],\n+     \"parent\": null,\n+     \"processedArgs\": Array [\n+       \"node\",\n+     ],\n+     \"rawArgs\": Array [\n+       \"node\",\n+       \"xaheen\",\n+       \"create\",\n+       \"test-project\",\n+     ],\n+     \"registeredArguments\": Array [\n+       Argument {\n+         \"_name\": \"name\",\n+         \"argChoices\": undefined,\n+         \"defaultValue\": undefined,\n+         \"defaultValueDescription\": undefined,\n+         \"description\": \"Project name\",\n+         \"parseArg\": undefined,\n+         \"required\": false,\n+         \"variadic\": false,\n+       },\n+     ],\n+     Symbol(shapeMode): false,\n+     Symbol(kCapture): false,\n+   },\n  ]\n\n\nNumber of calls: 1\n\n    at Proxy.<anonymous> (file:///Volumes/Development/Xaheen%20Enterprise/xaheen/node_modules/.pnpm/vitest@2.1.9_@types+node@22.17.0_@vitest+ui@2.1.9_lightningcss@1.30.1_terser@5.16.9/node_modules/vitest/node_modules/@vitest/expect/dist/index.js:1465:13)\n    at Proxy.<anonymous> (file:///Volumes/Development/Xaheen%20Enterprise/xaheen/node_modules/.pnpm/vitest@2.1.9_@types+node@22.17.0_@vitest+ui@2.1.9_lightningcss@1.30.1_terser@5.16.9/node_modules/vitest/node_modules/@vitest/expect/dist/index.js:972:17)\n    at Proxy.methodWrapper (file:///Volumes/Development/Xaheen%20Enterprise/xaheen/node_modules/.pnpm/vitest@2.1.9_@types+node@22.17.0_@vitest+ui@2.1.9_lightningcss@1.30.1_terser@5.16.9/node_modules/vitest/node_modules/chai/chai.js:1706:25)\n    at /Volumes/Development/Xaheen Enterprise/xaheen/packages/xaheen-cli/src/commands/create.unit.test.ts:147:21\n    at file:///Volumes/Development/Xaheen%20Enterprise/xaheen/node_modules/.pnpm/vitest@2.1.9_@types+node@22.17.0_@vitest+ui@2.1.9_lightningcss@1.30.1_terser@5.16.9/node_modules/vitest/node_modules/@vitest/runner/dist/index.js:533:5\n    at runTest (file:///Volumes/Development/Xaheen%20Enterprise/xaheen/node_modules/.pnpm/vitest@2.1.9_@types+node@22.17.0_@vitest+ui@2.1.9_lightningcss@1.30.1_terser@5.16.9/node_modules/vitest/node_modules/@vitest/runner/dist/index.js:1056:11)\n    at runSuite (file:///Volumes/Development/Xaheen%20Enterprise/xaheen/node_modules/.pnpm/vitest@2.1.9_@types+node@22.17.0_@vitest+ui@2.1.9_lightningcss@1.30.1_terser@5.16.9/node_modules/vitest/node_modules/@vitest/runner/dist/index.js:1205:15)\n    at runSuite (file:///Volumes/Development/Xaheen%20Enterprise/xaheen/node_modules/.pnpm/vitest@2.1.9_@types+node@22.17.0_@vitest+ui@2.1.9_lightningcss@1.30.1_terser@5.16.9/node_modules/vitest/node_modules/@vitest/runner/dist/index.js:1205:15)\n    at runSuite (file:///Volumes/Development/Xaheen%20Enterprise/xaheen/node_modules/.pnpm/vitest@2.1.9_@types+node@22.17.0_@vitest+ui@2.1.9_lightningcss@1.30.1_terser@5.16.9/node_modules/vitest/node_modules/@vitest/runner/dist/index.js:1205:15)\n    at runFiles (file:///Volumes/Development/Xaheen%20Enterprise/xaheen/node_modules/.pnpm/vitest@2.1.9_@types+node@22.17.0_@vitest+ui@2.1.9_lightningcss@1.30.1_terser@5.16.9/node_modules/vitest/node_modules/@vitest/runner/dist/index.js:1262:5)","AssertionError: expected \"spy\" to be called with arguments: [ 'test-project', Any<Object> ]\n\nReceived: \n\n  1st spy call:\n\n  Array [\n+   \"node\",\n+   Object {\n+     \"git\": true,\n+     \"install\": true,\n+   },\n+   Command {\n+     \"_actionHandler\": [Function listener],\n+     \"_addImplicitHelpCommand\": undefined,\n+     \"_aliases\": Array [\n+       \"new\",\n+     ],\n+     \"_allowExcessArguments\": true,\n+     \"_allowUnknownOption\": false,\n+     \"_args\": Array [\n+       Argument {\n+         \"_name\": \"name\",\n+         \"argChoices\": undefined,\n+         \"defaultValue\": undefined,\n+         \"defaultValueDescription\": undefined,\n+         \"description\": \"Project name\",\n+         \"parseArg\": undefined,\n+         \"required\": false,\n+         \"variadic\": false,\n+       },\n+     ],\n+     \"_argsDescription\": undefined,\n+     \"_combineFlagAndOptionalValue\": true,\n+     \"_defaultCommandName\": null,\n+     \"_description\": \"Create a new project\",\n+     \"_enablePositionalOptions\": false,\n+     \"_events\": Object {\n+       \"option:backend\": [Function anonymous],\n+       \"option:bundles\": [Function anonymous],\n+       \"option:database\": [Function anonymous],\n+       \"option:dry-run\": [Function anonymous],\n+       \"option:framework\": [Function anonymous],\n+       \"option:no-git\": [Function anonymous],\n+       \"option:no-install\": [Function anonymous],\n+       \"option:preset\": [Function anonymous],\n+     },\n+     \"_eventsCount\": 8,\n+     \"_executableDir\": null,\n+     \"_executableFile\": null,\n+     \"_executableHandler\": false,\n+     \"_exitCallback\": null,\n+     \"_helpCommand\": undefined,\n+     \"_helpConfiguration\": Object {},\n+     \"_helpOption\": Option {\n+       \"argChoices\": undefined,\n+       \"conflictsWith\": Array [],\n+       \"defaultValue\": undefined,\n+       \"defaultValueDescription\": undefined,\n+       \"description\": \"display help for command\",\n+       \"envVar\": undefined,\n+       \"flags\": \"-h, --help\",\n+       \"hidden\": false,\n+       \"implied\": undefined,\n+       \"long\": \"--help\",\n+       \"mandatory\": false,\n+       \"negate\": false,\n+       \"optional\": false,\n+       \"parseArg\": undefined,\n+       \"presetArg\": undefined,\n+       \"required\": false,\n+       \"short\": \"-h\",\n+       \"variadic\": false,\n+     },\n+     \"_hidden\": false,\n+     \"_lifeCycleHooks\": Object {},\n+     \"_maxListeners\": undefined,\n+     \"_name\": \"create\",\n+     \"_optionValueSources\": Object {\n+       \"git\": \"default\",\n+       \"install\": \"default\",\n+     },\n+     \"_optionValues\": Object {\n+       \"git\": true,\n+       \"install\": true,\n+     },\n+     \"_outputConfiguration\": Object {\n+       \"getErrHelpWidth\": [Function getErrHelpWidth],\n+       \"getOutHelpWidth\": [Function getOutHelpWidth],\n+       \"outputError\": [Function outputError],\n+       \"writeErr\": [Function writeErr],\n+       \"writeOut\": [Function writeOut],\n+     },\n+     \"_passThroughOptions\": false,\n+     \"_scriptPath\": null,\n+     \"_showHelpAfterError\": false,\n+     \"_showSuggestionAfterError\": true,\n+     \"_storeOptionsAsProperties\": false,\n+     \"_summary\": \"\",\n+     \"args\": Array [\n+       \"node\",\n+       \"xaheen\",\n+       \"create\",\n        \"test-project\",\n-   Any<Object>,\n+     ],\n+     \"commands\": Array [],\n+     \"options\": Array [\n+       Option {\n+         \"argChoices\": undefined,\n+         \"conflictsWith\": Array [],\n+         \"defaultValue\": undefined,\n+         \"defaultValueDescription\": undefined,\n+         \"description\": \"Use a preset bundle (e.g., saas-starter, saas-enterprise)\",\n+         \"envVar\": undefined,\n+         \"flags\": \"-p, --preset <preset>\",\n+         \"hidden\": false,\n+         \"implied\": undefined,\n+         \"long\": \"--preset\",\n+         \"mandatory\": false,\n+         \"negate\": false,\n+         \"optional\": false,\n+         \"parseArg\": undefined,\n+         \"presetArg\": undefined,\n+         \"required\": true,\n+         \"short\": \"-p\",\n+         \"variadic\": false,\n+       },\n+       Option {\n+         \"argChoices\": undefined,\n+         \"conflictsWith\": Array [],\n+         \"defaultValue\": undefined,\n+         \"defaultValueDescription\": undefined,\n+         \"description\": \"Frontend framework (next, nuxt, remix, etc.)\",\n+         \"envVar\": undefined,\n+         \"flags\": \"-f, --framework <framework>\",\n+         \"hidden\": false,\n+         \"implied\": undefined,\n+         \"long\": \"--framework\",\n+         \"mandatory\": false,\n+         \"negate\": false,\n+         \"optional\": false,\n+         \"parseArg\": undefined,\n+         \"presetArg\": undefined,\n+         \"required\": true,\n+         \"short\": \"-f\",\n+         \"variadic\": false,\n+       },\n+       Option {\n+         \"argChoices\": undefined,\n+         \"conflictsWith\": Array [],\n+         \"defaultValue\": undefined,\n+         \"defaultValueDescription\": undefined,\n+         \"description\": \"Backend framework (hono, express, fastify, etc.)\",\n+         \"envVar\": undefined,\n+         \"flags\": \"-b, --backend <backend>\",\n+         \"hidden\": false,\n+         \"implied\": undefined,\n+         \"long\": \"--backend\",\n+         \"mandatory\": false,\n+         \"negate\": false,\n+         \"optional\": false,\n+         \"parseArg\": undefined,\n+         \"presetArg\": undefined,\n+         \"required\": true,\n+         \"short\": \"-b\",\n+         \"variadic\": false,\n+       },\n+       Option {\n+         \"argChoices\": undefined,\n+         \"conflictsWith\": Array [],\n+         \"defaultValue\": undefined,\n+         \"defaultValueDescription\": undefined,\n+         \"description\": \"Database (postgresql, mysql, mongodb, etc.)\",\n+         \"envVar\": undefined,\n+         \"flags\": \"-d, --database <database>\",\n+         \"hidden\": false,\n+         \"implied\": undefined,\n+         \"long\": \"--database\",\n+         \"mandatory\": false,\n+         \"negate\": false,\n+         \"optional\": false,\n+         \"parseArg\": undefined,\n+         \"presetArg\": undefined,\n+         \"required\": true,\n+         \"short\": \"-d\",\n+         \"variadic\": false,\n+       },\n+       Option {\n+         \"argChoices\": undefined,\n+         \"conflictsWith\": Array [],\n+         \"defaultValue\": undefined,\n+         \"defaultValueDescription\": undefined,\n+         \"description\": \"Service bundles to include\",\n+         \"envVar\": undefined,\n+         \"flags\": \"--bundles <bundles...>\",\n+         \"hidden\": false,\n+         \"implied\": undefined,\n+         \"long\": \"--bundles\",\n+         \"mandatory\": false,\n+         \"negate\": false,\n+         \"optional\": false,\n+         \"parseArg\": undefined,\n+         \"presetArg\": undefined,\n+         \"required\": true,\n+         \"short\": undefined,\n+         \"variadic\": true,\n+       },\n+       Option {\n+         \"argChoices\": undefined,\n+         \"conflictsWith\": Array [],\n+         \"defaultValue\": undefined,\n+         \"defaultValueDescription\": undefined,\n+         \"description\": \"Skip dependency installation\",\n+         \"envVar\": undefined,\n+         \"flags\": \"--no-install\",\n+         \"hidden\": false,\n+         \"implied\": undefined,\n+         \"long\": \"--no-install\",\n+         \"mandatory\": false,\n+         \"negate\": true,\n+         \"optional\": false,\n+         \"parseArg\": undefined,\n+         \"presetArg\": undefined,\n+         \"required\": false,\n+         \"short\": undefined,\n+         \"variadic\": false,\n+       },\n+       Option {\n+         \"argChoices\": undefined,\n+         \"conflictsWith\": Array [],\n+         \"defaultValue\": undefined,\n+         \"defaultValueDescription\": undefined,\n+         \"description\": \"Skip git initialization\",\n+         \"envVar\": undefined,\n+         \"flags\": \"--no-git\",\n+         \"hidden\": false,\n+         \"implied\": undefined,\n+         \"long\": \"--no-git\",\n+         \"mandatory\": false,\n+         \"negate\": true,\n+         \"optional\": false,\n+         \"parseArg\": undefined,\n+         \"presetArg\": undefined,\n+         \"required\": false,\n+         \"short\": undefined,\n+         \"variadic\": false,\n+       },\n+       Option {\n+         \"argChoices\": undefined,\n+         \"conflictsWith\": Array [],\n+         \"defaultValue\": undefined,\n+         \"defaultValueDescription\": undefined,\n+         \"description\": \"Preview what would be created\",\n+         \"envVar\": undefined,\n+         \"flags\": \"--dry-run\",\n+         \"hidden\": false,\n+         \"implied\": undefined,\n+         \"long\": \"--dry-run\",\n+         \"mandatory\": false,\n+         \"negate\": false,\n+         \"optional\": false,\n+         \"parseArg\": undefined,\n+         \"presetArg\": undefined,\n+         \"required\": false,\n+         \"short\": undefined,\n+         \"variadic\": false,\n+       },\n+     ],\n+     \"parent\": null,\n+     \"processedArgs\": Array [\n+       \"node\",\n+     ],\n+     \"rawArgs\": Array [\n+       \"node\",\n+       \"xaheen\",\n+       \"create\",\n+       \"test-project\",\n+     ],\n+     \"registeredArguments\": Array [\n+       Argument {\n+         \"_name\": \"name\",\n+         \"argChoices\": undefined,\n+         \"defaultValue\": undefined,\n+         \"defaultValueDescription\": undefined,\n+         \"description\": \"Project name\",\n+         \"parseArg\": undefined,\n+         \"required\": false,\n+         \"variadic\": false,\n+       },\n+     ],\n+     Symbol(shapeMode): false,\n+     Symbol(kCapture): false,\n+   },\n  ]\n\n\nNumber of calls: 1\n\n    at Proxy.<anonymous> (file:///Volumes/Development/Xaheen%20Enterprise/xaheen/node_modules/.pnpm/vitest@2.1.9_@types+node@22.17.0_@vitest+ui@2.1.9_lightningcss@1.30.1_terser@5.16.9/node_modules/vitest/node_modules/@vitest/expect/dist/index.js:1465:13)\n    at Proxy.<anonymous> (file:///Volumes/Development/Xaheen%20Enterprise/xaheen/node_modules/.pnpm/vitest@2.1.9_@types+node@22.17.0_@vitest+ui@2.1.9_lightningcss@1.30.1_terser@5.16.9/node_modules/vitest/node_modules/@vitest/expect/dist/index.js:972:17)\n    at Proxy.methodWrapper (file:///Volumes/Development/Xaheen%20Enterprise/xaheen/node_modules/.pnpm/vitest@2.1.9_@types+node@22.17.0_@vitest+ui@2.1.9_lightningcss@1.30.1_terser@5.16.9/node_modules/vitest/node_modules/chai/chai.js:1706:25)\n    at /Volumes/Development/Xaheen Enterprise/xaheen/packages/xaheen-cli/src/commands/create.unit.test.ts:147:21\n    at file:///Volumes/Development/Xaheen%20Enterprise/xaheen/node_modules/.pnpm/vitest@2.1.9_@types+node@22.17.0_@vitest+ui@2.1.9_lightningcss@1.30.1_terser@5.16.9/node_modules/vitest/node_modules/@vitest/runner/dist/index.js:533:5\n    at runTest (file:///Volumes/Development/Xaheen%20Enterprise/xaheen/node_modules/.pnpm/vitest@2.1.9_@types+node@22.17.0_@vitest+ui@2.1.9_lightningcss@1.30.1_terser@5.16.9/node_modules/vitest/node_modules/@vitest/runner/dist/index.js:1056:11)\n    at runSuite (file:///Volumes/Development/Xaheen%20Enterprise/xaheen/node_modules/.pnpm/vitest@2.1.9_@types+node@22.17.0_@vitest+ui@2.1.9_lightningcss@1.30.1_terser@5.16.9/node_modules/vitest/node_modules/@vitest/runner/dist/index.js:1205:15)\n    at runSuite (file:///Volumes/Development/Xaheen%20Enterprise/xaheen/node_modules/.pnpm/vitest@2.1.9_@types+node@22.17.0_@vitest+ui@2.1.9_lightningcss@1.30.1_terser@5.16.9/node_modules/vitest/node_modules/@vitest/runner/dist/index.js:1205:15)\n    at runSuite (file:///Volumes/Development/Xaheen%20Enterprise/xaheen/node_modules/.pnpm/vitest@2.1.9_@types+node@22.17.0_@vitest+ui@2.1.9_lightningcss@1.30.1_terser@5.16.9/node_modules/vitest/node_modules/@vitest/runner/dist/index.js:1205:15)\n    at runFiles (file:///Volumes/Development/Xaheen%20Enterprise/xaheen/node_modules/.pnpm/vitest@2.1.9_@types+node@22.17.0_@vitest+ui@2.1.9_lightningcss@1.30.1_terser@5.16.9/node_modules/vitest/node_modules/@vitest/runner/dist/index.js:1262:5)","AssertionError: expected \"spy\" to be called with arguments: [ 'test-project', Any<Object> ]\n\nReceived: \n\n  1st spy call:\n\n  Array [\n+   \"node\",\n+   Object {\n+     \"git\": true,\n+     \"install\": true,\n+   },\n+   Command {\n+     \"_actionHandler\": [Function listener],\n+     \"_addImplicitHelpCommand\": undefined,\n+     \"_aliases\": Array [\n+       \"new\",\n+     ],\n+     \"_allowExcessArguments\": true,\n+     \"_allowUnknownOption\": false,\n+     \"_args\": Array [\n+       Argument {\n+         \"_name\": \"name\",\n+         \"argChoices\": undefined,\n+         \"defaultValue\": undefined,\n+         \"defaultValueDescription\": undefined,\n+         \"description\": \"Project name\",\n+         \"parseArg\": undefined,\n+         \"required\": false,\n+         \"variadic\": false,\n+       },\n+     ],\n+     \"_argsDescription\": undefined,\n+     \"_combineFlagAndOptionalValue\": true,\n+     \"_defaultCommandName\": null,\n+     \"_description\": \"Create a new project\",\n+     \"_enablePositionalOptions\": false,\n+     \"_events\": Object {\n+       \"option:backend\": [Function anonymous],\n+       \"option:bundles\": [Function anonymous],\n+       \"option:database\": [Function anonymous],\n+       \"option:dry-run\": [Function anonymous],\n+       \"option:framework\": [Function anonymous],\n+       \"option:no-git\": [Function anonymous],\n+       \"option:no-install\": [Function anonymous],\n+       \"option:preset\": [Function anonymous],\n+     },\n+     \"_eventsCount\": 8,\n+     \"_executableDir\": null,\n+     \"_executableFile\": null,\n+     \"_executableHandler\": false,\n+     \"_exitCallback\": null,\n+     \"_helpCommand\": undefined,\n+     \"_helpConfiguration\": Object {},\n+     \"_helpOption\": Option {\n+       \"argChoices\": undefined,\n+       \"conflictsWith\": Array [],\n+       \"defaultValue\": undefined,\n+       \"defaultValueDescription\": undefined,\n+       \"description\": \"display help for command\",\n+       \"envVar\": undefined,\n+       \"flags\": \"-h, --help\",\n+       \"hidden\": false,\n+       \"implied\": undefined,\n+       \"long\": \"--help\",\n+       \"mandatory\": false,\n+       \"negate\": false,\n+       \"optional\": false,\n+       \"parseArg\": undefined,\n+       \"presetArg\": undefined,\n+       \"required\": false,\n+       \"short\": \"-h\",\n+       \"variadic\": false,\n+     },\n+     \"_hidden\": false,\n+     \"_lifeCycleHooks\": Object {},\n+     \"_maxListeners\": undefined,\n+     \"_name\": \"create\",\n+     \"_optionValueSources\": Object {\n+       \"git\": \"default\",\n+       \"install\": \"default\",\n+     },\n+     \"_optionValues\": Object {\n+       \"git\": true,\n+       \"install\": true,\n+     },\n+     \"_outputConfiguration\": Object {\n+       \"getErrHelpWidth\": [Function getErrHelpWidth],\n+       \"getOutHelpWidth\": [Function getOutHelpWidth],\n+       \"outputError\": [Function outputError],\n+       \"writeErr\": [Function writeErr],\n+       \"writeOut\": [Function writeOut],\n+     },\n+     \"_passThroughOptions\": false,\n+     \"_scriptPath\": null,\n+     \"_showHelpAfterError\": false,\n+     \"_showSuggestionAfterError\": true,\n+     \"_storeOptionsAsProperties\": false,\n+     \"_summary\": \"\",\n+     \"args\": Array [\n+       \"node\",\n+       \"xaheen\",\n+       \"create\",\n        \"test-project\",\n-   Any<Object>,\n+     ],\n+     \"commands\": Array [],\n+     \"options\": Array [\n+       Option {\n+         \"argChoices\": undefined,\n+         \"conflictsWith\": Array [],\n+         \"defaultValue\": undefined,\n+         \"defaultValueDescription\": undefined,\n+         \"description\": \"Use a preset bundle (e.g., saas-starter, saas-enterprise)\",\n+         \"envVar\": undefined,\n+         \"flags\": \"-p, --preset <preset>\",\n+         \"hidden\": false,\n+         \"implied\": undefined,\n+         \"long\": \"--preset\",\n+         \"mandatory\": false,\n+         \"negate\": false,\n+         \"optional\": false,\n+         \"parseArg\": undefined,\n+         \"presetArg\": undefined,\n+         \"required\": true,\n+         \"short\": \"-p\",\n+         \"variadic\": false,\n+       },\n+       Option {\n+         \"argChoices\": undefined,\n+         \"conflictsWith\": Array [],\n+         \"defaultValue\": undefined,\n+         \"defaultValueDescription\": undefined,\n+         \"description\": \"Frontend framework (next, nuxt, remix, etc.)\",\n+         \"envVar\": undefined,\n+         \"flags\": \"-f, --framework <framework>\",\n+         \"hidden\": false,\n+         \"implied\": undefined,\n+         \"long\": \"--framework\",\n+         \"mandatory\": false,\n+         \"negate\": false,\n+         \"optional\": false,\n+         \"parseArg\": undefined,\n+         \"presetArg\": undefined,\n+         \"required\": true,\n+         \"short\": \"-f\",\n+         \"variadic\": false,\n+       },\n+       Option {\n+         \"argChoices\": undefined,\n+         \"conflictsWith\": Array [],\n+         \"defaultValue\": undefined,\n+         \"defaultValueDescription\": undefined,\n+         \"description\": \"Backend framework (hono, express, fastify, etc.)\",\n+         \"envVar\": undefined,\n+         \"flags\": \"-b, --backend <backend>\",\n+         \"hidden\": false,\n+         \"implied\": undefined,\n+         \"long\": \"--backend\",\n+         \"mandatory\": false,\n+         \"negate\": false,\n+         \"optional\": false,\n+         \"parseArg\": undefined,\n+         \"presetArg\": undefined,\n+         \"required\": true,\n+         \"short\": \"-b\",\n+         \"variadic\": false,\n+       },\n+       Option {\n+         \"argChoices\": undefined,\n+         \"conflictsWith\": Array [],\n+         \"defaultValue\": undefined,\n+         \"defaultValueDescription\": undefined,\n+         \"description\": \"Database (postgresql, mysql, mongodb, etc.)\",\n+         \"envVar\": undefined,\n+         \"flags\": \"-d, --database <database>\",\n+         \"hidden\": false,\n+         \"implied\": undefined,\n+         \"long\": \"--database\",\n+         \"mandatory\": false,\n+         \"negate\": false,\n+         \"optional\": false,\n+         \"parseArg\": undefined,\n+         \"presetArg\": undefined,\n+         \"required\": true,\n+         \"short\": \"-d\",\n+         \"variadic\": false,\n+       },\n+       Option {\n+         \"argChoices\": undefined,\n+         \"conflictsWith\": Array [],\n+         \"defaultValue\": undefined,\n+         \"defaultValueDescription\": undefined,\n+         \"description\": \"Service bundles to include\",\n+         \"envVar\": undefined,\n+         \"flags\": \"--bundles <bundles...>\",\n+         \"hidden\": false,\n+         \"implied\": undefined,\n+         \"long\": \"--bundles\",\n+         \"mandatory\": false,\n+         \"negate\": false,\n+         \"optional\": false,\n+         \"parseArg\": undefined,\n+         \"presetArg\": undefined,\n+         \"required\": true,\n+         \"short\": undefined,\n+         \"variadic\": true,\n+       },\n+       Option {\n+         \"argChoices\": undefined,\n+         \"conflictsWith\": Array [],\n+         \"defaultValue\": undefined,\n+         \"defaultValueDescription\": undefined,\n+         \"description\": \"Skip dependency installation\",\n+         \"envVar\": undefined,\n+         \"flags\": \"--no-install\",\n+         \"hidden\": false,\n+         \"implied\": undefined,\n+         \"long\": \"--no-install\",\n+         \"mandatory\": false,\n+         \"negate\": true,\n+         \"optional\": false,\n+         \"parseArg\": undefined,\n+         \"presetArg\": undefined,\n+         \"required\": false,\n+         \"short\": undefined,\n+         \"variadic\": false,\n+       },\n+       Option {\n+         \"argChoices\": undefined,\n+         \"conflictsWith\": Array [],\n+         \"defaultValue\": undefined,\n+         \"defaultValueDescription\": undefined,\n+         \"description\": \"Skip git initialization\",\n+         \"envVar\": undefined,\n+         \"flags\": \"--no-git\",\n+         \"hidden\": false,\n+         \"implied\": undefined,\n+         \"long\": \"--no-git\",\n+         \"mandatory\": false,\n+         \"negate\": true,\n+         \"optional\": false,\n+         \"parseArg\": undefined,\n+         \"presetArg\": undefined,\n+         \"required\": false,\n+         \"short\": undefined,\n+         \"variadic\": false,\n+       },\n+       Option {\n+         \"argChoices\": undefined,\n+         \"conflictsWith\": Array [],\n+         \"defaultValue\": undefined,\n+         \"defaultValueDescription\": undefined,\n+         \"description\": \"Preview what would be created\",\n+         \"envVar\": undefined,\n+         \"flags\": \"--dry-run\",\n+         \"hidden\": false,\n+         \"implied\": undefined,\n+         \"long\": \"--dry-run\",\n+         \"mandatory\": false,\n+         \"negate\": false,\n+         \"optional\": false,\n+         \"parseArg\": undefined,\n+         \"presetArg\": undefined,\n+         \"required\": false,\n+         \"short\": undefined,\n+         \"variadic\": false,\n+       },\n+     ],\n+     \"parent\": null,\n+     \"processedArgs\": Array [\n+       \"node\",\n+     ],\n+     \"rawArgs\": Array [\n+       \"node\",\n+       \"xaheen\",\n+       \"create\",\n+       \"test-project\",\n+     ],\n+     \"registeredArguments\": Array [\n+       Argument {\n+         \"_name\": \"name\",\n+         \"argChoices\": undefined,\n+         \"defaultValue\": undefined,\n+         \"defaultValueDescription\": undefined,\n+         \"description\": \"Project name\",\n+         \"parseArg\": undefined,\n+         \"required\": false,\n+         \"variadic\": false,\n+       },\n+     ],\n+     Symbol(shapeMode): false,\n+     Symbol(kCapture): false,\n+   },\n  ]\n\n\nNumber of calls: 1\n\n    at Proxy.<anonymous> (file:///Volumes/Development/Xaheen%20Enterprise/xaheen/node_modules/.pnpm/vitest@2.1.9_@types+node@22.17.0_@vitest+ui@2.1.9_lightningcss@1.30.1_terser@5.16.9/node_modules/vitest/node_modules/@vitest/expect/dist/index.js:1465:13)\n    at Proxy.<anonymous> (file:///Volumes/Development/Xaheen%20Enterprise/xaheen/node_modules/.pnpm/vitest@2.1.9_@types+node@22.17.0_@vitest+ui@2.1.9_lightningcss@1.30.1_terser@5.16.9/node_modules/vitest/node_modules/@vitest/expect/dist/index.js:972:17)\n    at Proxy.methodWrapper (file:///Volumes/Development/Xaheen%20Enterprise/xaheen/node_modules/.pnpm/vitest@2.1.9_@types+node@22.17.0_@vitest+ui@2.1.9_lightningcss@1.30.1_terser@5.16.9/node_modules/vitest/node_modules/chai/chai.js:1706:25)\n    at /Volumes/Development/Xaheen Enterprise/xaheen/packages/xaheen-cli/src/commands/create.unit.test.ts:147:21\n    at file:///Volumes/Development/Xaheen%20Enterprise/xaheen/node_modules/.pnpm/vitest@2.1.9_@types+node@22.17.0_@vitest+ui@2.1.9_lightningcss@1.30.1_terser@5.16.9/node_modules/vitest/node_modules/@vitest/runner/dist/index.js:533:5\n    at runTest (file:///Volumes/Development/Xaheen%20Enterprise/xaheen/node_modules/.pnpm/vitest@2.1.9_@types+node@22.17.0_@vitest+ui@2.1.9_lightningcss@1.30.1_terser@5.16.9/node_modules/vitest/node_modules/@vitest/runner/dist/index.js:1056:11)\n    at runSuite (file:///Volumes/Development/Xaheen%20Enterprise/xaheen/node_modules/.pnpm/vitest@2.1.9_@types+node@22.17.0_@vitest+ui@2.1.9_lightningcss@1.30.1_terser@5.16.9/node_modules/vitest/node_modules/@vitest/runner/dist/index.js:1205:15)\n    at runSuite (file:///Volumes/Development/Xaheen%20Enterprise/xaheen/node_modules/.pnpm/vitest@2.1.9_@types+node@22.17.0_@vitest+ui@2.1.9_lightningcss@1.30.1_terser@5.16.9/node_modules/vitest/node_modules/@vitest/runner/dist/index.js:1205:15)\n    at runSuite (file:///Volumes/Development/Xaheen%20Enterprise/xaheen/node_modules/.pnpm/vitest@2.1.9_@types+node@22.17.0_@vitest+ui@2.1.9_lightningcss@1.30.1_terser@5.16.9/node_modules/vitest/node_modules/@vitest/runner/dist/index.js:1205:15)\n    at runFiles (file:///Volumes/Development/Xaheen%20Enterprise/xaheen/node_modules/.pnpm/vitest@2.1.9_@types+node@22.17.0_@vitest+ui@2.1.9_lightningcss@1.30.1_terser@5.16.9/node_modules/vitest/node_modules/@vitest/runner/dist/index.js:1262:5)"],"location":{"line":133,"column":3},"meta":{}},{"ancestorTitles":["Create Command","Argument Parsing"],"fullName":"Create Command Argument Parsing should handle missing project name with interactive prompt","status":"failed","title":"should handle missing project name with interactive prompt","duration":3.0631670000000213,"failureMessages":["AssertionError: expected \"spy\" to be called at least once\n    at Proxy.<anonymous> (file:///Volumes/Development/Xaheen%20Enterprise/xaheen/node_modules/.pnpm/vitest@2.1.9_@types+node@22.17.0_@vitest+ui@2.1.9_lightningcss@1.30.1_terser@5.16.9/node_modules/vitest/node_modules/@vitest/expect/dist/index.js:1448:13)\n    at Proxy.<anonymous> (file:///Volumes/Development/Xaheen%20Enterprise/xaheen/node_modules/.pnpm/vitest@2.1.9_@types+node@22.17.0_@vitest+ui@2.1.9_lightningcss@1.30.1_terser@5.16.9/node_modules/vitest/node_modules/@vitest/expect/dist/index.js:972:17)\n    at Proxy.methodWrapper (file:///Volumes/Development/Xaheen%20Enterprise/xaheen/node_modules/.pnpm/vitest@2.1.9_@types+node@22.17.0_@vitest+ui@2.1.9_lightningcss@1.30.1_terser@5.16.9/node_modules/vitest/node_modules/chai/chai.js:1706:25)\n    at /Volumes/Development/Xaheen Enterprise/xaheen/packages/xaheen-cli/src/commands/create.unit.test.ts:167:29\n    at file:///Volumes/Development/Xaheen%20Enterprise/xaheen/node_modules/.pnpm/vitest@2.1.9_@types+node@22.17.0_@vitest+ui@2.1.9_lightningcss@1.30.1_terser@5.16.9/node_modules/vitest/node_modules/@vitest/runner/dist/index.js:533:5\n    at runTest (file:///Volumes/Development/Xaheen%20Enterprise/xaheen/node_modules/.pnpm/vitest@2.1.9_@types+node@22.17.0_@vitest+ui@2.1.9_lightningcss@1.30.1_terser@5.16.9/node_modules/vitest/node_modules/@vitest/runner/dist/index.js:1056:11)\n    at runSuite (file:///Volumes/Development/Xaheen%20Enterprise/xaheen/node_modules/.pnpm/vitest@2.1.9_@types+node@22.17.0_@vitest+ui@2.1.9_lightningcss@1.30.1_terser@5.16.9/node_modules/vitest/node_modules/@vitest/runner/dist/index.js:1205:15)\n    at runSuite (file:///Volumes/Development/Xaheen%20Enterprise/xaheen/node_modules/.pnpm/vitest@2.1.9_@types+node@22.17.0_@vitest+ui@2.1.9_lightningcss@1.30.1_terser@5.16.9/node_modules/vitest/node_modules/@vitest/runner/dist/index.js:1205:15)\n    at runSuite (file:///Volumes/Development/Xaheen%20Enterprise/xaheen/node_modules/.pnpm/vitest@2.1.9_@types+node@22.17.0_@vitest+ui@2.1.9_lightningcss@1.30.1_terser@5.16.9/node_modules/vitest/node_modules/@vitest/runner/dist/index.js:1205:15)\n    at runFiles (file:///Volumes/Development/Xaheen%20Enterprise/xaheen/node_modules/.pnpm/vitest@2.1.9_@types+node@22.17.0_@vitest+ui@2.1.9_lightningcss@1.30.1_terser@5.16.9/node_modules/vitest/node_modules/@vitest/runner/dist/index.js:1262:5)","AssertionError: expected \"spy\" to be called at least once\n    at Proxy.<anonymous> (file:///Volumes/Development/Xaheen%20Enterprise/xaheen/node_modules/.pnpm/vitest@2.1.9_@types+node@22.17.0_@vitest+ui@2.1.9_lightningcss@1.30.1_terser@5.16.9/node_modules/vitest/node_modules/@vitest/expect/dist/index.js:1448:13)\n    at Proxy.<anonymous> (file:///Volumes/Development/Xaheen%20Enterprise/xaheen/node_modules/.pnpm/vitest@2.1.9_@types+node@22.17.0_@vitest+ui@2.1.9_lightningcss@1.30.1_terser@5.16.9/node_modules/vitest/node_modules/@vitest/expect/dist/index.js:972:17)\n    at Proxy.methodWrapper (file:///Volumes/Development/Xaheen%20Enterprise/xaheen/node_modules/.pnpm/vitest@2.1.9_@types+node@22.17.0_@vitest+ui@2.1.9_lightningcss@1.30.1_terser@5.16.9/node_modules/vitest/node_modules/chai/chai.js:1706:25)\n    at /Volumes/Development/Xaheen Enterprise/xaheen/packages/xaheen-cli/src/commands/create.unit.test.ts:167:29\n    at file:///Volumes/Development/Xaheen%20Enterprise/xaheen/node_modules/.pnpm/vitest@2.1.9_@types+node@22.17.0_@vitest+ui@2.1.9_lightningcss@1.30.1_terser@5.16.9/node_modules/vitest/node_modules/@vitest/runner/dist/index.js:533:5\n    at runTest (file:///Volumes/Development/Xaheen%20Enterprise/xaheen/node_modules/.pnpm/vitest@2.1.9_@types+node@22.17.0_@vitest+ui@2.1.9_lightningcss@1.30.1_terser@5.16.9/node_modules/vitest/node_modules/@vitest/runner/dist/index.js:1056:11)\n    at runSuite (file:///Volumes/Development/Xaheen%20Enterprise/xaheen/node_modules/.pnpm/vitest@2.1.9_@types+node@22.17.0_@vitest+ui@2.1.9_lightningcss@1.30.1_terser@5.16.9/node_modules/vitest/node_modules/@vitest/runner/dist/index.js:1205:15)\n    at runSuite (file:///Volumes/Development/Xaheen%20Enterprise/xaheen/node_modules/.pnpm/vitest@2.1.9_@types+node@22.17.0_@vitest+ui@2.1.9_lightningcss@1.30.1_terser@5.16.9/node_modules/vitest/node_modules/@vitest/runner/dist/index.js:1205:15)\n    at runSuite (file:///Volumes/Development/Xaheen%20Enterprise/xaheen/node_modules/.pnpm/vitest@2.1.9_@types+node@22.17.0_@vitest+ui@2.1.9_lightningcss@1.30.1_terser@5.16.9/node_modules/vitest/node_modules/@vitest/runner/dist/index.js:1205:15)\n    at runFiles (file:///Volumes/Development/Xaheen%20Enterprise/xaheen/node_modules/.pnpm/vitest@2.1.9_@types+node@22.17.0_@vitest+ui@2.1.9_lightningcss@1.30.1_terser@5.16.9/node_modules/vitest/node_modules/@vitest/runner/dist/index.js:1262:5)","AssertionError: expected \"spy\" to be called at least once\n    at Proxy.<anonymous> (file:///Volumes/Development/Xaheen%20Enterprise/xaheen/node_modules/.pnpm/vitest@2.1.9_@types+node@22.17.0_@vitest+ui@2.1.9_lightningcss@1.30.1_terser@5.16.9/node_modules/vitest/node_modules/@vitest/expect/dist/index.js:1448:13)\n    at Proxy.<anonymous> (file:///Volumes/Development/Xaheen%20Enterprise/xaheen/node_modules/.pnpm/vitest@2.1.9_@types+node@22.17.0_@vitest+ui@2.1.9_lightningcss@1.30.1_terser@5.16.9/node_modules/vitest/node_modules/@vitest/expect/dist/index.js:972:17)\n    at Proxy.methodWrapper (file:///Volumes/Development/Xaheen%20Enterprise/xaheen/node_modules/.pnpm/vitest@2.1.9_@types+node@22.17.0_@vitest+ui@2.1.9_lightningcss@1.30.1_terser@5.16.9/node_modules/vitest/node_modules/chai/chai.js:1706:25)\n    at /Volumes/Development/Xaheen Enterprise/xaheen/packages/xaheen-cli/src/commands/create.unit.test.ts:167:29\n    at file:///Volumes/Development/Xaheen%20Enterprise/xaheen/node_modules/.pnpm/vitest@2.1.9_@types+node@22.17.0_@vitest+ui@2.1.9_lightningcss@1.30.1_terser@5.16.9/node_modules/vitest/node_modules/@vitest/runner/dist/index.js:533:5\n    at runTest (file:///Volumes/Development/Xaheen%20Enterprise/xaheen/node_modules/.pnpm/vitest@2.1.9_@types+node@22.17.0_@vitest+ui@2.1.9_lightningcss@1.30.1_terser@5.16.9/node_modules/vitest/node_modules/@vitest/runner/dist/index.js:1056:11)\n    at runSuite (file:///Volumes/Development/Xaheen%20Enterprise/xaheen/node_modules/.pnpm/vitest@2.1.9_@types+node@22.17.0_@vitest+ui@2.1.9_lightningcss@1.30.1_terser@5.16.9/node_modules/vitest/node_modules/@vitest/runner/dist/index.js:1205:15)\n    at runSuite (file:///Volumes/Development/Xaheen%20Enterprise/xaheen/node_modules/.pnpm/vitest@2.1.9_@types+node@22.17.0_@vitest+ui@2.1.9_lightningcss@1.30.1_terser@5.16.9/node_modules/vitest/node_modules/@vitest/runner/dist/index.js:1205:15)\n    at runSuite (file:///Volumes/Development/Xaheen%20Enterprise/xaheen/node_modules/.pnpm/vitest@2.1.9_@types+node@22.17.0_@vitest+ui@2.1.9_lightningcss@1.30.1_terser@5.16.9/node_modules/vitest/node_modules/@vitest/runner/dist/index.js:1205:15)\n    at runFiles (file:///Volumes/Development/Xaheen%20Enterprise/xaheen/node_modules/.pnpm/vitest@2.1.9_@types+node@22.17.0_@vitest+ui@2.1.9_lightningcss@1.30.1_terser@5.16.9/node_modules/vitest/node_modules/@vitest/runner/dist/index.js:1262:5)"],"location":{"line":150,"column":3},"meta":{}},{"ancestorTitles":["Create Command","Preset Handling"],"fullName":"Create Command Preset Handling should use preset when provided","status":"passed","title":"should use preset when provided","duration":0.93262500000003,"failureMessages":[],"location":{"line":172,"column":3},"meta":{}},{"ancestorTitles":["Create Command","Preset Handling"],"fullName":"Create Command Preset Handling should prompt for preset when not provided","status":"failed","title":"should prompt for preset when not provided","duration":4.016457999999943,"failureMessages":["AssertionError: expected \"spy\" to be called at least once\n    at Proxy.<anonymous> (file:///Volumes/Development/Xaheen%20Enterprise/xaheen/node_modules/.pnpm/vitest@2.1.9_@types+node@22.17.0_@vitest+ui@2.1.9_lightningcss@1.30.1_terser@5.16.9/node_modules/vitest/node_modules/@vitest/expect/dist/index.js:1448:13)\n    at Proxy.<anonymous> (file:///Volumes/Development/Xaheen%20Enterprise/xaheen/node_modules/.pnpm/vitest@2.1.9_@types+node@22.17.0_@vitest+ui@2.1.9_lightningcss@1.30.1_terser@5.16.9/node_modules/vitest/node_modules/@vitest/expect/dist/index.js:972:17)\n    at Proxy.methodWrapper (file:///Volumes/Development/Xaheen%20Enterprise/xaheen/node_modules/.pnpm/vitest@2.1.9_@types+node@22.17.0_@vitest+ui@2.1.9_lightningcss@1.30.1_terser@5.16.9/node_modules/vitest/node_modules/chai/chai.js:1706:25)\n    at /Volumes/Development/Xaheen Enterprise/xaheen/packages/xaheen-cli/src/commands/create.unit.test.ts:217:31\n    at file:///Volumes/Development/Xaheen%20Enterprise/xaheen/node_modules/.pnpm/vitest@2.1.9_@types+node@22.17.0_@vitest+ui@2.1.9_lightningcss@1.30.1_terser@5.16.9/node_modules/vitest/node_modules/@vitest/runner/dist/index.js:533:5\n    at runTest (file:///Volumes/Development/Xaheen%20Enterprise/xaheen/node_modules/.pnpm/vitest@2.1.9_@types+node@22.17.0_@vitest+ui@2.1.9_lightningcss@1.30.1_terser@5.16.9/node_modules/vitest/node_modules/@vitest/runner/dist/index.js:1056:11)\n    at runSuite (file:///Volumes/Development/Xaheen%20Enterprise/xaheen/node_modules/.pnpm/vitest@2.1.9_@types+node@22.17.0_@vitest+ui@2.1.9_lightningcss@1.30.1_terser@5.16.9/node_modules/vitest/node_modules/@vitest/runner/dist/index.js:1205:15)\n    at runSuite (file:///Volumes/Development/Xaheen%20Enterprise/xaheen/node_modules/.pnpm/vitest@2.1.9_@types+node@22.17.0_@vitest+ui@2.1.9_lightningcss@1.30.1_terser@5.16.9/node_modules/vitest/node_modules/@vitest/runner/dist/index.js:1205:15)\n    at runSuite (file:///Volumes/Development/Xaheen%20Enterprise/xaheen/node_modules/.pnpm/vitest@2.1.9_@types+node@22.17.0_@vitest+ui@2.1.9_lightningcss@1.30.1_terser@5.16.9/node_modules/vitest/node_modules/@vitest/runner/dist/index.js:1205:15)\n    at runFiles (file:///Volumes/Development/Xaheen%20Enterprise/xaheen/node_modules/.pnpm/vitest@2.1.9_@types+node@22.17.0_@vitest+ui@2.1.9_lightningcss@1.30.1_terser@5.16.9/node_modules/vitest/node_modules/@vitest/runner/dist/index.js:1262:5)","AssertionError: expected \"spy\" to be called at least once\n    at Proxy.<anonymous> (file:///Volumes/Development/Xaheen%20Enterprise/xaheen/node_modules/.pnpm/vitest@2.1.9_@types+node@22.17.0_@vitest+ui@2.1.9_lightningcss@1.30.1_terser@5.16.9/node_modules/vitest/node_modules/@vitest/expect/dist/index.js:1448:13)\n    at Proxy.<anonymous> (file:///Volumes/Development/Xaheen%20Enterprise/xaheen/node_modules/.pnpm/vitest@2.1.9_@types+node@22.17.0_@vitest+ui@2.1.9_lightningcss@1.30.1_terser@5.16.9/node_modules/vitest/node_modules/@vitest/expect/dist/index.js:972:17)\n    at Proxy.methodWrapper (file:///Volumes/Development/Xaheen%20Enterprise/xaheen/node_modules/.pnpm/vitest@2.1.9_@types+node@22.17.0_@vitest+ui@2.1.9_lightningcss@1.30.1_terser@5.16.9/node_modules/vitest/node_modules/chai/chai.js:1706:25)\n    at /Volumes/Development/Xaheen Enterprise/xaheen/packages/xaheen-cli/src/commands/create.unit.test.ts:217:31\n    at file:///Volumes/Development/Xaheen%20Enterprise/xaheen/node_modules/.pnpm/vitest@2.1.9_@types+node@22.17.0_@vitest+ui@2.1.9_lightningcss@1.30.1_terser@5.16.9/node_modules/vitest/node_modules/@vitest/runner/dist/index.js:533:5\n    at runTest (file:///Volumes/Development/Xaheen%20Enterprise/xaheen/node_modules/.pnpm/vitest@2.1.9_@types+node@22.17.0_@vitest+ui@2.1.9_lightningcss@1.30.1_terser@5.16.9/node_modules/vitest/node_modules/@vitest/runner/dist/index.js:1056:11)\n    at runSuite (file:///Volumes/Development/Xaheen%20Enterprise/xaheen/node_modules/.pnpm/vitest@2.1.9_@types+node@22.17.0_@vitest+ui@2.1.9_lightningcss@1.30.1_terser@5.16.9/node_modules/vitest/node_modules/@vitest/runner/dist/index.js:1205:15)\n    at runSuite (file:///Volumes/Development/Xaheen%20Enterprise/xaheen/node_modules/.pnpm/vitest@2.1.9_@types+node@22.17.0_@vitest+ui@2.1.9_lightningcss@1.30.1_terser@5.16.9/node_modules/vitest/node_modules/@vitest/runner/dist/index.js:1205:15)\n    at runSuite (file:///Volumes/Development/Xaheen%20Enterprise/xaheen/node_modules/.pnpm/vitest@2.1.9_@types+node@22.17.0_@vitest+ui@2.1.9_lightningcss@1.30.1_terser@5.16.9/node_modules/vitest/node_modules/@vitest/runner/dist/index.js:1205:15)\n    at runFiles (file:///Volumes/Development/Xaheen%20Enterprise/xaheen/node_modules/.pnpm/vitest@2.1.9_@types+node@22.17.0_@vitest+ui@2.1.9_lightningcss@1.30.1_terser@5.16.9/node_modules/vitest/node_modules/@vitest/runner/dist/index.js:1262:5)","AssertionError: expected \"spy\" to be called at least once\n    at Proxy.<anonymous> (file:///Volumes/Development/Xaheen%20Enterprise/xaheen/node_modules/.pnpm/vitest@2.1.9_@types+node@22.17.0_@vitest+ui@2.1.9_lightningcss@1.30.1_terser@5.16.9/node_modules/vitest/node_modules/@vitest/expect/dist/index.js:1448:13)\n    at Proxy.<anonymous> (file:///Volumes/Development/Xaheen%20Enterprise/xaheen/node_modules/.pnpm/vitest@2.1.9_@types+node@22.17.0_@vitest+ui@2.1.9_lightningcss@1.30.1_terser@5.16.9/node_modules/vitest/node_modules/@vitest/expect/dist/index.js:972:17)\n    at Proxy.methodWrapper (file:///Volumes/Development/Xaheen%20Enterprise/xaheen/node_modules/.pnpm/vitest@2.1.9_@types+node@22.17.0_@vitest+ui@2.1.9_lightningcss@1.30.1_terser@5.16.9/node_modules/vitest/node_modules/chai/chai.js:1706:25)\n    at /Volumes/Development/Xaheen Enterprise/xaheen/packages/xaheen-cli/src/commands/create.unit.test.ts:217:31\n    at file:///Volumes/Development/Xaheen%20Enterprise/xaheen/node_modules/.pnpm/vitest@2.1.9_@types+node@22.17.0_@vitest+ui@2.1.9_lightningcss@1.30.1_terser@5.16.9/node_modules/vitest/node_modules/@vitest/runner/dist/index.js:533:5\n    at runTest (file:///Volumes/Development/Xaheen%20Enterprise/xaheen/node_modules/.pnpm/vitest@2.1.9_@types+node@22.17.0_@vitest+ui@2.1.9_lightningcss@1.30.1_terser@5.16.9/node_modules/vitest/node_modules/@vitest/runner/dist/index.js:1056:11)\n    at runSuite (file:///Volumes/Development/Xaheen%20Enterprise/xaheen/node_modules/.pnpm/vitest@2.1.9_@types+node@22.17.0_@vitest+ui@2.1.9_lightningcss@1.30.1_terser@5.16.9/node_modules/vitest/node_modules/@vitest/runner/dist/index.js:1205:15)\n    at runSuite (file:///Volumes/Development/Xaheen%20Enterprise/xaheen/node_modules/.pnpm/vitest@2.1.9_@types+node@22.17.0_@vitest+ui@2.1.9_lightningcss@1.30.1_terser@5.16.9/node_modules/vitest/node_modules/@vitest/runner/dist/index.js:1205:15)\n    at runSuite (file:///Volumes/Development/Xaheen%20Enterprise/xaheen/node_modules/.pnpm/vitest@2.1.9_@types+node@22.17.0_@vitest+ui@2.1.9_lightningcss@1.30.1_terser@5.16.9/node_modules/vitest/node_modules/@vitest/runner/dist/index.js:1205:15)\n    at runFiles (file:///Volumes/Development/Xaheen%20Enterprise/xaheen/node_modules/.pnpm/vitest@2.1.9_@types+node@22.17.0_@vitest+ui@2.1.9_lightningcss@1.30.1_terser@5.16.9/node_modules/vitest/node_modules/@vitest/runner/dist/index.js:1262:5)"],"location":{"line":198,"column":3},"meta":{}},{"ancestorTitles":["Create Command","Project Scaffolding"],"fullName":"Create Command Project Scaffolding should validate project name","status":"failed","title":"should validate project name","duration":2.6095840000000408,"failureMessages":["AssertionError: expected \"spy\" to be called with arguments: [ 'invalid-name' ]\n\nReceived: \n\n  1st spy call:\n\n  Array [\n-   \"invalid-name\",\n+   \"node\",\n  ]\n\n\nNumber of calls: 1\n\n    at Proxy.<anonymous> (file:///Volumes/Development/Xaheen%20Enterprise/xaheen/node_modules/.pnpm/vitest@2.1.9_@types+node@22.17.0_@vitest+ui@2.1.9_lightningcss@1.30.1_terser@5.16.9/node_modules/vitest/node_modules/@vitest/expect/dist/index.js:1465:13)\n    at Proxy.<anonymous> (file:///Volumes/Development/Xaheen%20Enterprise/xaheen/node_modules/.pnpm/vitest@2.1.9_@types+node@22.17.0_@vitest+ui@2.1.9_lightningcss@1.30.1_terser@5.16.9/node_modules/vitest/node_modules/@vitest/expect/dist/index.js:972:17)\n    at Proxy.methodWrapper (file:///Volumes/Development/Xaheen%20Enterprise/xaheen/node_modules/.pnpm/vitest@2.1.9_@types+node@22.17.0_@vitest+ui@2.1.9_lightningcss@1.30.1_terser@5.16.9/node_modules/vitest/node_modules/chai/chai.js:1706:25)\n    at /Volumes/Development/Xaheen Enterprise/xaheen/packages/xaheen-cli/src/commands/create.unit.test.ts:236:54\n    at file:///Volumes/Development/Xaheen%20Enterprise/xaheen/node_modules/.pnpm/vitest@2.1.9_@types+node@22.17.0_@vitest+ui@2.1.9_lightningcss@1.30.1_terser@5.16.9/node_modules/vitest/node_modules/@vitest/runner/dist/index.js:533:5\n    at runTest (file:///Volumes/Development/Xaheen%20Enterprise/xaheen/node_modules/.pnpm/vitest@2.1.9_@types+node@22.17.0_@vitest+ui@2.1.9_lightningcss@1.30.1_terser@5.16.9/node_modules/vitest/node_modules/@vitest/runner/dist/index.js:1056:11)\n    at runSuite (file:///Volumes/Development/Xaheen%20Enterprise/xaheen/node_modules/.pnpm/vitest@2.1.9_@types+node@22.17.0_@vitest+ui@2.1.9_lightningcss@1.30.1_terser@5.16.9/node_modules/vitest/node_modules/@vitest/runner/dist/index.js:1205:15)\n    at runSuite (file:///Volumes/Development/Xaheen%20Enterprise/xaheen/node_modules/.pnpm/vitest@2.1.9_@types+node@22.17.0_@vitest+ui@2.1.9_lightningcss@1.30.1_terser@5.16.9/node_modules/vitest/node_modules/@vitest/runner/dist/index.js:1205:15)\n    at runSuite (file:///Volumes/Development/Xaheen%20Enterprise/xaheen/node_modules/.pnpm/vitest@2.1.9_@types+node@22.17.0_@vitest+ui@2.1.9_lightningcss@1.30.1_terser@5.16.9/node_modules/vitest/node_modules/@vitest/runner/dist/index.js:1205:15)\n    at runFiles (file:///Volumes/Development/Xaheen%20Enterprise/xaheen/node_modules/.pnpm/vitest@2.1.9_@types+node@22.17.0_@vitest+ui@2.1.9_lightningcss@1.30.1_terser@5.16.9/node_modules/vitest/node_modules/@vitest/runner/dist/index.js:1262:5)","AssertionError: expected \"spy\" to be called with arguments: [ 'invalid-name' ]\n\nReceived: \n\n  1st spy call:\n\n  Array [\n-   \"invalid-name\",\n+   \"node\",\n  ]\n\n\nNumber of calls: 1\n\n    at Proxy.<anonymous> (file:///Volumes/Development/Xaheen%20Enterprise/xaheen/node_modules/.pnpm/vitest@2.1.9_@types+node@22.17.0_@vitest+ui@2.1.9_lightningcss@1.30.1_terser@5.16.9/node_modules/vitest/node_modules/@vitest/expect/dist/index.js:1465:13)\n    at Proxy.<anonymous> (file:///Volumes/Development/Xaheen%20Enterprise/xaheen/node_modules/.pnpm/vitest@2.1.9_@types+node@22.17.0_@vitest+ui@2.1.9_lightningcss@1.30.1_terser@5.16.9/node_modules/vitest/node_modules/@vitest/expect/dist/index.js:972:17)\n    at Proxy.methodWrapper (file:///Volumes/Development/Xaheen%20Enterprise/xaheen/node_modules/.pnpm/vitest@2.1.9_@types+node@22.17.0_@vitest+ui@2.1.9_lightningcss@1.30.1_terser@5.16.9/node_modules/vitest/node_modules/chai/chai.js:1706:25)\n    at /Volumes/Development/Xaheen Enterprise/xaheen/packages/xaheen-cli/src/commands/create.unit.test.ts:236:54\n    at file:///Volumes/Development/Xaheen%20Enterprise/xaheen/node_modules/.pnpm/vitest@2.1.9_@types+node@22.17.0_@vitest+ui@2.1.9_lightningcss@1.30.1_terser@5.16.9/node_modules/vitest/node_modules/@vitest/runner/dist/index.js:533:5\n    at runTest (file:///Volumes/Development/Xaheen%20Enterprise/xaheen/node_modules/.pnpm/vitest@2.1.9_@types+node@22.17.0_@vitest+ui@2.1.9_lightningcss@1.30.1_terser@5.16.9/node_modules/vitest/node_modules/@vitest/runner/dist/index.js:1056:11)\n    at runSuite (file:///Volumes/Development/Xaheen%20Enterprise/xaheen/node_modules/.pnpm/vitest@2.1.9_@types+node@22.17.0_@vitest+ui@2.1.9_lightningcss@1.30.1_terser@5.16.9/node_modules/vitest/node_modules/@vitest/runner/dist/index.js:1205:15)\n    at runSuite (file:///Volumes/Development/Xaheen%20Enterprise/xaheen/node_modules/.pnpm/vitest@2.1.9_@types+node@22.17.0_@vitest+ui@2.1.9_lightningcss@1.30.1_terser@5.16.9/node_modules/vitest/node_modules/@vitest/runner/dist/index.js:1205:15)\n    at runSuite (file:///Volumes/Development/Xaheen%20Enterprise/xaheen/node_modules/.pnpm/vitest@2.1.9_@types+node@22.17.0_@vitest+ui@2.1.9_lightningcss@1.30.1_terser@5.16.9/node_modules/vitest/node_modules/@vitest/runner/dist/index.js:1205:15)\n    at runFiles (file:///Volumes/Development/Xaheen%20Enterprise/xaheen/node_modules/.pnpm/vitest@2.1.9_@types+node@22.17.0_@vitest+ui@2.1.9_lightningcss@1.30.1_terser@5.16.9/node_modules/vitest/node_modules/@vitest/runner/dist/index.js:1262:5)","AssertionError: expected \"spy\" to be called with arguments: [ 'invalid-name' ]\n\nReceived: \n\n  1st spy call:\n\n  Array [\n-   \"invalid-name\",\n+   \"node\",\n  ]\n\n\nNumber of calls: 1\n\n    at Proxy.<anonymous> (file:///Volumes/Development/Xaheen%20Enterprise/xaheen/node_modules/.pnpm/vitest@2.1.9_@types+node@22.17.0_@vitest+ui@2.1.9_lightningcss@1.30.1_terser@5.16.9/node_modules/vitest/node_modules/@vitest/expect/dist/index.js:1465:13)\n    at Proxy.<anonymous> (file:///Volumes/Development/Xaheen%20Enterprise/xaheen/node_modules/.pnpm/vitest@2.1.9_@types+node@22.17.0_@vitest+ui@2.1.9_lightningcss@1.30.1_terser@5.16.9/node_modules/vitest/node_modules/@vitest/expect/dist/index.js:972:17)\n    at Proxy.methodWrapper (file:///Volumes/Development/Xaheen%20Enterprise/xaheen/node_modules/.pnpm/vitest@2.1.9_@types+node@22.17.0_@vitest+ui@2.1.9_lightningcss@1.30.1_terser@5.16.9/node_modules/vitest/node_modules/chai/chai.js:1706:25)\n    at /Volumes/Development/Xaheen Enterprise/xaheen/packages/xaheen-cli/src/commands/create.unit.test.ts:236:54\n    at file:///Volumes/Development/Xaheen%20Enterprise/xaheen/node_modules/.pnpm/vitest@2.1.9_@types+node@22.17.0_@vitest+ui@2.1.9_lightningcss@1.30.1_terser@5.16.9/node_modules/vitest/node_modules/@vitest/runner/dist/index.js:533:5\n    at runTest (file:///Volumes/Development/Xaheen%20Enterprise/xaheen/node_modules/.pnpm/vitest@2.1.9_@types+node@22.17.0_@vitest+ui@2.1.9_lightningcss@1.30.1_terser@5.16.9/node_modules/vitest/node_modules/@vitest/runner/dist/index.js:1056:11)\n    at runSuite (file:///Volumes/Development/Xaheen%20Enterprise/xaheen/node_modules/.pnpm/vitest@2.1.9_@types+node@22.17.0_@vitest+ui@2.1.9_lightningcss@1.30.1_terser@5.16.9/node_modules/vitest/node_modules/@vitest/runner/dist/index.js:1205:15)\n    at runSuite (file:///Volumes/Development/Xaheen%20Enterprise/xaheen/node_modules/.pnpm/vitest@2.1.9_@types+node@22.17.0_@vitest+ui@2.1.9_lightningcss@1.30.1_terser@5.16.9/node_modules/vitest/node_modules/@vitest/runner/dist/index.js:1205:15)\n    at runSuite (file:///Volumes/Development/Xaheen%20Enterprise/xaheen/node_modules/.pnpm/vitest@2.1.9_@types+node@22.17.0_@vitest+ui@2.1.9_lightningcss@1.30.1_terser@5.16.9/node_modules/vitest/node_modules/@vitest/runner/dist/index.js:1205:15)\n    at runFiles (file:///Volumes/Development/Xaheen%20Enterprise/xaheen/node_modules/.pnpm/vitest@2.1.9_@types+node@22.17.0_@vitest+ui@2.1.9_lightningcss@1.30.1_terser@5.16.9/node_modules/vitest/node_modules/@vitest/runner/dist/index.js:1262:5)"],"location":{"line":222,"column":3},"meta":{}},{"ancestorTitles":["Create Command","Project Scaffolding"],"fullName":"Create Command Project Scaffolding should create project structure","status":"failed","title":"should create project structure","duration":2.8118329999999787,"failureMessages":["AssertionError: expected \"spy\" to be called with arguments: [ 'test-project', Any<Object> ]\n\nReceived: \n\n  1st spy call:\n\n  Array [\n-   \"test-project\",\n-   Any<Object>,\n+   \"node\",\n+   Object {\n+     \"git\": true,\n+     \"install\": true,\n+     \"preset\": \"saas-starter\",\n+   },\n  ]\n\n\nNumber of calls: 1\n\n    at Proxy.<anonymous> (file:///Volumes/Development/Xaheen%20Enterprise/xaheen/node_modules/.pnpm/vitest@2.1.9_@types+node@22.17.0_@vitest+ui@2.1.9_lightningcss@1.30.1_terser@5.16.9/node_modules/vitest/node_modules/@vitest/expect/dist/index.js:1465:13)\n    at Proxy.<anonymous> (file:///Volumes/Development/Xaheen%20Enterprise/xaheen/node_modules/.pnpm/vitest@2.1.9_@types+node@22.17.0_@vitest+ui@2.1.9_lightningcss@1.30.1_terser@5.16.9/node_modules/vitest/node_modules/@vitest/expect/dist/index.js:972:17)\n    at Proxy.methodWrapper (file:///Volumes/Development/Xaheen%20Enterprise/xaheen/node_modules/.pnpm/vitest@2.1.9_@types+node@22.17.0_@vitest+ui@2.1.9_lightningcss@1.30.1_terser@5.16.9/node_modules/vitest/node_modules/chai/chai.js:1706:25)\n    at /Volumes/Development/Xaheen Enterprise/xaheen/packages/xaheen-cli/src/commands/create.unit.test.ts:252:57\n    at file:///Volumes/Development/Xaheen%20Enterprise/xaheen/node_modules/.pnpm/vitest@2.1.9_@types+node@22.17.0_@vitest+ui@2.1.9_lightningcss@1.30.1_terser@5.16.9/node_modules/vitest/node_modules/@vitest/runner/dist/index.js:533:5\n    at runTest (file:///Volumes/Development/Xaheen%20Enterprise/xaheen/node_modules/.pnpm/vitest@2.1.9_@types+node@22.17.0_@vitest+ui@2.1.9_lightningcss@1.30.1_terser@5.16.9/node_modules/vitest/node_modules/@vitest/runner/dist/index.js:1056:11)\n    at runSuite (file:///Volumes/Development/Xaheen%20Enterprise/xaheen/node_modules/.pnpm/vitest@2.1.9_@types+node@22.17.0_@vitest+ui@2.1.9_lightningcss@1.30.1_terser@5.16.9/node_modules/vitest/node_modules/@vitest/runner/dist/index.js:1205:15)\n    at runSuite (file:///Volumes/Development/Xaheen%20Enterprise/xaheen/node_modules/.pnpm/vitest@2.1.9_@types+node@22.17.0_@vitest+ui@2.1.9_lightningcss@1.30.1_terser@5.16.9/node_modules/vitest/node_modules/@vitest/runner/dist/index.js:1205:15)\n    at runSuite (file:///Volumes/Development/Xaheen%20Enterprise/xaheen/node_modules/.pnpm/vitest@2.1.9_@types+node@22.17.0_@vitest+ui@2.1.9_lightningcss@1.30.1_terser@5.16.9/node_modules/vitest/node_modules/@vitest/runner/dist/index.js:1205:15)\n    at runFiles (file:///Volumes/Development/Xaheen%20Enterprise/xaheen/node_modules/.pnpm/vitest@2.1.9_@types+node@22.17.0_@vitest+ui@2.1.9_lightningcss@1.30.1_terser@5.16.9/node_modules/vitest/node_modules/@vitest/runner/dist/index.js:1262:5)","AssertionError: expected \"spy\" to be called with arguments: [ 'test-project', Any<Object> ]\n\nReceived: \n\n  1st spy call:\n\n  Array [\n-   \"test-project\",\n-   Any<Object>,\n+   \"node\",\n+   Object {\n+     \"git\": true,\n+     \"install\": true,\n+     \"preset\": \"saas-starter\",\n+   },\n  ]\n\n\nNumber of calls: 1\n\n    at Proxy.<anonymous> (file:///Volumes/Development/Xaheen%20Enterprise/xaheen/node_modules/.pnpm/vitest@2.1.9_@types+node@22.17.0_@vitest+ui@2.1.9_lightningcss@1.30.1_terser@5.16.9/node_modules/vitest/node_modules/@vitest/expect/dist/index.js:1465:13)\n    at Proxy.<anonymous> (file:///Volumes/Development/Xaheen%20Enterprise/xaheen/node_modules/.pnpm/vitest@2.1.9_@types+node@22.17.0_@vitest+ui@2.1.9_lightningcss@1.30.1_terser@5.16.9/node_modules/vitest/node_modules/@vitest/expect/dist/index.js:972:17)\n    at Proxy.methodWrapper (file:///Volumes/Development/Xaheen%20Enterprise/xaheen/node_modules/.pnpm/vitest@2.1.9_@types+node@22.17.0_@vitest+ui@2.1.9_lightningcss@1.30.1_terser@5.16.9/node_modules/vitest/node_modules/chai/chai.js:1706:25)\n    at /Volumes/Development/Xaheen Enterprise/xaheen/packages/xaheen-cli/src/commands/create.unit.test.ts:252:57\n    at file:///Volumes/Development/Xaheen%20Enterprise/xaheen/node_modules/.pnpm/vitest@2.1.9_@types+node@22.17.0_@vitest+ui@2.1.9_lightningcss@1.30.1_terser@5.16.9/node_modules/vitest/node_modules/@vitest/runner/dist/index.js:533:5\n    at runTest (file:///Volumes/Development/Xaheen%20Enterprise/xaheen/node_modules/.pnpm/vitest@2.1.9_@types+node@22.17.0_@vitest+ui@2.1.9_lightningcss@1.30.1_terser@5.16.9/node_modules/vitest/node_modules/@vitest/runner/dist/index.js:1056:11)\n    at runSuite (file:///Volumes/Development/Xaheen%20Enterprise/xaheen/node_modules/.pnpm/vitest@2.1.9_@types+node@22.17.0_@vitest+ui@2.1.9_lightningcss@1.30.1_terser@5.16.9/node_modules/vitest/node_modules/@vitest/runner/dist/index.js:1205:15)\n    at runSuite (file:///Volumes/Development/Xaheen%20Enterprise/xaheen/node_modules/.pnpm/vitest@2.1.9_@types+node@22.17.0_@vitest+ui@2.1.9_lightningcss@1.30.1_terser@5.16.9/node_modules/vitest/node_modules/@vitest/runner/dist/index.js:1205:15)\n    at runSuite (file:///Volumes/Development/Xaheen%20Enterprise/xaheen/node_modules/.pnpm/vitest@2.1.9_@types+node@22.17.0_@vitest+ui@2.1.9_lightningcss@1.30.1_terser@5.16.9/node_modules/vitest/node_modules/@vitest/runner/dist/index.js:1205:15)\n    at runFiles (file:///Volumes/Development/Xaheen%20Enterprise/xaheen/node_modules/.pnpm/vitest@2.1.9_@types+node@22.17.0_@vitest+ui@2.1.9_lightningcss@1.30.1_terser@5.16.9/node_modules/vitest/node_modules/@vitest/runner/dist/index.js:1262:5)","AssertionError: expected \"spy\" to be called with arguments: [ 'test-project', Any<Object> ]\n\nReceived: \n\n  1st spy call:\n\n  Array [\n-   \"test-project\",\n-   Any<Object>,\n+   \"node\",\n+   Object {\n+     \"git\": true,\n+     \"install\": true,\n+     \"preset\": \"saas-starter\",\n+   },\n  ]\n\n\nNumber of calls: 1\n\n    at Proxy.<anonymous> (file:///Volumes/Development/Xaheen%20Enterprise/xaheen/node_modules/.pnpm/vitest@2.1.9_@types+node@22.17.0_@vitest+ui@2.1.9_lightningcss@1.30.1_terser@5.16.9/node_modules/vitest/node_modules/@vitest/expect/dist/index.js:1465:13)\n    at Proxy.<anonymous> (file:///Volumes/Development/Xaheen%20Enterprise/xaheen/node_modules/.pnpm/vitest@2.1.9_@types+node@22.17.0_@vitest+ui@2.1.9_lightningcss@1.30.1_terser@5.16.9/node_modules/vitest/node_modules/@vitest/expect/dist/index.js:972:17)\n    at Proxy.methodWrapper (file:///Volumes/Development/Xaheen%20Enterprise/xaheen/node_modules/.pnpm/vitest@2.1.9_@types+node@22.17.0_@vitest+ui@2.1.9_lightningcss@1.30.1_terser@5.16.9/node_modules/vitest/node_modules/chai/chai.js:1706:25)\n    at /Volumes/Development/Xaheen Enterprise/xaheen/packages/xaheen-cli/src/commands/create.unit.test.ts:252:57\n    at file:///Volumes/Development/Xaheen%20Enterprise/xaheen/node_modules/.pnpm/vitest@2.1.9_@types+node@22.17.0_@vitest+ui@2.1.9_lightningcss@1.30.1_terser@5.16.9/node_modules/vitest/node_modules/@vitest/runner/dist/index.js:533:5\n    at runTest (file:///Volumes/Development/Xaheen%20Enterprise/xaheen/node_modules/.pnpm/vitest@2.1.9_@types+node@22.17.0_@vitest+ui@2.1.9_lightningcss@1.30.1_terser@5.16.9/node_modules/vitest/node_modules/@vitest/runner/dist/index.js:1056:11)\n    at runSuite (file:///Volumes/Development/Xaheen%20Enterprise/xaheen/node_modules/.pnpm/vitest@2.1.9_@types+node@22.17.0_@vitest+ui@2.1.9_lightningcss@1.30.1_terser@5.16.9/node_modules/vitest/node_modules/@vitest/runner/dist/index.js:1205:15)\n    at runSuite (file:///Volumes/Development/Xaheen%20Enterprise/xaheen/node_modules/.pnpm/vitest@2.1.9_@types+node@22.17.0_@vitest+ui@2.1.9_lightningcss@1.30.1_terser@5.16.9/node_modules/vitest/node_modules/@vitest/runner/dist/index.js:1205:15)\n    at runSuite (file:///Volumes/Development/Xaheen%20Enterprise/xaheen/node_modules/.pnpm/vitest@2.1.9_@types+node@22.17.0_@vitest+ui@2.1.9_lightningcss@1.30.1_terser@5.16.9/node_modules/vitest/node_modules/@vitest/runner/dist/index.js:1205:15)\n    at runFiles (file:///Volumes/Development/Xaheen%20Enterprise/xaheen/node_modules/.pnpm/vitest@2.1.9_@types+node@22.17.0_@vitest+ui@2.1.9_lightningcss@1.30.1_terser@5.16.9/node_modules/vitest/node_modules/@vitest/runner/dist/index.js:1262:5)"],"location":{"line":241,"column":3},"meta":{}},{"ancestorTitles":["Create Command","Project Scaffolding"],"fullName":"Create Command Project Scaffolding should handle existing directory","status":"failed","title":"should handle existing directory","duration":3.2183749999999236,"failureMessages":["AssertionError: expected \"spy\" to be called with arguments: [ 'existing-project' ]\n\nReceived: \n\n  1st spy call:\n\n  Array [\n-   \"existing-project\",\n+   \"node\",\n  ]\n\n\nNumber of calls: 1\n\n    at Proxy.<anonymous> (file:///Volumes/Development/Xaheen%20Enterprise/xaheen/node_modules/.pnpm/vitest@2.1.9_@types+node@22.17.0_@vitest+ui@2.1.9_lightningcss@1.30.1_terser@5.16.9/node_modules/vitest/node_modules/@vitest/expect/dist/index.js:1465:13)\n    at Proxy.<anonymous> (file:///Volumes/Development/Xaheen%20Enterprise/xaheen/node_modules/.pnpm/vitest@2.1.9_@types+node@22.17.0_@vitest+ui@2.1.9_lightningcss@1.30.1_terser@5.16.9/node_modules/vitest/node_modules/@vitest/expect/dist/index.js:972:17)\n    at Proxy.methodWrapper (file:///Volumes/Development/Xaheen%20Enterprise/xaheen/node_modules/.pnpm/vitest@2.1.9_@types+node@22.17.0_@vitest+ui@2.1.9_lightningcss@1.30.1_terser@5.16.9/node_modules/vitest/node_modules/chai/chai.js:1706:25)\n    at /Volumes/Development/Xaheen Enterprise/xaheen/packages/xaheen-cli/src/commands/create.unit.test.ts:278:30\n    at file:///Volumes/Development/Xaheen%20Enterprise/xaheen/node_modules/.pnpm/vitest@2.1.9_@types+node@22.17.0_@vitest+ui@2.1.9_lightningcss@1.30.1_terser@5.16.9/node_modules/vitest/node_modules/@vitest/runner/dist/index.js:533:5\n    at runTest (file:///Volumes/Development/Xaheen%20Enterprise/xaheen/node_modules/.pnpm/vitest@2.1.9_@types+node@22.17.0_@vitest+ui@2.1.9_lightningcss@1.30.1_terser@5.16.9/node_modules/vitest/node_modules/@vitest/runner/dist/index.js:1056:11)\n    at runSuite (file:///Volumes/Development/Xaheen%20Enterprise/xaheen/node_modules/.pnpm/vitest@2.1.9_@types+node@22.17.0_@vitest+ui@2.1.9_lightningcss@1.30.1_terser@5.16.9/node_modules/vitest/node_modules/@vitest/runner/dist/index.js:1205:15)\n    at runSuite (file:///Volumes/Development/Xaheen%20Enterprise/xaheen/node_modules/.pnpm/vitest@2.1.9_@types+node@22.17.0_@vitest+ui@2.1.9_lightningcss@1.30.1_terser@5.16.9/node_modules/vitest/node_modules/@vitest/runner/dist/index.js:1205:15)\n    at runSuite (file:///Volumes/Development/Xaheen%20Enterprise/xaheen/node_modules/.pnpm/vitest@2.1.9_@types+node@22.17.0_@vitest+ui@2.1.9_lightningcss@1.30.1_terser@5.16.9/node_modules/vitest/node_modules/@vitest/runner/dist/index.js:1205:15)\n    at runFiles (file:///Volumes/Development/Xaheen%20Enterprise/xaheen/node_modules/.pnpm/vitest@2.1.9_@types+node@22.17.0_@vitest+ui@2.1.9_lightningcss@1.30.1_terser@5.16.9/node_modules/vitest/node_modules/@vitest/runner/dist/index.js:1262:5)","AssertionError: expected \"spy\" to be called with arguments: [ 'existing-project' ]\n\nReceived: \n\n  1st spy call:\n\n  Array [\n-   \"existing-project\",\n+   \"node\",\n  ]\n\n\nNumber of calls: 1\n\n    at Proxy.<anonymous> (file:///Volumes/Development/Xaheen%20Enterprise/xaheen/node_modules/.pnpm/vitest@2.1.9_@types+node@22.17.0_@vitest+ui@2.1.9_lightningcss@1.30.1_terser@5.16.9/node_modules/vitest/node_modules/@vitest/expect/dist/index.js:1465:13)\n    at Proxy.<anonymous> (file:///Volumes/Development/Xaheen%20Enterprise/xaheen/node_modules/.pnpm/vitest@2.1.9_@types+node@22.17.0_@vitest+ui@2.1.9_lightningcss@1.30.1_terser@5.16.9/node_modules/vitest/node_modules/@vitest/expect/dist/index.js:972:17)\n    at Proxy.methodWrapper (file:///Volumes/Development/Xaheen%20Enterprise/xaheen/node_modules/.pnpm/vitest@2.1.9_@types+node@22.17.0_@vitest+ui@2.1.9_lightningcss@1.30.1_terser@5.16.9/node_modules/vitest/node_modules/chai/chai.js:1706:25)\n    at /Volumes/Development/Xaheen Enterprise/xaheen/packages/xaheen-cli/src/commands/create.unit.test.ts:278:30\n    at file:///Volumes/Development/Xaheen%20Enterprise/xaheen/node_modules/.pnpm/vitest@2.1.9_@types+node@22.17.0_@vitest+ui@2.1.9_lightningcss@1.30.1_terser@5.16.9/node_modules/vitest/node_modules/@vitest/runner/dist/index.js:533:5\n    at runTest (file:///Volumes/Development/Xaheen%20Enterprise/xaheen/node_modules/.pnpm/vitest@2.1.9_@types+node@22.17.0_@vitest+ui@2.1.9_lightningcss@1.30.1_terser@5.16.9/node_modules/vitest/node_modules/@vitest/runner/dist/index.js:1056:11)\n    at runSuite (file:///Volumes/Development/Xaheen%20Enterprise/xaheen/node_modules/.pnpm/vitest@2.1.9_@types+node@22.17.0_@vitest+ui@2.1.9_lightningcss@1.30.1_terser@5.16.9/node_modules/vitest/node_modules/@vitest/runner/dist/index.js:1205:15)\n    at runSuite (file:///Volumes/Development/Xaheen%20Enterprise/xaheen/node_modules/.pnpm/vitest@2.1.9_@types+node@22.17.0_@vitest+ui@2.1.9_lightningcss@1.30.1_terser@5.16.9/node_modules/vitest/node_modules/@vitest/runner/dist/index.js:1205:15)\n    at runSuite (file:///Volumes/Development/Xaheen%20Enterprise/xaheen/node_modules/.pnpm/vitest@2.1.9_@types+node@22.17.0_@vitest+ui@2.1.9_lightningcss@1.30.1_terser@5.16.9/node_modules/vitest/node_modules/@vitest/runner/dist/index.js:1205:15)\n    at runFiles (file:///Volumes/Development/Xaheen%20Enterprise/xaheen/node_modules/.pnpm/vitest@2.1.9_@types+node@22.17.0_@vitest+ui@2.1.9_lightningcss@1.30.1_terser@5.16.9/node_modules/vitest/node_modules/@vitest/runner/dist/index.js:1262:5)","AssertionError: expected \"spy\" to be called with arguments: [ 'existing-project' ]\n\nReceived: \n\n  1st spy call:\n\n  Array [\n-   \"existing-project\",\n+   \"node\",\n  ]\n\n\nNumber of calls: 1\n\n    at Proxy.<anonymous> (file:///Volumes/Development/Xaheen%20Enterprise/xaheen/node_modules/.pnpm/vitest@2.1.9_@types+node@22.17.0_@vitest+ui@2.1.9_lightningcss@1.30.1_terser@5.16.9/node_modules/vitest/node_modules/@vitest/expect/dist/index.js:1465:13)\n    at Proxy.<anonymous> (file:///Volumes/Development/Xaheen%20Enterprise/xaheen/node_modules/.pnpm/vitest@2.1.9_@types+node@22.17.0_@vitest+ui@2.1.9_lightningcss@1.30.1_terser@5.16.9/node_modules/vitest/node_modules/@vitest/expect/dist/index.js:972:17)\n    at Proxy.methodWrapper (file:///Volumes/Development/Xaheen%20Enterprise/xaheen/node_modules/.pnpm/vitest@2.1.9_@types+node@22.17.0_@vitest+ui@2.1.9_lightningcss@1.30.1_terser@5.16.9/node_modules/vitest/node_modules/chai/chai.js:1706:25)\n    at /Volumes/Development/Xaheen Enterprise/xaheen/packages/xaheen-cli/src/commands/create.unit.test.ts:278:30\n    at file:///Volumes/Development/Xaheen%20Enterprise/xaheen/node_modules/.pnpm/vitest@2.1.9_@types+node@22.17.0_@vitest+ui@2.1.9_lightningcss@1.30.1_terser@5.16.9/node_modules/vitest/node_modules/@vitest/runner/dist/index.js:533:5\n    at runTest (file:///Volumes/Development/Xaheen%20Enterprise/xaheen/node_modules/.pnpm/vitest@2.1.9_@types+node@22.17.0_@vitest+ui@2.1.9_lightningcss@1.30.1_terser@5.16.9/node_modules/vitest/node_modules/@vitest/runner/dist/index.js:1056:11)\n    at runSuite (file:///Volumes/Development/Xaheen%20Enterprise/xaheen/node_modules/.pnpm/vitest@2.1.9_@types+node@22.17.0_@vitest+ui@2.1.9_lightningcss@1.30.1_terser@5.16.9/node_modules/vitest/node_modules/@vitest/runner/dist/index.js:1205:15)\n    at runSuite (file:///Volumes/Development/Xaheen%20Enterprise/xaheen/node_modules/.pnpm/vitest@2.1.9_@types+node@22.17.0_@vitest+ui@2.1.9_lightningcss@1.30.1_terser@5.16.9/node_modules/vitest/node_modules/@vitest/runner/dist/index.js:1205:15)\n    at runSuite (file:///Volumes/Development/Xaheen%20Enterprise/xaheen/node_modules/.pnpm/vitest@2.1.9_@types+node@22.17.0_@vitest+ui@2.1.9_lightningcss@1.30.1_terser@5.16.9/node_modules/vitest/node_modules/@vitest/runner/dist/index.js:1205:15)\n    at runFiles (file:///Volumes/Development/Xaheen%20Enterprise/xaheen/node_modules/.pnpm/vitest@2.1.9_@types+node@22.17.0_@vitest+ui@2.1.9_lightningcss@1.30.1_terser@5.16.9/node_modules/vitest/node_modules/@vitest/runner/dist/index.js:1262:5)"],"location":{"line":258,"column":3},"meta":{}},{"ancestorTitles":["Create Command","Service Selection"],"fullName":"Create Command Service Selection should select services based on preset","status":"passed","title":"should select services based on preset","duration":2.7571669999999813,"failureMessages":[],"location":{"line":284,"column":3},"meta":{}},{"ancestorTitles":["Create Command","Service Selection"],"fullName":"Create Command Service Selection should allow custom service selection","status":"failed","title":"should allow custom service selection","duration":3.3687909999999874,"failureMessages":["AssertionError: expected \"spy\" to be called at least once\n    at Proxy.<anonymous> (file:///Volumes/Development/Xaheen%20Enterprise/xaheen/node_modules/.pnpm/vitest@2.1.9_@types+node@22.17.0_@vitest+ui@2.1.9_lightningcss@1.30.1_terser@5.16.9/node_modules/vitest/node_modules/@vitest/expect/dist/index.js:1448:13)\n    at Proxy.<anonymous> (file:///Volumes/Development/Xaheen%20Enterprise/xaheen/node_modules/.pnpm/vitest@2.1.9_@types+node@22.17.0_@vitest+ui@2.1.9_lightningcss@1.30.1_terser@5.16.9/node_modules/vitest/node_modules/@vitest/expect/dist/index.js:972:17)\n    at Proxy.methodWrapper (file:///Volumes/Development/Xaheen%20Enterprise/xaheen/node_modules/.pnpm/vitest@2.1.9_@types+node@22.17.0_@vitest+ui@2.1.9_lightningcss@1.30.1_terser@5.16.9/node_modules/vitest/node_modules/chai/chai.js:1706:25)\n    at /Volumes/Development/Xaheen Enterprise/xaheen/packages/xaheen-cli/src/commands/create.unit.test.ts:333:36\n    at file:///Volumes/Development/Xaheen%20Enterprise/xaheen/node_modules/.pnpm/vitest@2.1.9_@types+node@22.17.0_@vitest+ui@2.1.9_lightningcss@1.30.1_terser@5.16.9/node_modules/vitest/node_modules/@vitest/runner/dist/index.js:533:5\n    at runTest (file:///Volumes/Development/Xaheen%20Enterprise/xaheen/node_modules/.pnpm/vitest@2.1.9_@types+node@22.17.0_@vitest+ui@2.1.9_lightningcss@1.30.1_terser@5.16.9/node_modules/vitest/node_modules/@vitest/runner/dist/index.js:1056:11)\n    at runSuite (file:///Volumes/Development/Xaheen%20Enterprise/xaheen/node_modules/.pnpm/vitest@2.1.9_@types+node@22.17.0_@vitest+ui@2.1.9_lightningcss@1.30.1_terser@5.16.9/node_modules/vitest/node_modules/@vitest/runner/dist/index.js:1205:15)\n    at runSuite (file:///Volumes/Development/Xaheen%20Enterprise/xaheen/node_modules/.pnpm/vitest@2.1.9_@types+node@22.17.0_@vitest+ui@2.1.9_lightningcss@1.30.1_terser@5.16.9/node_modules/vitest/node_modules/@vitest/runner/dist/index.js:1205:15)\n    at runSuite (file:///Volumes/Development/Xaheen%20Enterprise/xaheen/node_modules/.pnpm/vitest@2.1.9_@types+node@22.17.0_@vitest+ui@2.1.9_lightningcss@1.30.1_terser@5.16.9/node_modules/vitest/node_modules/@vitest/runner/dist/index.js:1205:15)\n    at runFiles (file:///Volumes/Development/Xaheen%20Enterprise/xaheen/node_modules/.pnpm/vitest@2.1.9_@types+node@22.17.0_@vitest+ui@2.1.9_lightningcss@1.30.1_terser@5.16.9/node_modules/vitest/node_modules/@vitest/runner/dist/index.js:1262:5)","AssertionError: expected \"spy\" to be called at least once\n    at Proxy.<anonymous> (file:///Volumes/Development/Xaheen%20Enterprise/xaheen/node_modules/.pnpm/vitest@2.1.9_@types+node@22.17.0_@vitest+ui@2.1.9_lightningcss@1.30.1_terser@5.16.9/node_modules/vitest/node_modules/@vitest/expect/dist/index.js:1448:13)\n    at Proxy.<anonymous> (file:///Volumes/Development/Xaheen%20Enterprise/xaheen/node_modules/.pnpm/vitest@2.1.9_@types+node@22.17.0_@vitest+ui@2.1.9_lightningcss@1.30.1_terser@5.16.9/node_modules/vitest/node_modules/@vitest/expect/dist/index.js:972:17)\n    at Proxy.methodWrapper (file:///Volumes/Development/Xaheen%20Enterprise/xaheen/node_modules/.pnpm/vitest@2.1.9_@types+node@22.17.0_@vitest+ui@2.1.9_lightningcss@1.30.1_terser@5.16.9/node_modules/vitest/node_modules/chai/chai.js:1706:25)\n    at /Volumes/Development/Xaheen Enterprise/xaheen/packages/xaheen-cli/src/commands/create.unit.test.ts:333:36\n    at file:///Volumes/Development/Xaheen%20Enterprise/xaheen/node_modules/.pnpm/vitest@2.1.9_@types+node@22.17.0_@vitest+ui@2.1.9_lightningcss@1.30.1_terser@5.16.9/node_modules/vitest/node_modules/@vitest/runner/dist/index.js:533:5\n    at runTest (file:///Volumes/Development/Xaheen%20Enterprise/xaheen/node_modules/.pnpm/vitest@2.1.9_@types+node@22.17.0_@vitest+ui@2.1.9_lightningcss@1.30.1_terser@5.16.9/node_modules/vitest/node_modules/@vitest/runner/dist/index.js:1056:11)\n    at runSuite (file:///Volumes/Development/Xaheen%20Enterprise/xaheen/node_modules/.pnpm/vitest@2.1.9_@types+node@22.17.0_@vitest+ui@2.1.9_lightningcss@1.30.1_terser@5.16.9/node_modules/vitest/node_modules/@vitest/runner/dist/index.js:1205:15)\n    at runSuite (file:///Volumes/Development/Xaheen%20Enterprise/xaheen/node_modules/.pnpm/vitest@2.1.9_@types+node@22.17.0_@vitest+ui@2.1.9_lightningcss@1.30.1_terser@5.16.9/node_modules/vitest/node_modules/@vitest/runner/dist/index.js:1205:15)\n    at runSuite (file:///Volumes/Development/Xaheen%20Enterprise/xaheen/node_modules/.pnpm/vitest@2.1.9_@types+node@22.17.0_@vitest+ui@2.1.9_lightningcss@1.30.1_terser@5.16.9/node_modules/vitest/node_modules/@vitest/runner/dist/index.js:1205:15)\n    at runFiles (file:///Volumes/Development/Xaheen%20Enterprise/xaheen/node_modules/.pnpm/vitest@2.1.9_@types+node@22.17.0_@vitest+ui@2.1.9_lightningcss@1.30.1_terser@5.16.9/node_modules/vitest/node_modules/@vitest/runner/dist/index.js:1262:5)","AssertionError: expected \"spy\" to be called at least once\n    at Proxy.<anonymous> (file:///Volumes/Development/Xaheen%20Enterprise/xaheen/node_modules/.pnpm/vitest@2.1.9_@types+node@22.17.0_@vitest+ui@2.1.9_lightningcss@1.30.1_terser@5.16.9/node_modules/vitest/node_modules/@vitest/expect/dist/index.js:1448:13)\n    at Proxy.<anonymous> (file:///Volumes/Development/Xaheen%20Enterprise/xaheen/node_modules/.pnpm/vitest@2.1.9_@types+node@22.17.0_@vitest+ui@2.1.9_lightningcss@1.30.1_terser@5.16.9/node_modules/vitest/node_modules/@vitest/expect/dist/index.js:972:17)\n    at Proxy.methodWrapper (file:///Volumes/Development/Xaheen%20Enterprise/xaheen/node_modules/.pnpm/vitest@2.1.9_@types+node@22.17.0_@vitest+ui@2.1.9_lightningcss@1.30.1_terser@5.16.9/node_modules/vitest/node_modules/chai/chai.js:1706:25)\n    at /Volumes/Development/Xaheen Enterprise/xaheen/packages/xaheen-cli/src/commands/create.unit.test.ts:333:36\n    at file:///Volumes/Development/Xaheen%20Enterprise/xaheen/node_modules/.pnpm/vitest@2.1.9_@types+node@22.17.0_@vitest+ui@2.1.9_lightningcss@1.30.1_terser@5.16.9/node_modules/vitest/node_modules/@vitest/runner/dist/index.js:533:5\n    at runTest (file:///Volumes/Development/Xaheen%20Enterprise/xaheen/node_modules/.pnpm/vitest@2.1.9_@types+node@22.17.0_@vitest+ui@2.1.9_lightningcss@1.30.1_terser@5.16.9/node_modules/vitest/node_modules/@vitest/runner/dist/index.js:1056:11)\n    at runSuite (file:///Volumes/Development/Xaheen%20Enterprise/xaheen/node_modules/.pnpm/vitest@2.1.9_@types+node@22.17.0_@vitest+ui@2.1.9_lightningcss@1.30.1_terser@5.16.9/node_modules/vitest/node_modules/@vitest/runner/dist/index.js:1205:15)\n    at runSuite (file:///Volumes/Development/Xaheen%20Enterprise/xaheen/node_modules/.pnpm/vitest@2.1.9_@types+node@22.17.0_@vitest+ui@2.1.9_lightningcss@1.30.1_terser@5.16.9/node_modules/vitest/node_modules/@vitest/runner/dist/index.js:1205:15)\n    at runSuite (file:///Volumes/Development/Xaheen%20Enterprise/xaheen/node_modules/.pnpm/vitest@2.1.9_@types+node@22.17.0_@vitest+ui@2.1.9_lightningcss@1.30.1_terser@5.16.9/node_modules/vitest/node_modules/@vitest/runner/dist/index.js:1205:15)\n    at runFiles (file:///Volumes/Development/Xaheen%20Enterprise/xaheen/node_modules/.pnpm/vitest@2.1.9_@types+node@22.17.0_@vitest+ui@2.1.9_lightningcss@1.30.1_terser@5.16.9/node_modules/vitest/node_modules/@vitest/runner/dist/index.js:1262:5)"],"location":{"line":313,"column":3},"meta":{}},{"ancestorTitles":["Create Command","Error Handling"],"fullName":"Create Command Error Handling should handle bundle resolution errors","status":"passed","title":"should handle bundle resolution errors","duration":1.1377919999999904,"failureMessages":[],"location":{"line":338,"column":3},"meta":{}},{"ancestorTitles":["Create Command","Error Handling"],"fullName":"Create Command Error Handling should handle project scaffolding errors","status":"passed","title":"should handle project scaffolding errors","duration":1.3760409999999865,"failureMessages":[],"location":{"line":365,"column":3},"meta":{}},{"ancestorTitles":["Create Command","Error Handling"],"fullName":"Create Command Error Handling should handle user cancellation","status":"passed","title":"should handle user cancellation","duration":2.3729589999999234,"failureMessages":[],"location":{"line":385,"column":3},"meta":{}},{"ancestorTitles":["Create Command","Interactive Flow"],"fullName":"Create Command Interactive Flow should complete full interactive project creation","status":"failed","title":"should complete full interactive project creation","duration":4.640416999999957,"failureMessages":["AssertionError: expected 'node' to be 'my-awesome-project' // Object.is equality\n    at Command.<anonymous> (/Volumes/Development/Xaheen Enterprise/xaheen/packages/xaheen-cli/src/commands/create.unit.test.ts:436:18)","AssertionError: expected 'node' to be 'my-awesome-project' // Object.is equality\n    at Command.<anonymous> (/Volumes/Development/Xaheen Enterprise/xaheen/packages/xaheen-cli/src/commands/create.unit.test.ts:436:18)","AssertionError: expected 'node' to be 'my-awesome-project' // Object.is equality\n    at Command.<anonymous> (/Volumes/Development/Xaheen Enterprise/xaheen/packages/xaheen-cli/src/commands/create.unit.test.ts:436:18)"],"location":{"line":406,"column":3},"meta":{}}],"startTime":1754475030490,"endTime":1754475030537.6404,"status":"failed","message":"","name":"/Volumes/Development/Xaheen Enterprise/xaheen/packages/xaheen-cli/src/commands/create.unit.test.ts"},{"assertionResults":[{"ancestorTitles":["CommandParser","Constructor and Setup"],"fullName":"CommandParser Constructor and Setup should initialize with correct program name and version","status":"passed","title":"should initialize with correct program name and version","duration":7.52820799999995,"failureMessages":[],"location":{"line":53,"column":3},"meta":{}},{"ancestorTitles":["CommandParser","Constructor and Setup"],"fullName":"CommandParser Constructor and Setup should register all expected routes","status":"failed","title":"should register all expected routes","duration":16.222125000000005,"failureMessages":["AssertionError: expected [ 'project create <name>', …(27) ] to include 'ai code <prompt>'\n    at Proxy.<anonymous> (file:///Volumes/Development/Xaheen%20Enterprise/xaheen/node_modules/.pnpm/vitest@2.1.9_@types+node@22.17.0_@vitest+ui@2.1.9_lightningcss@1.30.1_terser@5.16.9/node_modules/vitest/node_modules/@vitest/expect/dist/index.js:1196:17)\n    at Proxy.<anonymous> (file:///Volumes/Development/Xaheen%20Enterprise/xaheen/node_modules/.pnpm/vitest@2.1.9_@types+node@22.17.0_@vitest+ui@2.1.9_lightningcss@1.30.1_terser@5.16.9/node_modules/vitest/node_modules/@vitest/expect/dist/index.js:972:17)\n    at Proxy.methodWrapper (file:///Volumes/Development/Xaheen%20Enterprise/xaheen/node_modules/.pnpm/vitest@2.1.9_@types+node@22.17.0_@vitest+ui@2.1.9_lightningcss@1.30.1_terser@5.16.9/node_modules/vitest/node_modules/chai/chai.js:1706:25)\n    at /Volumes/Development/Xaheen Enterprise/xaheen/packages/xaheen-cli/src/core/command-parser/index.unit.test.ts:66:38\n    at file:///Volumes/Development/Xaheen%20Enterprise/xaheen/node_modules/.pnpm/vitest@2.1.9_@types+node@22.17.0_@vitest+ui@2.1.9_lightningcss@1.30.1_terser@5.16.9/node_modules/vitest/node_modules/@vitest/runner/dist/index.js:146:14\n    at file:///Volumes/Development/Xaheen%20Enterprise/xaheen/node_modules/.pnpm/vitest@2.1.9_@types+node@22.17.0_@vitest+ui@2.1.9_lightningcss@1.30.1_terser@5.16.9/node_modules/vitest/node_modules/@vitest/runner/dist/index.js:533:11\n    at runWithTimeout (file:///Volumes/Development/Xaheen%20Enterprise/xaheen/node_modules/.pnpm/vitest@2.1.9_@types+node@22.17.0_@vitest+ui@2.1.9_lightningcss@1.30.1_terser@5.16.9/node_modules/vitest/node_modules/@vitest/runner/dist/index.js:39:7)\n    at runTest (file:///Volumes/Development/Xaheen%20Enterprise/xaheen/node_modules/.pnpm/vitest@2.1.9_@types+node@22.17.0_@vitest+ui@2.1.9_lightningcss@1.30.1_terser@5.16.9/node_modules/vitest/node_modules/@vitest/runner/dist/index.js:1056:17)\n    at runSuite (file:///Volumes/Development/Xaheen%20Enterprise/xaheen/node_modules/.pnpm/vitest@2.1.9_@types+node@22.17.0_@vitest+ui@2.1.9_lightningcss@1.30.1_terser@5.16.9/node_modules/vitest/node_modules/@vitest/runner/dist/index.js:1205:15)\n    at runSuite (file:///Volumes/Development/Xaheen%20Enterprise/xaheen/node_modules/.pnpm/vitest@2.1.9_@types+node@22.17.0_@vitest+ui@2.1.9_lightningcss@1.30.1_terser@5.16.9/node_modules/vitest/node_modules/@vitest/runner/dist/index.js:1205:15)","AssertionError: expected [ 'project create <name>', …(27) ] to include 'ai code <prompt>'\n    at Proxy.<anonymous> (file:///Volumes/Development/Xaheen%20Enterprise/xaheen/node_modules/.pnpm/vitest@2.1.9_@types+node@22.17.0_@vitest+ui@2.1.9_lightningcss@1.30.1_terser@5.16.9/node_modules/vitest/node_modules/@vitest/expect/dist/index.js:1196:17)\n    at Proxy.<anonymous> (file:///Volumes/Development/Xaheen%20Enterprise/xaheen/node_modules/.pnpm/vitest@2.1.9_@types+node@22.17.0_@vitest+ui@2.1.9_lightningcss@1.30.1_terser@5.16.9/node_modules/vitest/node_modules/@vitest/expect/dist/index.js:972:17)\n    at Proxy.methodWrapper (file:///Volumes/Development/Xaheen%20Enterprise/xaheen/node_modules/.pnpm/vitest@2.1.9_@types+node@22.17.0_@vitest+ui@2.1.9_lightningcss@1.30.1_terser@5.16.9/node_modules/vitest/node_modules/chai/chai.js:1706:25)\n    at /Volumes/Development/Xaheen Enterprise/xaheen/packages/xaheen-cli/src/core/command-parser/index.unit.test.ts:66:38\n    at file:///Volumes/Development/Xaheen%20Enterprise/xaheen/node_modules/.pnpm/vitest@2.1.9_@types+node@22.17.0_@vitest+ui@2.1.9_lightningcss@1.30.1_terser@5.16.9/node_modules/vitest/node_modules/@vitest/runner/dist/index.js:146:14\n    at file:///Volumes/Development/Xaheen%20Enterprise/xaheen/node_modules/.pnpm/vitest@2.1.9_@types+node@22.17.0_@vitest+ui@2.1.9_lightningcss@1.30.1_terser@5.16.9/node_modules/vitest/node_modules/@vitest/runner/dist/index.js:533:11\n    at runWithTimeout (file:///Volumes/Development/Xaheen%20Enterprise/xaheen/node_modules/.pnpm/vitest@2.1.9_@types+node@22.17.0_@vitest+ui@2.1.9_lightningcss@1.30.1_terser@5.16.9/node_modules/vitest/node_modules/@vitest/runner/dist/index.js:39:7)\n    at runTest (file:///Volumes/Development/Xaheen%20Enterprise/xaheen/node_modules/.pnpm/vitest@2.1.9_@types+node@22.17.0_@vitest+ui@2.1.9_lightningcss@1.30.1_terser@5.16.9/node_modules/vitest/node_modules/@vitest/runner/dist/index.js:1056:17)\n    at runSuite (file:///Volumes/Development/Xaheen%20Enterprise/xaheen/node_modules/.pnpm/vitest@2.1.9_@types+node@22.17.0_@vitest+ui@2.1.9_lightningcss@1.30.1_terser@5.16.9/node_modules/vitest/node_modules/@vitest/runner/dist/index.js:1205:15)\n    at runSuite (file:///Volumes/Development/Xaheen%20Enterprise/xaheen/node_modules/.pnpm/vitest@2.1.9_@types+node@22.17.0_@vitest+ui@2.1.9_lightningcss@1.30.1_terser@5.16.9/node_modules/vitest/node_modules/@vitest/runner/dist/index.js:1205:15)","AssertionError: expected [ 'project create <name>', …(27) ] to include 'ai code <prompt>'\n    at Proxy.<anonymous> (file:///Volumes/Development/Xaheen%20Enterprise/xaheen/node_modules/.pnpm/vitest@2.1.9_@types+node@22.17.0_@vitest+ui@2.1.9_lightningcss@1.30.1_terser@5.16.9/node_modules/vitest/node_modules/@vitest/expect/dist/index.js:1196:17)\n    at Proxy.<anonymous> (file:///Volumes/Development/Xaheen%20Enterprise/xaheen/node_modules/.pnpm/vitest@2.1.9_@types+node@22.17.0_@vitest+ui@2.1.9_lightningcss@1.30.1_terser@5.16.9/node_modules/vitest/node_modules/@vitest/expect/dist/index.js:972:17)\n    at Proxy.methodWrapper (file:///Volumes/Development/Xaheen%20Enterprise/xaheen/node_modules/.pnpm/vitest@2.1.9_@types+node@22.17.0_@vitest+ui@2.1.9_lightningcss@1.30.1_terser@5.16.9/node_modules/vitest/node_modules/chai/chai.js:1706:25)\n    at /Volumes/Development/Xaheen Enterprise/xaheen/packages/xaheen-cli/src/core/command-parser/index.unit.test.ts:66:38\n    at file:///Volumes/Development/Xaheen%20Enterprise/xaheen/node_modules/.pnpm/vitest@2.1.9_@types+node@22.17.0_@vitest+ui@2.1.9_lightningcss@1.30.1_terser@5.16.9/node_modules/vitest/node_modules/@vitest/runner/dist/index.js:146:14\n    at file:///Volumes/Development/Xaheen%20Enterprise/xaheen/node_modules/.pnpm/vitest@2.1.9_@types+node@22.17.0_@vitest+ui@2.1.9_lightningcss@1.30.1_terser@5.16.9/node_modules/vitest/node_modules/@vitest/runner/dist/index.js:533:11\n    at runWithTimeout (file:///Volumes/Development/Xaheen%20Enterprise/xaheen/node_modules/.pnpm/vitest@2.1.9_@types+node@22.17.0_@vitest+ui@2.1.9_lightningcss@1.30.1_terser@5.16.9/node_modules/vitest/node_modules/@vitest/runner/dist/index.js:39:7)\n    at runTest (file:///Volumes/Development/Xaheen%20Enterprise/xaheen/node_modules/.pnpm/vitest@2.1.9_@types+node@22.17.0_@vitest+ui@2.1.9_lightningcss@1.30.1_terser@5.16.9/node_modules/vitest/node_modules/@vitest/runner/dist/index.js:1056:17)\n    at runSuite (file:///Volumes/Development/Xaheen%20Enterprise/xaheen/node_modules/.pnpm/vitest@2.1.9_@types+node@22.17.0_@vitest+ui@2.1.9_lightningcss@1.30.1_terser@5.16.9/node_modules/vitest/node_modules/@vitest/runner/dist/index.js:1205:15)\n    at runSuite (file:///Volumes/Development/Xaheen%20Enterprise/xaheen/node_modules/.pnpm/vitest@2.1.9_@types+node@22.17.0_@vitest+ui@2.1.9_lightningcss@1.30.1_terser@5.16.9/node_modules/vitest/node_modules/@vitest/runner/dist/index.js:1205:15)"],"location":{"line":59,"column":3},"meta":{}},{"ancestorTitles":["CommandParser","Command Parsing"],"fullName":"CommandParser Command Parsing should parse project create command correctly","status":"passed","title":"should parse project create command correctly","duration":32.318500000000085,"failureMessages":[],"location":{"line":71,"column":3},"meta":{}},{"ancestorTitles":["CommandParser","Command Parsing"],"fullName":"CommandParser Command Parsing should parse service add command with options","status":"passed","title":"should parse service add command with options","duration":27.595792000000074,"failureMessages":[],"location":{"line":96,"column":3},"meta":{}},{"ancestorTitles":["CommandParser","Command Parsing"],"fullName":"CommandParser Command Parsing should handle AI code command","status":"passed","title":"should handle AI code command","duration":3.693125000000009,"failureMessages":[],"location":{"line":123,"column":3},"meta":{}},{"ancestorTitles":["CommandParser","Make Commands (Laravel-style)"],"fullName":"CommandParser Make Commands (Laravel-style) should parse make:model command","status":"passed","title":"should parse make:model command","duration":8.761416999999938,"failureMessages":[],"location":{"line":155,"column":3},"meta":{}},{"ancestorTitles":["CommandParser","Make Commands (Laravel-style)"],"fullName":"CommandParser Make Commands (Laravel-style) should parse make:component with AI options","status":"passed","title":"should parse make:component with AI options","duration":29.203207999999904,"failureMessages":[],"location":{"line":179,"column":3},"meta":{}},{"ancestorTitles":["CommandParser","Security Commands"],"fullName":"CommandParser Security Commands should parse security audit command with options","status":"passed","title":"should parse security audit command with options","duration":23.344959000000017,"failureMessages":[],"location":{"line":216,"column":3},"meta":{}},{"ancestorTitles":["CommandParser","Security Commands"],"fullName":"CommandParser Security Commands should parse compliance report command","status":"passed","title":"should parse compliance report command","duration":24.089042000000063,"failureMessages":[],"location":{"line":251,"column":3},"meta":{}},{"ancestorTitles":["CommandParser","Error Handling"],"fullName":"CommandParser Error Handling should handle unknown commands gracefully","status":"passed","title":"should handle unknown commands gracefully","duration":5.86329099999989,"failureMessages":[],"location":{"line":285,"column":3},"meta":{}},{"ancestorTitles":["CommandParser","Error Handling"],"fullName":"CommandParser Error Handling should handle missing required arguments","status":"passed","title":"should handle missing required arguments","duration":3.191041999999925,"failureMessages":[],"location":{"line":295,"column":3},"meta":{}},{"ancestorTitles":["CommandParser","Help Commands"],"fullName":"CommandParser Help Commands should handle help command","status":"passed","title":"should handle help command","duration":3.637917000000016,"failureMessages":[],"location":{"line":307,"column":3},"meta":{}},{"ancestorTitles":["CommandParser","Help Commands"],"fullName":"CommandParser Help Commands should handle aliases command","status":"passed","title":"should handle aliases command","duration":3.418999999999869,"failureMessages":[],"location":{"line":330,"column":3},"meta":{}},{"ancestorTitles":["CommandParser","Option Parsing"],"fullName":"CommandParser Option Parsing should parse common options correctly","status":"passed","title":"should parse common options correctly","duration":23.778082999999924,"failureMessages":[],"location":{"line":355,"column":3},"meta":{}},{"ancestorTitles":["CommandParser","Option Parsing"],"fullName":"CommandParser Option Parsing should handle boolean flags correctly","status":"passed","title":"should handle boolean flags correctly","duration":27.55579200000011,"failureMessages":[],"location":{"line":391,"column":3},"meta":{}},{"ancestorTitles":["CommandParser","Route Management"],"fullName":"CommandParser Route Management should register routes correctly","status":"failed","title":"should register routes correctly","duration":10.936083000000053,"failureMessages":["AssertionError: expected false to be true // Object.is equality\n    at /Volumes/Development/Xaheen Enterprise/xaheen/packages/xaheen-cli/src/core/command-parser/index.unit.test.ts:443:39\n    at file:///Volumes/Development/Xaheen%20Enterprise/xaheen/node_modules/.pnpm/vitest@2.1.9_@types+node@22.17.0_@vitest+ui@2.1.9_lightningcss@1.30.1_terser@5.16.9/node_modules/vitest/node_modules/@vitest/runner/dist/index.js:146:14\n    at file:///Volumes/Development/Xaheen%20Enterprise/xaheen/node_modules/.pnpm/vitest@2.1.9_@types+node@22.17.0_@vitest+ui@2.1.9_lightningcss@1.30.1_terser@5.16.9/node_modules/vitest/node_modules/@vitest/runner/dist/index.js:533:11\n    at runWithTimeout (file:///Volumes/Development/Xaheen%20Enterprise/xaheen/node_modules/.pnpm/vitest@2.1.9_@types+node@22.17.0_@vitest+ui@2.1.9_lightningcss@1.30.1_terser@5.16.9/node_modules/vitest/node_modules/@vitest/runner/dist/index.js:39:7)\n    at runTest (file:///Volumes/Development/Xaheen%20Enterprise/xaheen/node_modules/.pnpm/vitest@2.1.9_@types+node@22.17.0_@vitest+ui@2.1.9_lightningcss@1.30.1_terser@5.16.9/node_modules/vitest/node_modules/@vitest/runner/dist/index.js:1056:17)\n    at runSuite (file:///Volumes/Development/Xaheen%20Enterprise/xaheen/node_modules/.pnpm/vitest@2.1.9_@types+node@22.17.0_@vitest+ui@2.1.9_lightningcss@1.30.1_terser@5.16.9/node_modules/vitest/node_modules/@vitest/runner/dist/index.js:1205:15)\n    at runSuite (file:///Volumes/Development/Xaheen%20Enterprise/xaheen/node_modules/.pnpm/vitest@2.1.9_@types+node@22.17.0_@vitest+ui@2.1.9_lightningcss@1.30.1_terser@5.16.9/node_modules/vitest/node_modules/@vitest/runner/dist/index.js:1205:15)\n    at runSuite (file:///Volumes/Development/Xaheen%20Enterprise/xaheen/node_modules/.pnpm/vitest@2.1.9_@types+node@22.17.0_@vitest+ui@2.1.9_lightningcss@1.30.1_terser@5.16.9/node_modules/vitest/node_modules/@vitest/runner/dist/index.js:1205:15)\n    at runFiles (file:///Volumes/Development/Xaheen%20Enterprise/xaheen/node_modules/.pnpm/vitest@2.1.9_@types+node@22.17.0_@vitest+ui@2.1.9_lightningcss@1.30.1_terser@5.16.9/node_modules/vitest/node_modules/@vitest/runner/dist/index.js:1262:5)\n    at startTests (file:///Volumes/Development/Xaheen%20Enterprise/xaheen/node_modules/.pnpm/vitest@2.1.9_@types+node@22.17.0_@vitest+ui@2.1.9_lightningcss@1.30.1_terser@5.16.9/node_modules/vitest/node_modules/@vitest/runner/dist/index.js:1271:3)","AssertionError: expected false to be true // Object.is equality\n    at /Volumes/Development/Xaheen Enterprise/xaheen/packages/xaheen-cli/src/core/command-parser/index.unit.test.ts:443:39\n    at file:///Volumes/Development/Xaheen%20Enterprise/xaheen/node_modules/.pnpm/vitest@2.1.9_@types+node@22.17.0_@vitest+ui@2.1.9_lightningcss@1.30.1_terser@5.16.9/node_modules/vitest/node_modules/@vitest/runner/dist/index.js:146:14\n    at file:///Volumes/Development/Xaheen%20Enterprise/xaheen/node_modules/.pnpm/vitest@2.1.9_@types+node@22.17.0_@vitest+ui@2.1.9_lightningcss@1.30.1_terser@5.16.9/node_modules/vitest/node_modules/@vitest/runner/dist/index.js:533:11\n    at runWithTimeout (file:///Volumes/Development/Xaheen%20Enterprise/xaheen/node_modules/.pnpm/vitest@2.1.9_@types+node@22.17.0_@vitest+ui@2.1.9_lightningcss@1.30.1_terser@5.16.9/node_modules/vitest/node_modules/@vitest/runner/dist/index.js:39:7)\n    at runTest (file:///Volumes/Development/Xaheen%20Enterprise/xaheen/node_modules/.pnpm/vitest@2.1.9_@types+node@22.17.0_@vitest+ui@2.1.9_lightningcss@1.30.1_terser@5.16.9/node_modules/vitest/node_modules/@vitest/runner/dist/index.js:1056:17)\n    at runSuite (file:///Volumes/Development/Xaheen%20Enterprise/xaheen/node_modules/.pnpm/vitest@2.1.9_@types+node@22.17.0_@vitest+ui@2.1.9_lightningcss@1.30.1_terser@5.16.9/node_modules/vitest/node_modules/@vitest/runner/dist/index.js:1205:15)\n    at runSuite (file:///Volumes/Development/Xaheen%20Enterprise/xaheen/node_modules/.pnpm/vitest@2.1.9_@types+node@22.17.0_@vitest+ui@2.1.9_lightningcss@1.30.1_terser@5.16.9/node_modules/vitest/node_modules/@vitest/runner/dist/index.js:1205:15)\n    at runSuite (file:///Volumes/Development/Xaheen%20Enterprise/xaheen/node_modules/.pnpm/vitest@2.1.9_@types+node@22.17.0_@vitest+ui@2.1.9_lightningcss@1.30.1_terser@5.16.9/node_modules/vitest/node_modules/@vitest/runner/dist/index.js:1205:15)\n    at runFiles (file:///Volumes/Development/Xaheen%20Enterprise/xaheen/node_modules/.pnpm/vitest@2.1.9_@types+node@22.17.0_@vitest+ui@2.1.9_lightningcss@1.30.1_terser@5.16.9/node_modules/vitest/node_modules/@vitest/runner/dist/index.js:1262:5)\n    at startTests (file:///Volumes/Development/Xaheen%20Enterprise/xaheen/node_modules/.pnpm/vitest@2.1.9_@types+node@22.17.0_@vitest+ui@2.1.9_lightningcss@1.30.1_terser@5.16.9/node_modules/vitest/node_modules/@vitest/runner/dist/index.js:1271:3)","AssertionError: expected false to be true // Object.is equality\n    at /Volumes/Development/Xaheen Enterprise/xaheen/packages/xaheen-cli/src/core/command-parser/index.unit.test.ts:443:39\n    at file:///Volumes/Development/Xaheen%20Enterprise/xaheen/node_modules/.pnpm/vitest@2.1.9_@types+node@22.17.0_@vitest+ui@2.1.9_lightningcss@1.30.1_terser@5.16.9/node_modules/vitest/node_modules/@vitest/runner/dist/index.js:146:14\n    at file:///Volumes/Development/Xaheen%20Enterprise/xaheen/node_modules/.pnpm/vitest@2.1.9_@types+node@22.17.0_@vitest+ui@2.1.9_lightningcss@1.30.1_terser@5.16.9/node_modules/vitest/node_modules/@vitest/runner/dist/index.js:533:11\n    at runWithTimeout (file:///Volumes/Development/Xaheen%20Enterprise/xaheen/node_modules/.pnpm/vitest@2.1.9_@types+node@22.17.0_@vitest+ui@2.1.9_lightningcss@1.30.1_terser@5.16.9/node_modules/vitest/node_modules/@vitest/runner/dist/index.js:39:7)\n    at runTest (file:///Volumes/Development/Xaheen%20Enterprise/xaheen/node_modules/.pnpm/vitest@2.1.9_@types+node@22.17.0_@vitest+ui@2.1.9_lightningcss@1.30.1_terser@5.16.9/node_modules/vitest/node_modules/@vitest/runner/dist/index.js:1056:17)\n    at runSuite (file:///Volumes/Development/Xaheen%20Enterprise/xaheen/node_modules/.pnpm/vitest@2.1.9_@types+node@22.17.0_@vitest+ui@2.1.9_lightningcss@1.30.1_terser@5.16.9/node_modules/vitest/node_modules/@vitest/runner/dist/index.js:1205:15)\n    at runSuite (file:///Volumes/Development/Xaheen%20Enterprise/xaheen/node_modules/.pnpm/vitest@2.1.9_@types+node@22.17.0_@vitest+ui@2.1.9_lightningcss@1.30.1_terser@5.16.9/node_modules/vitest/node_modules/@vitest/runner/dist/index.js:1205:15)\n    at runSuite (file:///Volumes/Development/Xaheen%20Enterprise/xaheen/node_modules/.pnpm/vitest@2.1.9_@types+node@22.17.0_@vitest+ui@2.1.9_lightningcss@1.30.1_terser@5.16.9/node_modules/vitest/node_modules/@vitest/runner/dist/index.js:1205:15)\n    at runFiles (file:///Volumes/Development/Xaheen%20Enterprise/xaheen/node_modules/.pnpm/vitest@2.1.9_@types+node@22.17.0_@vitest+ui@2.1.9_lightningcss@1.30.1_terser@5.16.9/node_modules/vitest/node_modules/@vitest/runner/dist/index.js:1262:5)\n    at startTests (file:///Volumes/Development/Xaheen%20Enterprise/xaheen/node_modules/.pnpm/vitest@2.1.9_@types+node@22.17.0_@vitest+ui@2.1.9_lightningcss@1.30.1_terser@5.16.9/node_modules/vitest/node_modules/@vitest/runner/dist/index.js:1271:3)"],"location":{"line":427,"column":3},"meta":{}},{"ancestorTitles":["CommandParser","Route Management"],"fullName":"CommandParser Route Management should have correct route metadata","status":"passed","title":"should have correct route metadata","duration":3.1277919999999995,"failureMessages":[],"location":{"line":447,"column":3},"meta":{}}],"startTime":1754475030955,"endTime":1754475031210.1277,"status":"failed","message":"","name":"/Volumes/Development/Xaheen Enterprise/xaheen/packages/xaheen-cli/src/core/command-parser/index.unit.test.ts"}]}