{"numTotalTestSuites":8,"numPassedTestSuites":0,"numFailedTestSuites":8,"numPendingTestSuites":0,"numTotalTests":17,"numPassedTests":0,"numFailedTests":17,"numPendingTests":0,"numTodoTests":0,"snapshot":{"added":0,"failure":false,"filesAdded":0,"filesRemoved":0,"filesRemovedList":[],"filesUnmatched":0,"filesUpdated":0,"matched":0,"total":0,"unchecked":0,"uncheckedKeysByFile":[],"unmatched":0,"updated":0,"didUpdate":false},"startTime":1754383488034,"success":false,"testResults":[{"assertionResults":[{"ancestorTitles":["AI Command","runCodebuffCLI"],"fullName":"AI Command runCodebuffCLI should execute codebuff with correct arguments","status":"failed","title":"should execute codebuff with correct arguments","duration":50.918499999999995,"failureMessages":["Error: Failed to load url xala-mcp (resolved id: xala-mcp) in /Volumes/Development/Xaheen Enterprise/xaheen/packages/xaheen-cli/src/services/mcp/mcp-client.service.ts. Does the file exist?\n    at loadAndTransform (file:///Volumes/Development/Xaheen%20Enterprise/xaheen/node_modules/vite/dist/node/chunks/dep-C6uTJdX2.js:51968:17)\n    at async ViteNodeServer._transformRequest (file:///Volumes/Development/Xaheen%20Enterprise/xaheen/node_modules/vite-node/dist/server.mjs:542:16)\n    at async ViteNodeServer._fetchModule (file:///Volumes/Development/Xaheen%20Enterprise/xaheen/node_modules/vite-node/dist/server.mjs:504:17)\n    at async Proxy.fetch (file:///Volumes/Development/Xaheen%20Enterprise/xaheen/node_modules/vitest/dist/chunks/resolveConfig.rBxzbVsl.js:6617:22)\n    at async MessagePort.onMessage (file:///Volumes/Development/Xaheen%20Enterprise/xaheen/node_modules/vitest/dist/chunks/index.68735LiX.js:91:20)","Error: Failed to load url xala-mcp (resolved id: xala-mcp) in /Volumes/Development/Xaheen Enterprise/xaheen/packages/xaheen-cli/src/services/mcp/mcp-client.service.ts. Does the file exist?\n    at loadAndTransform (file:///Volumes/Development/Xaheen%20Enterprise/xaheen/node_modules/vite/dist/node/chunks/dep-C6uTJdX2.js:51968:17)\n    at async ViteNodeServer._transformRequest (file:///Volumes/Development/Xaheen%20Enterprise/xaheen/node_modules/vite-node/dist/server.mjs:542:16)\n    at async ViteNodeServer._fetchModule (file:///Volumes/Development/Xaheen%20Enterprise/xaheen/node_modules/vite-node/dist/server.mjs:504:17)\n    at async Proxy.fetch (file:///Volumes/Development/Xaheen%20Enterprise/xaheen/node_modules/vitest/dist/chunks/resolveConfig.rBxzbVsl.js:6617:22)\n    at async MessagePort.onMessage (file:///Volumes/Development/Xaheen%20Enterprise/xaheen/node_modules/vitest/dist/chunks/index.68735LiX.js:91:20)"],"meta":{}},{"ancestorTitles":["AI Command","runCodebuffCLI"],"fullName":"AI Command runCodebuffCLI should handle codebuff execution errors","status":"failed","title":"should handle codebuff execution errors","duration":0.3795830000000251,"failureMessages":["Error: Failed to load url xala-mcp (resolved id: xala-mcp) in /Volumes/Development/Xaheen Enterprise/xaheen/packages/xaheen-cli/src/services/mcp/mcp-client.service.ts. Does the file exist?\n    at loadAndTransform (file:///Volumes/Development/Xaheen%20Enterprise/xaheen/node_modules/vite/dist/node/chunks/dep-C6uTJdX2.js:51968:17)\n    at async ViteNodeServer._transformRequest (file:///Volumes/Development/Xaheen%20Enterprise/xaheen/node_modules/vite-node/dist/server.mjs:542:16)\n    at async ViteNodeServer._fetchModule (file:///Volumes/Development/Xaheen%20Enterprise/xaheen/node_modules/vite-node/dist/server.mjs:504:17)\n    at async Proxy.fetch (file:///Volumes/Development/Xaheen%20Enterprise/xaheen/node_modules/vitest/dist/chunks/resolveConfig.rBxzbVsl.js:6617:22)\n    at async MessagePort.onMessage (file:///Volumes/Development/Xaheen%20Enterprise/xaheen/node_modules/vitest/dist/chunks/index.68735LiX.js:91:20)","Error: Failed to load url xala-mcp (resolved id: xala-mcp) in /Volumes/Development/Xaheen Enterprise/xaheen/packages/xaheen-cli/src/services/mcp/mcp-client.service.ts. Does the file exist?\n    at loadAndTransform (file:///Volumes/Development/Xaheen%20Enterprise/xaheen/node_modules/vite/dist/node/chunks/dep-C6uTJdX2.js:51968:17)\n    at async ViteNodeServer._transformRequest (file:///Volumes/Development/Xaheen%20Enterprise/xaheen/node_modules/vite-node/dist/server.mjs:542:16)\n    at async ViteNodeServer._fetchModule (file:///Volumes/Development/Xaheen%20Enterprise/xaheen/node_modules/vite-node/dist/server.mjs:504:17)\n    at async Proxy.fetch (file:///Volumes/Development/Xaheen%20Enterprise/xaheen/node_modules/vitest/dist/chunks/resolveConfig.rBxzbVsl.js:6617:22)\n    at async MessagePort.onMessage (file:///Volumes/Development/Xaheen%20Enterprise/xaheen/node_modules/vitest/dist/chunks/index.68735LiX.js:91:20)"],"meta":{}},{"ancestorTitles":["AI Command","runCodebuffCLI"],"fullName":"AI Command runCodebuffCLI should set model environment variable","status":"failed","title":"should set model environment variable","duration":0.338292000000024,"failureMessages":["Error: Failed to load url xala-mcp (resolved id: xala-mcp) in /Volumes/Development/Xaheen Enterprise/xaheen/packages/xaheen-cli/src/services/mcp/mcp-client.service.ts. Does the file exist?\n    at loadAndTransform (file:///Volumes/Development/Xaheen%20Enterprise/xaheen/node_modules/vite/dist/node/chunks/dep-C6uTJdX2.js:51968:17)\n    at async ViteNodeServer._transformRequest (file:///Volumes/Development/Xaheen%20Enterprise/xaheen/node_modules/vite-node/dist/server.mjs:542:16)\n    at async ViteNodeServer._fetchModule (file:///Volumes/Development/Xaheen%20Enterprise/xaheen/node_modules/vite-node/dist/server.mjs:504:17)\n    at async Proxy.fetch (file:///Volumes/Development/Xaheen%20Enterprise/xaheen/node_modules/vitest/dist/chunks/resolveConfig.rBxzbVsl.js:6617:22)\n    at async MessagePort.onMessage (file:///Volumes/Development/Xaheen%20Enterprise/xaheen/node_modules/vitest/dist/chunks/index.68735LiX.js:91:20)","Error: Failed to load url xala-mcp (resolved id: xala-mcp) in /Volumes/Development/Xaheen Enterprise/xaheen/packages/xaheen-cli/src/services/mcp/mcp-client.service.ts. Does the file exist?\n    at loadAndTransform (file:///Volumes/Development/Xaheen%20Enterprise/xaheen/node_modules/vite/dist/node/chunks/dep-C6uTJdX2.js:51968:17)\n    at async ViteNodeServer._transformRequest (file:///Volumes/Development/Xaheen%20Enterprise/xaheen/node_modules/vite-node/dist/server.mjs:542:16)\n    at async ViteNodeServer._fetchModule (file:///Volumes/Development/Xaheen%20Enterprise/xaheen/node_modules/vite-node/dist/server.mjs:504:17)\n    at async Proxy.fetch (file:///Volumes/Development/Xaheen%20Enterprise/xaheen/node_modules/vitest/dist/chunks/resolveConfig.rBxzbVsl.js:6617:22)\n    at async MessagePort.onMessage (file:///Volumes/Development/Xaheen%20Enterprise/xaheen/node_modules/vitest/dist/chunks/index.68735LiX.js:91:20)"],"meta":{}},{"ancestorTitles":["AI Command","codebuffCommand"],"fullName":"AI Command codebuffCommand should validate git repository before executing","status":"failed","title":"should validate git repository before executing","duration":0.2673340000000053,"failureMessages":["Error: Failed to load url xala-mcp (resolved id: xala-mcp) in /Volumes/Development/Xaheen Enterprise/xaheen/packages/xaheen-cli/src/services/mcp/mcp-client.service.ts. Does the file exist?\n    at loadAndTransform (file:///Volumes/Development/Xaheen%20Enterprise/xaheen/node_modules/vite/dist/node/chunks/dep-C6uTJdX2.js:51968:17)\n    at async ViteNodeServer._transformRequest (file:///Volumes/Development/Xaheen%20Enterprise/xaheen/node_modules/vite-node/dist/server.mjs:542:16)\n    at async ViteNodeServer._fetchModule (file:///Volumes/Development/Xaheen%20Enterprise/xaheen/node_modules/vite-node/dist/server.mjs:504:17)\n    at async Proxy.fetch (file:///Volumes/Development/Xaheen%20Enterprise/xaheen/node_modules/vitest/dist/chunks/resolveConfig.rBxzbVsl.js:6617:22)\n    at async MessagePort.onMessage (file:///Volumes/Development/Xaheen%20Enterprise/xaheen/node_modules/vitest/dist/chunks/index.68735LiX.js:91:20)","Error: Failed to load url xala-mcp (resolved id: xala-mcp) in /Volumes/Development/Xaheen Enterprise/xaheen/packages/xaheen-cli/src/services/mcp/mcp-client.service.ts. Does the file exist?\n    at loadAndTransform (file:///Volumes/Development/Xaheen%20Enterprise/xaheen/node_modules/vite/dist/node/chunks/dep-C6uTJdX2.js:51968:17)\n    at async ViteNodeServer._transformRequest (file:///Volumes/Development/Xaheen%20Enterprise/xaheen/node_modules/vite-node/dist/server.mjs:542:16)\n    at async ViteNodeServer._fetchModule (file:///Volumes/Development/Xaheen%20Enterprise/xaheen/node_modules/vite-node/dist/server.mjs:504:17)\n    at async Proxy.fetch (file:///Volumes/Development/Xaheen%20Enterprise/xaheen/node_modules/vitest/dist/chunks/resolveConfig.rBxzbVsl.js:6617:22)\n    at async MessagePort.onMessage (file:///Volumes/Development/Xaheen%20Enterprise/xaheen/node_modules/vitest/dist/chunks/index.68735LiX.js:91:20)"],"meta":{}},{"ancestorTitles":["AI Command","codebuffCommand"],"fullName":"AI Command codebuffCommand should check for uncommitted changes","status":"failed","title":"should check for uncommitted changes","duration":0.2333749999999668,"failureMessages":["Error: Failed to load url xala-mcp (resolved id: xala-mcp) in /Volumes/Development/Xaheen Enterprise/xaheen/packages/xaheen-cli/src/services/mcp/mcp-client.service.ts. Does the file exist?\n    at loadAndTransform (file:///Volumes/Development/Xaheen%20Enterprise/xaheen/node_modules/vite/dist/node/chunks/dep-C6uTJdX2.js:51968:17)\n    at async ViteNodeServer._transformRequest (file:///Volumes/Development/Xaheen%20Enterprise/xaheen/node_modules/vite-node/dist/server.mjs:542:16)\n    at async ViteNodeServer._fetchModule (file:///Volumes/Development/Xaheen%20Enterprise/xaheen/node_modules/vite-node/dist/server.mjs:504:17)\n    at async Proxy.fetch (file:///Volumes/Development/Xaheen%20Enterprise/xaheen/node_modules/vitest/dist/chunks/resolveConfig.rBxzbVsl.js:6617:22)\n    at async MessagePort.onMessage (file:///Volumes/Development/Xaheen%20Enterprise/xaheen/node_modules/vitest/dist/chunks/index.68735LiX.js:91:20)","Error: Failed to load url xala-mcp (resolved id: xala-mcp) in /Volumes/Development/Xaheen Enterprise/xaheen/packages/xaheen-cli/src/services/mcp/mcp-client.service.ts. Does the file exist?\n    at loadAndTransform (file:///Volumes/Development/Xaheen%20Enterprise/xaheen/node_modules/vite/dist/node/chunks/dep-C6uTJdX2.js:51968:17)\n    at async ViteNodeServer._transformRequest (file:///Volumes/Development/Xaheen%20Enterprise/xaheen/node_modules/vite-node/dist/server.mjs:542:16)\n    at async ViteNodeServer._fetchModule (file:///Volumes/Development/Xaheen%20Enterprise/xaheen/node_modules/vite-node/dist/server.mjs:504:17)\n    at async Proxy.fetch (file:///Volumes/Development/Xaheen%20Enterprise/xaheen/node_modules/vitest/dist/chunks/resolveConfig.rBxzbVsl.js:6617:22)\n    at async MessagePort.onMessage (file:///Volumes/Development/Xaheen%20Enterprise/xaheen/node_modules/vitest/dist/chunks/index.68735LiX.js:91:20)"],"meta":{}},{"ancestorTitles":["AI Command","codebuffCommand"],"fullName":"AI Command codebuffCommand should create codebuff index when index option is true","status":"failed","title":"should create codebuff index when index option is true","duration":0.2084159999999997,"failureMessages":["Error: Failed to load url xala-mcp (resolved id: xala-mcp) in /Volumes/Development/Xaheen Enterprise/xaheen/packages/xaheen-cli/src/services/mcp/mcp-client.service.ts. Does the file exist?\n    at loadAndTransform (file:///Volumes/Development/Xaheen%20Enterprise/xaheen/node_modules/vite/dist/node/chunks/dep-C6uTJdX2.js:51968:17)\n    at async ViteNodeServer._transformRequest (file:///Volumes/Development/Xaheen%20Enterprise/xaheen/node_modules/vite-node/dist/server.mjs:542:16)\n    at async ViteNodeServer._fetchModule (file:///Volumes/Development/Xaheen%20Enterprise/xaheen/node_modules/vite-node/dist/server.mjs:504:17)\n    at async Proxy.fetch (file:///Volumes/Development/Xaheen%20Enterprise/xaheen/node_modules/vitest/dist/chunks/resolveConfig.rBxzbVsl.js:6617:22)\n    at async MessagePort.onMessage (file:///Volumes/Development/Xaheen%20Enterprise/xaheen/node_modules/vitest/dist/chunks/index.68735LiX.js:91:20)","Error: Failed to load url xala-mcp (resolved id: xala-mcp) in /Volumes/Development/Xaheen Enterprise/xaheen/packages/xaheen-cli/src/services/mcp/mcp-client.service.ts. Does the file exist?\n    at loadAndTransform (file:///Volumes/Development/Xaheen%20Enterprise/xaheen/node_modules/vite/dist/node/chunks/dep-C6uTJdX2.js:51968:17)\n    at async ViteNodeServer._transformRequest (file:///Volumes/Development/Xaheen%20Enterprise/xaheen/node_modules/vite-node/dist/server.mjs:542:16)\n    at async ViteNodeServer._fetchModule (file:///Volumes/Development/Xaheen%20Enterprise/xaheen/node_modules/vite-node/dist/server.mjs:504:17)\n    at async Proxy.fetch (file:///Volumes/Development/Xaheen%20Enterprise/xaheen/node_modules/vitest/dist/chunks/resolveConfig.rBxzbVsl.js:6617:22)\n    at async MessagePort.onMessage (file:///Volumes/Development/Xaheen%20Enterprise/xaheen/node_modules/vitest/dist/chunks/index.68735LiX.js:91:20)"],"meta":{}},{"ancestorTitles":["AI Command","codebuffCommand"],"fullName":"AI Command codebuffCommand should show diff preview in interactive mode","status":"failed","title":"should show diff preview in interactive mode","duration":0.1897910000000138,"failureMessages":["Error: Failed to load url xala-mcp (resolved id: xala-mcp) in /Volumes/Development/Xaheen Enterprise/xaheen/packages/xaheen-cli/src/services/mcp/mcp-client.service.ts. Does the file exist?\n    at loadAndTransform (file:///Volumes/Development/Xaheen%20Enterprise/xaheen/node_modules/vite/dist/node/chunks/dep-C6uTJdX2.js:51968:17)\n    at async ViteNodeServer._transformRequest (file:///Volumes/Development/Xaheen%20Enterprise/xaheen/node_modules/vite-node/dist/server.mjs:542:16)\n    at async ViteNodeServer._fetchModule (file:///Volumes/Development/Xaheen%20Enterprise/xaheen/node_modules/vite-node/dist/server.mjs:504:17)\n    at async Proxy.fetch (file:///Volumes/Development/Xaheen%20Enterprise/xaheen/node_modules/vitest/dist/chunks/resolveConfig.rBxzbVsl.js:6617:22)\n    at async MessagePort.onMessage (file:///Volumes/Development/Xaheen%20Enterprise/xaheen/node_modules/vitest/dist/chunks/index.68735LiX.js:91:20)","Error: Failed to load url xala-mcp (resolved id: xala-mcp) in /Volumes/Development/Xaheen Enterprise/xaheen/packages/xaheen-cli/src/services/mcp/mcp-client.service.ts. Does the file exist?\n    at loadAndTransform (file:///Volumes/Development/Xaheen%20Enterprise/xaheen/node_modules/vite/dist/node/chunks/dep-C6uTJdX2.js:51968:17)\n    at async ViteNodeServer._transformRequest (file:///Volumes/Development/Xaheen%20Enterprise/xaheen/node_modules/vite-node/dist/server.mjs:542:16)\n    at async ViteNodeServer._fetchModule (file:///Volumes/Development/Xaheen%20Enterprise/xaheen/node_modules/vite-node/dist/server.mjs:504:17)\n    at async Proxy.fetch (file:///Volumes/Development/Xaheen%20Enterprise/xaheen/node_modules/vitest/dist/chunks/resolveConfig.rBxzbVsl.js:6617:22)\n    at async MessagePort.onMessage (file:///Volumes/Development/Xaheen%20Enterprise/xaheen/node_modules/vitest/dist/chunks/index.68735LiX.js:91:20)"],"meta":{}},{"ancestorTitles":["AI Command","codebuffCommand"],"fullName":"AI Command codebuffCommand should apply patch when confirmed","status":"failed","title":"should apply patch when confirmed","duration":0.186458000000016,"failureMessages":["Error: Failed to load url xala-mcp (resolved id: xala-mcp) in /Volumes/Development/Xaheen Enterprise/xaheen/packages/xaheen-cli/src/services/mcp/mcp-client.service.ts. Does the file exist?\n    at loadAndTransform (file:///Volumes/Development/Xaheen%20Enterprise/xaheen/node_modules/vite/dist/node/chunks/dep-C6uTJdX2.js:51968:17)\n    at async ViteNodeServer._transformRequest (file:///Volumes/Development/Xaheen%20Enterprise/xaheen/node_modules/vite-node/dist/server.mjs:542:16)\n    at async ViteNodeServer._fetchModule (file:///Volumes/Development/Xaheen%20Enterprise/xaheen/node_modules/vite-node/dist/server.mjs:504:17)\n    at async Proxy.fetch (file:///Volumes/Development/Xaheen%20Enterprise/xaheen/node_modules/vitest/dist/chunks/resolveConfig.rBxzbVsl.js:6617:22)\n    at async MessagePort.onMessage (file:///Volumes/Development/Xaheen%20Enterprise/xaheen/node_modules/vitest/dist/chunks/index.68735LiX.js:91:20)","Error: Failed to load url xala-mcp (resolved id: xala-mcp) in /Volumes/Development/Xaheen Enterprise/xaheen/packages/xaheen-cli/src/services/mcp/mcp-client.service.ts. Does the file exist?\n    at loadAndTransform (file:///Volumes/Development/Xaheen%20Enterprise/xaheen/node_modules/vite/dist/node/chunks/dep-C6uTJdX2.js:51968:17)\n    at async ViteNodeServer._transformRequest (file:///Volumes/Development/Xaheen%20Enterprise/xaheen/node_modules/vite-node/dist/server.mjs:542:16)\n    at async ViteNodeServer._fetchModule (file:///Volumes/Development/Xaheen%20Enterprise/xaheen/node_modules/vite-node/dist/server.mjs:504:17)\n    at async Proxy.fetch (file:///Volumes/Development/Xaheen%20Enterprise/xaheen/node_modules/vitest/dist/chunks/resolveConfig.rBxzbVsl.js:6617:22)\n    at async MessagePort.onMessage (file:///Volumes/Development/Xaheen%20Enterprise/xaheen/node_modules/vitest/dist/chunks/index.68735LiX.js:91:20)"],"meta":{}},{"ancestorTitles":["AI Command","codebuffCommand"],"fullName":"AI Command codebuffCommand should skip patch application in dry run mode","status":"failed","title":"should skip patch application in dry run mode","duration":0.20949999999999136,"failureMessages":["Error: Failed to load url xala-mcp (resolved id: xala-mcp) in /Volumes/Development/Xaheen Enterprise/xaheen/packages/xaheen-cli/src/services/mcp/mcp-client.service.ts. Does the file exist?\n    at loadAndTransform (file:///Volumes/Development/Xaheen%20Enterprise/xaheen/node_modules/vite/dist/node/chunks/dep-C6uTJdX2.js:51968:17)\n    at async ViteNodeServer._transformRequest (file:///Volumes/Development/Xaheen%20Enterprise/xaheen/node_modules/vite-node/dist/server.mjs:542:16)\n    at async ViteNodeServer._fetchModule (file:///Volumes/Development/Xaheen%20Enterprise/xaheen/node_modules/vite-node/dist/server.mjs:504:17)\n    at async Proxy.fetch (file:///Volumes/Development/Xaheen%20Enterprise/xaheen/node_modules/vitest/dist/chunks/resolveConfig.rBxzbVsl.js:6617:22)\n    at async MessagePort.onMessage (file:///Volumes/Development/Xaheen%20Enterprise/xaheen/node_modules/vitest/dist/chunks/index.68735LiX.js:91:20)","Error: Failed to load url xala-mcp (resolved id: xala-mcp) in /Volumes/Development/Xaheen Enterprise/xaheen/packages/xaheen-cli/src/services/mcp/mcp-client.service.ts. Does the file exist?\n    at loadAndTransform (file:///Volumes/Development/Xaheen%20Enterprise/xaheen/node_modules/vite/dist/node/chunks/dep-C6uTJdX2.js:51968:17)\n    at async ViteNodeServer._transformRequest (file:///Volumes/Development/Xaheen%20Enterprise/xaheen/node_modules/vite-node/dist/server.mjs:542:16)\n    at async ViteNodeServer._fetchModule (file:///Volumes/Development/Xaheen%20Enterprise/xaheen/node_modules/vite-node/dist/server.mjs:504:17)\n    at async Proxy.fetch (file:///Volumes/Development/Xaheen%20Enterprise/xaheen/node_modules/vitest/dist/chunks/resolveConfig.rBxzbVsl.js:6617:22)\n    at async MessagePort.onMessage (file:///Volumes/Development/Xaheen%20Enterprise/xaheen/node_modules/vitest/dist/chunks/index.68735LiX.js:91:20)"],"meta":{}},{"ancestorTitles":["AI Command","fixTestsCommand"],"fullName":"AI Command fixTestsCommand should execute test fixing logic","status":"failed","title":"should execute test fixing logic","duration":0.22362499999997,"failureMessages":["Error: Failed to load url xala-mcp (resolved id: xala-mcp) in /Volumes/Development/Xaheen Enterprise/xaheen/packages/xaheen-cli/src/services/mcp/mcp-client.service.ts. Does the file exist?\n    at loadAndTransform (file:///Volumes/Development/Xaheen%20Enterprise/xaheen/node_modules/vite/dist/node/chunks/dep-C6uTJdX2.js:51968:17)\n    at async ViteNodeServer._transformRequest (file:///Volumes/Development/Xaheen%20Enterprise/xaheen/node_modules/vite-node/dist/server.mjs:542:16)\n    at async ViteNodeServer._fetchModule (file:///Volumes/Development/Xaheen%20Enterprise/xaheen/node_modules/vite-node/dist/server.mjs:504:17)\n    at async Proxy.fetch (file:///Volumes/Development/Xaheen%20Enterprise/xaheen/node_modules/vitest/dist/chunks/resolveConfig.rBxzbVsl.js:6617:22)\n    at async MessagePort.onMessage (file:///Volumes/Development/Xaheen%20Enterprise/xaheen/node_modules/vitest/dist/chunks/index.68735LiX.js:91:20)","Error: Failed to load url xala-mcp (resolved id: xala-mcp) in /Volumes/Development/Xaheen Enterprise/xaheen/packages/xaheen-cli/src/services/mcp/mcp-client.service.ts. Does the file exist?\n    at loadAndTransform (file:///Volumes/Development/Xaheen%20Enterprise/xaheen/node_modules/vite/dist/node/chunks/dep-C6uTJdX2.js:51968:17)\n    at async ViteNodeServer._transformRequest (file:///Volumes/Development/Xaheen%20Enterprise/xaheen/node_modules/vite-node/dist/server.mjs:542:16)\n    at async ViteNodeServer._fetchModule (file:///Volumes/Development/Xaheen%20Enterprise/xaheen/node_modules/vite-node/dist/server.mjs:504:17)\n    at async Proxy.fetch (file:///Volumes/Development/Xaheen%20Enterprise/xaheen/node_modules/vitest/dist/chunks/resolveConfig.rBxzbVsl.js:6617:22)\n    at async MessagePort.onMessage (file:///Volumes/Development/Xaheen%20Enterprise/xaheen/node_modules/vitest/dist/chunks/index.68735LiX.js:91:20)"],"meta":{}},{"ancestorTitles":["AI Command","fixTestsCommand"],"fullName":"AI Command fixTestsCommand should handle test fixing errors","status":"failed","title":"should handle test fixing errors","duration":0.17054100000001426,"failureMessages":["Error: Failed to load url xala-mcp (resolved id: xala-mcp) in /Volumes/Development/Xaheen Enterprise/xaheen/packages/xaheen-cli/src/services/mcp/mcp-client.service.ts. Does the file exist?\n    at loadAndTransform (file:///Volumes/Development/Xaheen%20Enterprise/xaheen/node_modules/vite/dist/node/chunks/dep-C6uTJdX2.js:51968:17)\n    at async ViteNodeServer._transformRequest (file:///Volumes/Development/Xaheen%20Enterprise/xaheen/node_modules/vite-node/dist/server.mjs:542:16)\n    at async ViteNodeServer._fetchModule (file:///Volumes/Development/Xaheen%20Enterprise/xaheen/node_modules/vite-node/dist/server.mjs:504:17)\n    at async Proxy.fetch (file:///Volumes/Development/Xaheen%20Enterprise/xaheen/node_modules/vitest/dist/chunks/resolveConfig.rBxzbVsl.js:6617:22)\n    at async MessagePort.onMessage (file:///Volumes/Development/Xaheen%20Enterprise/xaheen/node_modules/vitest/dist/chunks/index.68735LiX.js:91:20)","Error: Failed to load url xala-mcp (resolved id: xala-mcp) in /Volumes/Development/Xaheen Enterprise/xaheen/packages/xaheen-cli/src/services/mcp/mcp-client.service.ts. Does the file exist?\n    at loadAndTransform (file:///Volumes/Development/Xaheen%20Enterprise/xaheen/node_modules/vite/dist/node/chunks/dep-C6uTJdX2.js:51968:17)\n    at async ViteNodeServer._transformRequest (file:///Volumes/Development/Xaheen%20Enterprise/xaheen/node_modules/vite-node/dist/server.mjs:542:16)\n    at async ViteNodeServer._fetchModule (file:///Volumes/Development/Xaheen%20Enterprise/xaheen/node_modules/vite-node/dist/server.mjs:504:17)\n    at async Proxy.fetch (file:///Volumes/Development/Xaheen%20Enterprise/xaheen/node_modules/vitest/dist/chunks/resolveConfig.rBxzbVsl.js:6617:22)\n    at async MessagePort.onMessage (file:///Volumes/Development/Xaheen%20Enterprise/xaheen/node_modules/vitest/dist/chunks/index.68735LiX.js:91:20)"],"meta":{}},{"ancestorTitles":["AI Command","norwegianComplianceCommand"],"fullName":"AI Command norwegianComplianceCommand should execute Norwegian compliance checking","status":"failed","title":"should execute Norwegian compliance checking","duration":0.22154199999999946,"failureMessages":["Error: Failed to load url xala-mcp (resolved id: xala-mcp) in /Volumes/Development/Xaheen Enterprise/xaheen/packages/xaheen-cli/src/services/mcp/mcp-client.service.ts. Does the file exist?\n    at loadAndTransform (file:///Volumes/Development/Xaheen%20Enterprise/xaheen/node_modules/vite/dist/node/chunks/dep-C6uTJdX2.js:51968:17)\n    at async ViteNodeServer._transformRequest (file:///Volumes/Development/Xaheen%20Enterprise/xaheen/node_modules/vite-node/dist/server.mjs:542:16)\n    at async ViteNodeServer._fetchModule (file:///Volumes/Development/Xaheen%20Enterprise/xaheen/node_modules/vite-node/dist/server.mjs:504:17)\n    at async Proxy.fetch (file:///Volumes/Development/Xaheen%20Enterprise/xaheen/node_modules/vitest/dist/chunks/resolveConfig.rBxzbVsl.js:6617:22)\n    at async MessagePort.onMessage (file:///Volumes/Development/Xaheen%20Enterprise/xaheen/node_modules/vitest/dist/chunks/index.68735LiX.js:91:20)","Error: Failed to load url xala-mcp (resolved id: xala-mcp) in /Volumes/Development/Xaheen Enterprise/xaheen/packages/xaheen-cli/src/services/mcp/mcp-client.service.ts. Does the file exist?\n    at loadAndTransform (file:///Volumes/Development/Xaheen%20Enterprise/xaheen/node_modules/vite/dist/node/chunks/dep-C6uTJdX2.js:51968:17)\n    at async ViteNodeServer._transformRequest (file:///Volumes/Development/Xaheen%20Enterprise/xaheen/node_modules/vite-node/dist/server.mjs:542:16)\n    at async ViteNodeServer._fetchModule (file:///Volumes/Development/Xaheen%20Enterprise/xaheen/node_modules/vite-node/dist/server.mjs:504:17)\n    at async Proxy.fetch (file:///Volumes/Development/Xaheen%20Enterprise/xaheen/node_modules/vitest/dist/chunks/resolveConfig.rBxzbVsl.js:6617:22)\n    at async MessagePort.onMessage (file:///Volumes/Development/Xaheen%20Enterprise/xaheen/node_modules/vitest/dist/chunks/index.68735LiX.js:91:20)"],"meta":{}},{"ancestorTitles":["AI Command","norwegianComplianceCommand"],"fullName":"AI Command norwegianComplianceCommand should include Norwegian regulations in prompt","status":"failed","title":"should include Norwegian regulations in prompt","duration":0.18020799999999326,"failureMessages":["Error: Failed to load url xala-mcp (resolved id: xala-mcp) in /Volumes/Development/Xaheen Enterprise/xaheen/packages/xaheen-cli/src/services/mcp/mcp-client.service.ts. Does the file exist?\n    at loadAndTransform (file:///Volumes/Development/Xaheen%20Enterprise/xaheen/node_modules/vite/dist/node/chunks/dep-C6uTJdX2.js:51968:17)\n    at async ViteNodeServer._transformRequest (file:///Volumes/Development/Xaheen%20Enterprise/xaheen/node_modules/vite-node/dist/server.mjs:542:16)\n    at async ViteNodeServer._fetchModule (file:///Volumes/Development/Xaheen%20Enterprise/xaheen/node_modules/vite-node/dist/server.mjs:504:17)\n    at async Proxy.fetch (file:///Volumes/Development/Xaheen%20Enterprise/xaheen/node_modules/vitest/dist/chunks/resolveConfig.rBxzbVsl.js:6617:22)\n    at async MessagePort.onMessage (file:///Volumes/Development/Xaheen%20Enterprise/xaheen/node_modules/vitest/dist/chunks/index.68735LiX.js:91:20)","Error: Failed to load url xala-mcp (resolved id: xala-mcp) in /Volumes/Development/Xaheen Enterprise/xaheen/packages/xaheen-cli/src/services/mcp/mcp-client.service.ts. Does the file exist?\n    at loadAndTransform (file:///Volumes/Development/Xaheen%20Enterprise/xaheen/node_modules/vite/dist/node/chunks/dep-C6uTJdX2.js:51968:17)\n    at async ViteNodeServer._transformRequest (file:///Volumes/Development/Xaheen%20Enterprise/xaheen/node_modules/vite-node/dist/server.mjs:542:16)\n    at async ViteNodeServer._fetchModule (file:///Volumes/Development/Xaheen%20Enterprise/xaheen/node_modules/vite-node/dist/server.mjs:504:17)\n    at async Proxy.fetch (file:///Volumes/Development/Xaheen%20Enterprise/xaheen/node_modules/vitest/dist/chunks/resolveConfig.rBxzbVsl.js:6617:22)\n    at async MessagePort.onMessage (file:///Volumes/Development/Xaheen%20Enterprise/xaheen/node_modules/vitest/dist/chunks/index.68735LiX.js:91:20)"],"meta":{}},{"ancestorTitles":["AI Command","AI Refactoring Integration"],"fullName":"AI Command AI Refactoring Integration should use AI refactoring generator for complex operations","status":"failed","title":"should use AI refactoring generator for complex operations","duration":1.814333999999974,"failureMessages":["TypeError: mockRefactoringGenerator.generate is not a function\n    at /Volumes/Development/Xaheen Enterprise/xaheen/packages/xaheen-cli/src/commands/ai.unit.test.ts:446:35\n    at file:///Volumes/Development/Xaheen%20Enterprise/xaheen/node_modules/@vitest/runner/dist/index.js:146:14\n    at file:///Volumes/Development/Xaheen%20Enterprise/xaheen/node_modules/@vitest/runner/dist/index.js:533:11\n    at runWithTimeout (file:///Volumes/Development/Xaheen%20Enterprise/xaheen/node_modules/@vitest/runner/dist/index.js:39:7)\n    at runTest (file:///Volumes/Development/Xaheen%20Enterprise/xaheen/node_modules/@vitest/runner/dist/index.js:1056:17)\n    at runSuite (file:///Volumes/Development/Xaheen%20Enterprise/xaheen/node_modules/@vitest/runner/dist/index.js:1205:15)\n    at runSuite (file:///Volumes/Development/Xaheen%20Enterprise/xaheen/node_modules/@vitest/runner/dist/index.js:1205:15)\n    at runSuite (file:///Volumes/Development/Xaheen%20Enterprise/xaheen/node_modules/@vitest/runner/dist/index.js:1205:15)\n    at runFiles (file:///Volumes/Development/Xaheen%20Enterprise/xaheen/node_modules/@vitest/runner/dist/index.js:1262:5)\n    at startTests (file:///Volumes/Development/Xaheen%20Enterprise/xaheen/node_modules/@vitest/runner/dist/index.js:1271:3)","TypeError: mockRefactoringGenerator.generate is not a function\n    at /Volumes/Development/Xaheen Enterprise/xaheen/packages/xaheen-cli/src/commands/ai.unit.test.ts:446:35\n    at file:///Volumes/Development/Xaheen%20Enterprise/xaheen/node_modules/@vitest/runner/dist/index.js:146:14\n    at file:///Volumes/Development/Xaheen%20Enterprise/xaheen/node_modules/@vitest/runner/dist/index.js:533:11\n    at runWithTimeout (file:///Volumes/Development/Xaheen%20Enterprise/xaheen/node_modules/@vitest/runner/dist/index.js:39:7)\n    at runTest (file:///Volumes/Development/Xaheen%20Enterprise/xaheen/node_modules/@vitest/runner/dist/index.js:1056:17)\n    at runSuite (file:///Volumes/Development/Xaheen%20Enterprise/xaheen/node_modules/@vitest/runner/dist/index.js:1205:15)\n    at runSuite (file:///Volumes/Development/Xaheen%20Enterprise/xaheen/node_modules/@vitest/runner/dist/index.js:1205:15)\n    at runSuite (file:///Volumes/Development/Xaheen%20Enterprise/xaheen/node_modules/@vitest/runner/dist/index.js:1205:15)\n    at runFiles (file:///Volumes/Development/Xaheen%20Enterprise/xaheen/node_modules/@vitest/runner/dist/index.js:1262:5)\n    at startTests (file:///Volumes/Development/Xaheen%20Enterprise/xaheen/node_modules/@vitest/runner/dist/index.js:1271:3)"],"meta":{}},{"ancestorTitles":["AI Command","AI Refactoring Integration"],"fullName":"AI Command AI Refactoring Integration should handle refactoring generator errors","status":"failed","title":"should handle refactoring generator errors","duration":0.36283299999996643,"failureMessages":["TypeError: Cannot read properties of undefined (reading 'mockRejectedValue')\n    at /Volumes/Development/Xaheen Enterprise/xaheen/packages/xaheen-cli/src/commands/ai.unit.test.ts:452:38\n    at file:///Volumes/Development/Xaheen%20Enterprise/xaheen/node_modules/@vitest/runner/dist/index.js:146:14\n    at file:///Volumes/Development/Xaheen%20Enterprise/xaheen/node_modules/@vitest/runner/dist/index.js:533:11\n    at runWithTimeout (file:///Volumes/Development/Xaheen%20Enterprise/xaheen/node_modules/@vitest/runner/dist/index.js:39:7)\n    at runTest (file:///Volumes/Development/Xaheen%20Enterprise/xaheen/node_modules/@vitest/runner/dist/index.js:1056:17)\n    at runSuite (file:///Volumes/Development/Xaheen%20Enterprise/xaheen/node_modules/@vitest/runner/dist/index.js:1205:15)\n    at runSuite (file:///Volumes/Development/Xaheen%20Enterprise/xaheen/node_modules/@vitest/runner/dist/index.js:1205:15)\n    at runSuite (file:///Volumes/Development/Xaheen%20Enterprise/xaheen/node_modules/@vitest/runner/dist/index.js:1205:15)\n    at runFiles (file:///Volumes/Development/Xaheen%20Enterprise/xaheen/node_modules/@vitest/runner/dist/index.js:1262:5)\n    at startTests (file:///Volumes/Development/Xaheen%20Enterprise/xaheen/node_modules/@vitest/runner/dist/index.js:1271:3)","TypeError: Cannot read properties of undefined (reading 'mockRejectedValue')\n    at /Volumes/Development/Xaheen Enterprise/xaheen/packages/xaheen-cli/src/commands/ai.unit.test.ts:452:38\n    at file:///Volumes/Development/Xaheen%20Enterprise/xaheen/node_modules/@vitest/runner/dist/index.js:146:14\n    at file:///Volumes/Development/Xaheen%20Enterprise/xaheen/node_modules/@vitest/runner/dist/index.js:533:11\n    at runWithTimeout (file:///Volumes/Development/Xaheen%20Enterprise/xaheen/node_modules/@vitest/runner/dist/index.js:39:7)\n    at runTest (file:///Volumes/Development/Xaheen%20Enterprise/xaheen/node_modules/@vitest/runner/dist/index.js:1056:17)\n    at runSuite (file:///Volumes/Development/Xaheen%20Enterprise/xaheen/node_modules/@vitest/runner/dist/index.js:1205:15)\n    at runSuite (file:///Volumes/Development/Xaheen%20Enterprise/xaheen/node_modules/@vitest/runner/dist/index.js:1205:15)\n    at runSuite (file:///Volumes/Development/Xaheen%20Enterprise/xaheen/node_modules/@vitest/runner/dist/index.js:1205:15)\n    at runFiles (file:///Volumes/Development/Xaheen%20Enterprise/xaheen/node_modules/@vitest/runner/dist/index.js:1262:5)\n    at startTests (file:///Volumes/Development/Xaheen%20Enterprise/xaheen/node_modules/@vitest/runner/dist/index.js:1271:3)"],"meta":{}},{"ancestorTitles":["AI Command","Git Integration"],"fullName":"AI Command Git Integration should validate git repository before operations","status":"failed","title":"should validate git repository before operations","duration":0.2334589999999821,"failureMessages":["Error: Failed to load url xala-mcp (resolved id: xala-mcp) in /Volumes/Development/Xaheen Enterprise/xaheen/packages/xaheen-cli/src/services/mcp/mcp-client.service.ts. Does the file exist?\n    at loadAndTransform (file:///Volumes/Development/Xaheen%20Enterprise/xaheen/node_modules/vite/dist/node/chunks/dep-C6uTJdX2.js:51968:17)\n    at async ViteNodeServer._transformRequest (file:///Volumes/Development/Xaheen%20Enterprise/xaheen/node_modules/vite-node/dist/server.mjs:542:16)\n    at async ViteNodeServer._fetchModule (file:///Volumes/Development/Xaheen%20Enterprise/xaheen/node_modules/vite-node/dist/server.mjs:504:17)\n    at async Proxy.fetch (file:///Volumes/Development/Xaheen%20Enterprise/xaheen/node_modules/vitest/dist/chunks/resolveConfig.rBxzbVsl.js:6617:22)\n    at async MessagePort.onMessage (file:///Volumes/Development/Xaheen%20Enterprise/xaheen/node_modules/vitest/dist/chunks/index.68735LiX.js:91:20)","Error: Failed to load url xala-mcp (resolved id: xala-mcp) in /Volumes/Development/Xaheen Enterprise/xaheen/packages/xaheen-cli/src/services/mcp/mcp-client.service.ts. Does the file exist?\n    at loadAndTransform (file:///Volumes/Development/Xaheen%20Enterprise/xaheen/node_modules/vite/dist/node/chunks/dep-C6uTJdX2.js:51968:17)\n    at async ViteNodeServer._transformRequest (file:///Volumes/Development/Xaheen%20Enterprise/xaheen/node_modules/vite-node/dist/server.mjs:542:16)\n    at async ViteNodeServer._fetchModule (file:///Volumes/Development/Xaheen%20Enterprise/xaheen/node_modules/vite-node/dist/server.mjs:504:17)\n    at async Proxy.fetch (file:///Volumes/Development/Xaheen%20Enterprise/xaheen/node_modules/vitest/dist/chunks/resolveConfig.rBxzbVsl.js:6617:22)\n    at async MessagePort.onMessage (file:///Volumes/Development/Xaheen%20Enterprise/xaheen/node_modules/vitest/dist/chunks/index.68735LiX.js:91:20)"],"meta":{}},{"ancestorTitles":["AI Command","Git Integration"],"fullName":"AI Command Git Integration should handle auto-commit when enabled","status":"failed","title":"should handle auto-commit when enabled","duration":0.26799999999997226,"failureMessages":["Error: Failed to load url xala-mcp (resolved id: xala-mcp) in /Volumes/Development/Xaheen Enterprise/xaheen/packages/xaheen-cli/src/services/mcp/mcp-client.service.ts. Does the file exist?\n    at loadAndTransform (file:///Volumes/Development/Xaheen%20Enterprise/xaheen/node_modules/vite/dist/node/chunks/dep-C6uTJdX2.js:51968:17)\n    at async ViteNodeServer._transformRequest (file:///Volumes/Development/Xaheen%20Enterprise/xaheen/node_modules/vite-node/dist/server.mjs:542:16)\n    at async ViteNodeServer._fetchModule (file:///Volumes/Development/Xaheen%20Enterprise/xaheen/node_modules/vite-node/dist/server.mjs:504:17)\n    at async Proxy.fetch (file:///Volumes/Development/Xaheen%20Enterprise/xaheen/node_modules/vitest/dist/chunks/resolveConfig.rBxzbVsl.js:6617:22)\n    at async MessagePort.onMessage (file:///Volumes/Development/Xaheen%20Enterprise/xaheen/node_modules/vitest/dist/chunks/index.68735LiX.js:91:20)","Error: Failed to load url xala-mcp (resolved id: xala-mcp) in /Volumes/Development/Xaheen Enterprise/xaheen/packages/xaheen-cli/src/services/mcp/mcp-client.service.ts. Does the file exist?\n    at loadAndTransform (file:///Volumes/Development/Xaheen%20Enterprise/xaheen/node_modules/vite/dist/node/chunks/dep-C6uTJdX2.js:51968:17)\n    at async ViteNodeServer._transformRequest (file:///Volumes/Development/Xaheen%20Enterprise/xaheen/node_modules/vite-node/dist/server.mjs:542:16)\n    at async ViteNodeServer._fetchModule (file:///Volumes/Development/Xaheen%20Enterprise/xaheen/node_modules/vite-node/dist/server.mjs:504:17)\n    at async Proxy.fetch (file:///Volumes/Development/Xaheen%20Enterprise/xaheen/node_modules/vitest/dist/chunks/resolveConfig.rBxzbVsl.js:6617:22)\n    at async MessagePort.onMessage (file:///Volumes/Development/Xaheen%20Enterprise/xaheen/node_modules/vitest/dist/chunks/index.68735LiX.js:91:20)"],"meta":{}}],"startTime":1754383488180,"endTime":1754383488236.3628,"status":"failed","message":"","name":"/Volumes/Development/Xaheen Enterprise/xaheen/packages/xaheen-cli/src/commands/ai.unit.test.ts"}]}